=======================================================
Training execution heads  [GOLD]
=======================================================

Building MarketEncoder:
  PatchEmbedding: 48 bars ? 52 features -> 12 patches ? 128 dims (patch_dim=208)
  CLS token: shape (1, 1, 128)
  Positional encoding: 13 positions ? 128 dims
  Transformer: 4 layers ? 4 heads ? 128 dims
  Projection: 128 -> 256 -> 128 (z_dim)

  Total parameters:     888,448
  Trainable parameters: 888,448
Loaded encoder from epoch 180

=======================================================
DataPipeline.build()  [GOLD]
=======================================================

[1/5] Fetching market data...

=======================================================
DataFetcher: 2024-05-26 -> 2026-05-25  |  interval=1h  |  GOLD
=======================================================
  Loading gold from cache (GC_F_1h_2024-05-26_2026-05-25.parquet)...

  GOLD bars: 11,389
  Date range: 2024-05-26 -> 2026-05-22
  Loading dxy from cache (DX_Y.NYB_1h_2024-05-26_2026-05-25.parquet)...
  dxy     : 11,871 bars
  Loading gvz from cache (GVZ_1h_2024-05-26_2026-05-25.parquet)...
  gvz     : 3,465 bars
  Loading tlt from cache (TLT_1h_2024-05-26_2026-05-25.parquet)...
  tlt     : 3,460 bars
  Loading silver from cache (SI_F_1h_2024-05-26_2026-05-25.parquet)...
  silver  : 11,386 bars

  Macro columns:  ['dxy', 'gvz', 'tlt', 'silver']
  Missing values: {'dxy': 0, 'gvz': 65, 'tlt': 66, 'silver': 0}
  Raw bars: 11,389

[2/5] Computing 52 features...
  Computing Group A: Returns...
  Computing Group B: Volatility...
  Computing Group C: Momentum/Trend...
  Computing Group D: Price Structure...
  Computing Group E: Session/Time...
  Computing Group F: Macro...

  Feature matrix shape: (11139, 52)
  NaN count after cleanup: 0
  Timestamp range: 2024-06-11 18:00:00 -> 2026-05-22 20:00:00
  After warm-up trim: (11139, 52)

[3/5] Building action vectors...
  Action shape: (11139, 5)  (5 macro signals per bar)

[4/5] Applying rolling z-score normalization...
  Clipped 1,674 values beyond +-5 sigma
  Normalized stats: mean=0.0102  std=1.0631

[5/5] Creating walk-forward train/val/test splits...
  Train: 7,797 bars  (2024-06-11 -> 2025-10-20)
  Val:   1,670 bars  (2025-10-20 -> 2026-02-08)
  Test:  1,672 bars  (2026-02-09 -> 2026-05-22)
  MarketWindowDataset: 7797 bars -> 7748 samples (lookback=48, stride=1, history_len=3)
  MarketWindowDataset: 1670 bars -> 406 samples (lookback=48, stride=4, history_len=3)
  MarketWindowDataset: 1672 bars -> 1623 samples (lookback=48, stride=1, history_len=3)

----------------------------------------
Pipeline complete.
  Train samples: 7,748
  Val samples:   406
  Test samples:  1,623
  Feature dim:   52
  Action dim:    5
  Lookback:      48 bars
----------------------------------------

[1/4] Encoding train split...
  Z_train: (7750, 128)

[2/4] Encoding val split...
  Z_val:   (1623, 128)

[3/4] Computing labels...
  Trend-adjusted labels: rolling median window=200
  Vol thresholds (train p33/p67): -0.599 / 0.235
  Direction label balance (train): 0.504  (0.5 = perfect)
  Train: 7,742 labeled  7,750 vol-labeled
  Val:   1,615 labeled  1,623 vol-labeled

[4/4] Training heads...
  VolatilityHead  (3-class)  ...  val acc=0.461  auc=0.622
  DirectionalHead (binary)   ...  val acc=0.543  auc=0.558
  MagnitudeHead   (regress)  ...  val mae=0.03689  r=0.016
  Magnitude threshold (p50 train preds): 0.042216  [train range 0.0306ñ0.0781]

=======================================================
EXECUTION HEAD TRAINING RESULTS
=======================================================

  VolatilityHead  (3-class)  (chance=0.333)
    val accuracy : 0.461  (chance=0.333)
    val AUC      : 0.622

  DirectionalHead (binary)
    val accuracy : 0.543  (chance=0.500)
    val AUC      : 0.558

  MagnitudeHead   (regression)
    val MAE      : 0.03689
    val Pearson r: 0.016

  Vol thresholds (p33/p67): -0.599 / 0.235
  Train labeled: 7,742  Val labeled: 1,615
=======================================================

Saved execution layer: experiments\heads_gold\execution_layer.pt
Saved metrics:         experiments\heads_gold\metrics.json
