2026-06-02 21:06:58  INFO      Logging to experiments\live_20260603_000658.log
2026-06-02 21:06:58  INFO      Loaded encoder + predictor from ./experiments/checkpoints/best_model.pt (epoch 180)
2026-06-02 21:06:58  INFO      Loaded execution heads from ./experiments/heads_gold  Dir AUC=0.543  Vol AUC=0.641
2026-06-02 21:06:58  INFO      Connected to MT5: MetaTrader 5 build 5836
2026-06-02 21:06:58  INFO      Warming up: fetching 548 bars for XAUUSD ...
2026-06-02 21:07:09  INFO      Warm-up complete. Surprise buffer: 250 bars.
2026-06-02 21:07:09  INFO      Live trader started. symbol=XAUUSD  dry_run=True  poll=10s  m15=disabled
2026-06-02 22:00:12  INFO      Bar close: dir_prob=0.870  S_t=1.37969  signal=1.000  eff=0.000  lots=0.00  action=hold
2026-06-02 23:00:02  INFO      Bar close: dir_prob=0.856  S_t=0.00353  signal=1.000  eff=0.000  lots=0.00  action=hold
2026-06-03 00:00:04  INFO      Bar close: dir_prob=0.525  S_t=0.00005  signal=0.000  eff=0.000  lots=0.00  action=hold
2026-06-03 01:00:05  INFO      Bar close: dir_prob=0.523  S_t=0.00098  signal=0.000  eff=0.000  lots=0.00  action=hold
2026-06-03 02:00:07  INFO      Bar close: dir_prob=0.524  S_t=0.00095  signal=0.000  eff=0.000  lots=0.00  action=hold
2026-06-03 03:00:05  INFO      Bar close: dir_prob=0.535  S_t=0.00074  signal=1.000  eff=0.500  lots=0.11  action=dry_run(long 0.11)
2026-06-03 04:00:07  INFO      Bar close: dir_prob=0.546  S_t=0.00033  signal=1.000  eff=0.500  lots=0.11  action=hold
2026-06-03 05:00:09  INFO      Bar close: dir_prob=0.552  S_t=0.00102  signal=1.000  eff=0.500  lots=0.11  action=hold
2026-06-03 06:00:10  INFO      Bar close: dir_prob=0.554  S_t=0.00323  signal=1.000  eff=0.000  lots=0.00  action=dry_run(flat 0.00)
2026-06-03 07:00:02  INFO      Bar close: dir_prob=0.547  S_t=0.00132  signal=1.000  eff=0.500  lots=0.11  action=dry_run(long 0.11)
2026-06-03 10:00:09  INFO      Bar close: dir_prob=0.550  S_t=0.00640  signal=1.000  eff=0.000  lots=0.00  action=dry_run(flat 0.00)
2026-06-03 11:00:10  INFO      Bar close: dir_prob=0.540  S_t=0.00830  signal=1.000  eff=0.000  lots=0.00  action=hold
2026-06-03 12:00:02  INFO      Bar close: dir_prob=0.517  S_t=0.00078  signal=0.000  eff=0.000  lots=0.00  action=hold
2026-06-03 13:00:04  INFO      Bar close: dir_prob=0.502  S_t=0.00389  signal=0.000  eff=0.000  lots=0.00  action=hold
2026-06-03 14:00:05  INFO      Bar close: dir_prob=0.521  S_t=0.00325  signal=0.000  eff=0.000  lots=0.00  action=hold
2026-06-03 15:00:07  INFO      Bar close: dir_prob=0.535  S_t=0.01134  signal=1.000  eff=0.000  lots=0.00  action=hold
2026-06-03 16:00:08  INFO      Bar close: dir_prob=0.519  S_t=0.00356  signal=0.000  eff=0.000  lots=0.00  action=hold
2026-06-03 17:00:03  INFO      Bar close: dir_prob=0.505  S_t=0.00006  signal=0.000  eff=0.000  lots=0.00  action=hold
2026-06-03 18:00:05  INFO      Bar close: dir_prob=0.503  S_t=0.00005  signal=0.000  eff=0.000  lots=0.00  action=hold
2026-06-03 19:00:07  INFO      Bar close: dir_prob=0.502  S_t=0.00198  signal=0.000  eff=0.000  lots=0.00  action=hold
2026-06-03 20:00:08  INFO      Bar close: dir_prob=0.501  S_t=0.00431  signal=0.000  eff=0.000  lots=0.00  action=hold
2026-06-03 21:00:09  INFO      Bar close: dir_prob=0.504  S_t=0.00112  signal=0.000  eff=0.000  lots=0.00  action=hold
2026-06-03 22:00:06  INFO      Bar close: dir_prob=0.512  S_t=0.00267  signal=0.000  eff=0.000  lots=0.00  action=hold
2026-06-04 12:00:08  INFO      Bar close: dir_prob=0.271  S_t=1.69909  signal=-1.000  eff=0.000  lots=0.00  action=hold
2026-06-04 12:21:12  INFO      Interrupted — closing positions and disconnecting.
2026-06-04 12:21:12  INFO      MT5 connection closed.
