2026-06-05 01:05:52  INFO      Logging to experiments\live_20260605_040552.log
2026-06-05 01:05:52  INFO      Loaded encoder + predictor from ./experiments/checkpoints/best_model.pt (epoch 180)
2026-06-05 01:05:52  INFO      Loaded execution heads from ./experiments/heads_gold  Dir AUC=0.543  Vol AUC=0.641
2026-06-05 01:05:53  INFO      Config D: loaded M15 encoder (epoch 172)
2026-06-05 01:05:53  INFO      Connected to MT5: MetaTrader 5 build 5836
2026-06-05 01:05:53  INFO      Config D M15 execution layer enabled  S_t gate=0.000012
2026-06-05 01:05:53  INFO      Warming up: fetching 548 bars for XAUUSD ...
2026-06-05 01:05:59  INFO      Warm-up complete. Surprise buffer: 250 bars.
2026-06-05 01:05:59  INFO      M15 warm-up: fetching 596 M15 bars...
2026-06-05 01:06:03  INFO      M15 warm-up complete. Surprise buffer: 250 bars.
2026-06-05 01:06:03  INFO      Live trader started. symbol=XAUUSD  dry_run=True  poll=10s  m15=enabled
2026-06-05 02:00:04  INFO      Post-shock cooldown: 0/8 bars elapsed Ś skipping entry
2026-06-05 02:00:04  INFO      Bar close: dir_prob=0.194  S_t=2.17973  signal=-1.000  eff=0.000  lots=0.00  action=hold
2026-06-05 03:00:06  INFO      Post-shock cooldown: 0/8 bars elapsed Ś skipping entry
2026-06-05 03:00:06  INFO      Bar close: dir_prob=0.164  S_t=0.08537  signal=-1.000  eff=0.000  lots=0.00  action=hold
2026-06-05 04:00:07  INFO      Post-shock cooldown: 0/8 bars elapsed Ś skipping entry
2026-06-05 04:00:07  INFO      Bar close: dir_prob=0.554  S_t=0.04968  signal=1.000  eff=0.000  lots=0.00  action=hold
2026-06-05 05:00:09  INFO      Post-shock cooldown: 0/8 bars elapsed Ś skipping entry
2026-06-05 05:00:09  INFO      Bar close: dir_prob=0.563  S_t=0.01484  signal=1.000  eff=0.000  lots=0.00  action=hold
2026-06-05 06:00:10  INFO      Post-shock cooldown: 0/8 bars elapsed Ś skipping entry
2026-06-05 06:00:10  INFO      Bar close: dir_prob=0.517  S_t=0.03061  signal=0.000  eff=0.000  lots=0.00  action=hold
2026-06-05 07:00:01  INFO      Post-shock cooldown: 0/8 bars elapsed Ś skipping entry
2026-06-05 07:00:01  INFO      Bar close: dir_prob=0.502  S_t=0.00127  signal=0.000  eff=0.000  lots=0.00  action=hold
2026-06-05 08:00:03  INFO      Post-shock cooldown: 0/8 bars elapsed Ś skipping entry
2026-06-05 08:00:03  INFO      Bar close: dir_prob=0.617  S_t=0.18977  signal=1.000  eff=0.000  lots=0.00  action=hold
2026-06-05 10:00:01  INFO      Post-shock cooldown: 0/8 bars elapsed Ś skipping entry
2026-06-05 10:00:01  INFO      Bar close: dir_prob=0.618  S_t=0.00719  signal=1.000  eff=0.000  lots=0.00  action=hold
2026-06-05 11:00:03  INFO      Post-shock cooldown: 0/8 bars elapsed Ś skipping entry
2026-06-05 11:00:03  INFO      Bar close: dir_prob=0.520  S_t=0.00757  signal=0.000  eff=0.000  lots=0.00  action=hold
2026-06-05 11:14:21  INFO      Interrupted Ś closing positions and disconnecting.
2026-06-05 11:14:21  INFO      MT5 connection closed.
