2026-06-01 22:04:10  INFO      Logging to experiments\live_20260602_010410.log
2026-06-01 22:04:10  INFO      Loaded encoder + predictor from ./experiments/checkpoints/best_model.pt (epoch 180)
2026-06-01 22:04:10  INFO      Loaded execution heads from ./experiments/heads_gold  Dir AUC=0.543  Vol AUC=0.641
2026-06-01 22:04:10  INFO      Connected to MT5: MetaTrader 5 build 5836
2026-06-01 22:04:10  INFO      Warming up: fetching 548 bars for XAUUSD ...
2026-06-01 22:04:22  INFO      Warm-up complete. Surprise buffer: 250 bars.
2026-06-01 22:04:22  INFO      Live trader started. symbol=XAUUSD  dry_run=True  poll=10s  m15=disabled
2026-06-01 23:00:07  INFO      Bar close: dir_prob=0.607  S_t=0.87020  signal=1.000  eff=0.000  lots=0.00  action=hold
2026-06-02 00:00:09  INFO      Bar close: dir_prob=0.461  S_t=0.00972  signal=-1.000  eff=0.000  lots=0.00  action=hold
2026-06-02 01:00:10  INFO      Bar close: dir_prob=0.485  S_t=0.00119  signal=0.000  eff=0.000  lots=0.00  action=hold
2026-06-02 02:00:02  INFO      Bar close: dir_prob=0.484  S_t=0.00013  signal=0.000  eff=0.000  lots=0.00  action=hold
2026-06-02 03:00:04  INFO      Bar close: dir_prob=0.487  S_t=0.00090  signal=0.000  eff=0.000  lots=0.00  action=hold
2026-06-02 04:00:05  INFO      Bar close: dir_prob=0.483  S_t=0.00084  signal=0.000  eff=0.000  lots=0.00  action=hold
2026-06-02 05:00:06  INFO      Bar close: dir_prob=0.480  S_t=0.00110  signal=0.000  eff=0.000  lots=0.00  action=hold
2026-06-02 06:00:08  INFO      Bar close: dir_prob=0.480  S_t=0.00041  signal=0.000  eff=0.000  lots=0.00  action=hold
2026-06-02 07:00:09  INFO      Bar close: dir_prob=0.479  S_t=0.01091  signal=0.000  eff=0.000  lots=0.00  action=hold
2026-06-02 08:00:10  INFO      Bar close: dir_prob=0.480  S_t=0.00058  signal=0.000  eff=0.000  lots=0.00  action=hold
2026-06-02 09:00:02  INFO      Bar close: dir_prob=0.483  S_t=0.00760  signal=0.000  eff=0.000  lots=0.00  action=hold
2026-06-02 10:00:04  INFO      Bar close: dir_prob=0.489  S_t=0.01581  signal=0.000  eff=0.000  lots=0.00  action=hold
2026-06-02 11:00:05  INFO      Bar close: dir_prob=0.480  S_t=0.02734  signal=0.000  eff=0.000  lots=0.00  action=hold
2026-06-02 12:00:07  INFO      Bar close: dir_prob=0.494  S_t=0.01228  signal=0.000  eff=0.000  lots=0.00  action=hold
2026-06-02 13:00:08  INFO      Bar close: dir_prob=0.491  S_t=0.00452  signal=0.000  eff=0.000  lots=0.00  action=hold
2026-06-02 14:00:10  INFO      Bar close: dir_prob=0.500  S_t=0.00294  signal=0.000  eff=0.000  lots=0.00  action=hold
2026-06-02 15:00:01  INFO      Bar close: dir_prob=0.503  S_t=0.01476  signal=0.000  eff=0.000  lots=0.00  action=hold
2026-06-02 16:00:03  INFO      Bar close: dir_prob=0.507  S_t=0.00289  signal=0.000  eff=0.000  lots=0.00  action=hold
2026-06-02 18:00:06  INFO      Bar close: dir_prob=0.512  S_t=0.00141  signal=0.000  eff=0.000  lots=0.00  action=hold
2026-06-02 19:00:07  INFO      Bar close: dir_prob=0.501  S_t=0.00020  signal=0.000  eff=0.000  lots=0.00  action=hold
2026-06-02 20:00:08  INFO      Bar close: dir_prob=0.494  S_t=0.00151  signal=0.000  eff=0.000  lots=0.00  action=hold
