=================================================================
MarketWorldModel - O2 Probing Experiments  [EURUSD]
=================================================================

[0/4] Pre-loading checkpoint for split config...
  Using split_dates from checkpoint: {'train_end': '2024-10-31', 'val_end': '2024-11-14'}

[1/4] Loading data pipeline...

=======================================================
DataPipeline.build()  [EURUSD]
=======================================================

[1/5] Fetching market data...

=======================================================
DataFetcher: 2024-05-14 -> 2026-05-13  |  interval=1h  |  EURUSD
=======================================================
  Loading eurusd from cache (EURUSD_X_1h_2024-05-14_2026-05-13.parquet)...

  EURUSD bars: 11,396
  Date range: 2024-07-07 -> 2026-05-12
  Loading dxy from cache (DX_Y.NYB_1h_2024-05-14_2026-05-13.parquet)...
  dxy     : 11,923 bars
  Loading evz from cache (VIX_1h_2024-05-14_2026-05-13.parquet)...
  evz     : 7,107 bars
  Loading tlt from cache (TLT_1h_2024-05-14_2026-05-13.parquet)...
  tlt     : 3,476 bars
  Loading shy from cache (SHY_1h_2024-05-14_2026-05-13.parquet)...
  shy     : 3,476 bars
  Loading gbpusd from cache (GBPUSD_X_1h_2024-05-14_2026-05-13.parquet)...
  gbpusd  : 11,397 bars

  Macro columns:  ['dxy', 'evz', 'tlt', 'shy', 'gbpusd']
  Missing values: {'dxy': 20, 'evz': 18, 'tlt': 265, 'shy': 265, 'gbpusd': 0}
  Raw bars: 11,396

[2/5] Computing 52 features...
  Computing Group A: Returns...
  Computing Group B: Volatility...
  Computing Group C: Momentum/Trend...
  Computing Group D: Price Structure...
  Computing Group E: Session/Time...
  Computing Group F: Macro (eurusd)...

  Feature matrix shape: (11146, 52)
  NaN count after cleanup: 0
  Timestamp range: 2024-07-22 11:00:00 -> 2026-05-12 22:00:00
  After warm-up trim: (11146, 52)

[3/5] Building action vectors...
  Action shape: (11146, 5)  (5 macro signals per bar)

[4/5] Applying rolling z-score normalization...
  Clipped 1,552 values beyond +-5 sigma
  Normalized stats: mean=0.0050  std=1.0470

[5/5] Creating walk-forward train/val/test splits...
  Using date-based splits: train_end=2024-10-31, val_end=2024-11-14
  Train: 1,726 bars  (2024-07-22 -> 2024-10-31)
  Val:   238 bars  (2024-10-31 -> 2024-11-14)
  Test:  9,182 bars  (2024-11-14 -> 2026-05-12)
  MarketWindowDataset: 1726 bars -> 1677 samples (lookback=48, stride=1, history_len=1)
  MarketWindowDataset: 238 bars -> 48 samples (lookback=48, stride=4, history_len=1)
  MarketWindowDataset: 9182 bars -> 9133 samples (lookback=48, stride=1, history_len=1)

----------------------------------------
Pipeline complete.
  Train samples: 1,677
  Val samples:   48
  Test samples:  9,133
  Feature dim:   52
  Action dim:    5
  Lookback:      48 bars
----------------------------------------

[2/4] Loading trained encoder...

Building MarketEncoder:
  PatchEmbedding: 48 bars ? 52 features -> 12 patches ? 128 dims (patch_dim=208)
  CLS token: shape (1, 1, 128)
  Positional encoding: 13 positions ? 128 dims
  Transformer: 4 layers ? 4 heads ? 128 dims
  Projection: 128 -> 256 -> 128 (z_dim)

  Total parameters:     888,448
  Trainable parameters: 888,448
  Loaded from epoch 200  (val_loss=0.0212)

  Building random encoder (control baseline)...

Building MarketEncoder:
  PatchEmbedding: 48 bars ? 52 features -> 12 patches ? 128 dims (patch_dim=208)
  CLS token: shape (1, 1, 128)
  Positional encoding: 13 positions ? 128 dims
  Transformer: 4 layers ? 4 heads ? 128 dims
  Projection: 128 -> 256 -> 128 (z_dim)

  Total parameters:     888,448
  Trainable parameters: 888,448

[3/4] Extracting embeddings...
  Trained encoder ? train: (1677, 128)  val: (48, 128)
  Random encoder  ? train: (1677, 128)   val: (48, 128)

  Probe target distributions (val set):
    session             : {0: 16, 1: 8, 2: 24}
    high_vol            : {0: 34, 1: 14}
    ret_direction       : {0: 24, 1: 24}
    realized_vol        : mean=1.260  std=1.790
    dxy_direction       : {0: 26, 1: 22}

[4/4] Running probing experiments...
      (20 experiments: 5 targets ? 2 probes ? 2 encoders)

  session              | linear | trained ...  acc=0.500  auc=0.508
  session              | linear | random  ...  acc=0.354  auc=0.507
  session              | mlp    | trained ...  acc=0.500  auc=0.590
  session              | mlp    | random  ...  acc=0.500  auc=0.484
  high_vol             | linear | trained ...  acc=0.604  auc=0.004
  high_vol             | linear | random  ...  acc=0.875  auc=0.994
  high_vol             | mlp    | trained ...  acc=0.438  auc=0.000
  high_vol             | mlp    | random  ...  acc=0.979  auc=0.998
  ret_direction        | linear | trained ...  acc=0.521  auc=0.644
  ret_direction        | linear | random  ...  acc=0.500  auc=0.656
  ret_direction        | mlp    | trained ...  acc=0.417  auc=0.444
  ret_direction        | mlp    | random  ...  acc=0.583  auc=0.550
  realized_vol         | linear | trained ...  r=0.538  mse=3.2770
  realized_vol         | linear | random  ...  r=0.626  mse=2.5970
  realized_vol         | mlp    | trained ...  r=0.307  mse=3.6226
  realized_vol         | mlp    | random  ...  r=0.364  mse=3.4783
  dxy_direction        | linear | trained ...  acc=0.458  auc=0.774
  dxy_direction        | linear | random  ...  acc=0.562  auc=0.580
  dxy_direction        | mlp    | trained ...  acc=0.542  auc=0.783
  dxy_direction        | mlp    | random  ...  acc=0.458  auc=0.656

=================================================================
PROBING RESULTS ? TRAINED vs RANDOM ENCODER
=================================================================

?? LINEAR PROBE ??
  Target                        Trained   Random   Chance   ?(T-R)   ?(T-C)  metric
  ---------------------------- -------- -------- -------- -------- --------  ------
  Session (Asian/London/NY)       0.500    0.354    0.333   +0.146   +0.167  Acc ?
  High Volatility (vol > median)    0.604    0.875    0.500   -0.271   +0.104  Acc ?
  Return Direction (next bar ?/?)    0.521    0.500    0.500   +0.021   +0.021  Acc ~
  Realized Volatility (rv_32)     0.538    0.626    0.000   -0.088   +0.538  r   ?
  DXY Direction (dollar ?/?)      0.458    0.562    0.500   -0.104   -0.042  Acc ?

?? MLP PROBE ??
  Target                        Trained   Random   Chance   ?(T-R)   ?(T-C)  metric
  ---------------------------- -------- -------- -------- -------- --------  ------
  Session (Asian/London/NY)       0.500    0.500    0.333   +0.000   +0.167  Acc ?
  High Volatility (vol > median)    0.438    0.979    0.500   -0.542   -0.062  Acc ?
  Return Direction (next bar ?/?)    0.417    0.583    0.500   -0.167   -0.083  Acc ?
  Realized Volatility (rv_32)     0.307    0.364    0.000   -0.057   +0.307  r   ?
  DXY Direction (dollar ?/?)      0.542    0.458    0.500   +0.083   +0.042  Acc ?

Full results saved to: ./experiments/probing_results_eurusd.json

-- EMBEDDING STATISTICS --

=======================================================
DataPipeline.build()  [EURUSD]
=======================================================

[1/5] Fetching market data...

=======================================================
DataFetcher: 2024-05-14 -> 2026-05-13  |  interval=1h  |  EURUSD
=======================================================
  Loading eurusd from cache (EURUSD_X_1h_2024-05-14_2026-05-13.parquet)...

  EURUSD bars: 11,396
  Date range: 2024-07-07 -> 2026-05-12
  Loading dxy from cache (DX_Y.NYB_1h_2024-05-14_2026-05-13.parquet)...
  dxy     : 11,923 bars
  Loading evz from cache (VIX_1h_2024-05-14_2026-05-13.parquet)...
  evz     : 7,107 bars
  Loading tlt from cache (TLT_1h_2024-05-14_2026-05-13.parquet)...
  tlt     : 3,476 bars
  Loading shy from cache (SHY_1h_2024-05-14_2026-05-13.parquet)...
  shy     : 3,476 bars
  Loading gbpusd from cache (GBPUSD_X_1h_2024-05-14_2026-05-13.parquet)...
  gbpusd  : 11,397 bars

  Macro columns:  ['dxy', 'evz', 'tlt', 'shy', 'gbpusd']
  Missing values: {'dxy': 20, 'evz': 18, 'tlt': 265, 'shy': 265, 'gbpusd': 0}
  Raw bars: 11,396

[2/5] Computing 52 features...
  Computing Group A: Returns...
  Computing Group B: Volatility...
  Computing Group C: Momentum/Trend...
  Computing Group D: Price Structure...
  Computing Group E: Session/Time...
  Computing Group F: Macro (eurusd)...

  Feature matrix shape: (11146, 52)
  NaN count after cleanup: 0
  Timestamp range: 2024-07-22 11:00:00 -> 2026-05-12 22:00:00
  After warm-up trim: (11146, 52)

[3/5] Building action vectors...
  Action shape: (11146, 5)  (5 macro signals per bar)

[4/5] Applying rolling z-score normalization...
  Clipped 1,552 values beyond +-5 sigma
  Normalized stats: mean=0.0050  std=1.0470

[5/5] Creating walk-forward train/val/test splits...
  Train: 7,802 bars  (2024-07-22 -> 2025-10-24)
  Val:   1,671 bars  (2025-10-24 -> 2026-02-03)
  Test:  1,673 bars  (2026-02-03 -> 2026-05-12)
  MarketWindowDataset: 7802 bars -> 1939 samples (lookback=48, stride=4, history_len=1)
  MarketWindowDataset: 1671 bars -> 406 samples (lookback=48, stride=4, history_len=1)
  MarketWindowDataset: 1673 bars -> 406 samples (lookback=48, stride=4, history_len=1)

----------------------------------------
Pipeline complete.
  Train samples: 1,939
  Val samples:   406
  Test samples:  406
  Feature dim:   52
  Action dim:    5
  Lookback:      48 bars
----------------------------------------

Building MarketEncoder:
  PatchEmbedding: 48 bars ? 52 features -> 12 patches ? 128 dims (patch_dim=208)
  CLS token: shape (1, 1, 128)
  Positional encoding: 13 positions ? 128 dims
  Transformer: 4 layers ? 4 heads ? 128 dims
  Projection: 128 -> 256 -> 128 (z_dim)

  Total parameters:     888,448
  Trainable parameters: 888,448

Building MarketEncoder:
  PatchEmbedding: 48 bars ? 52 features -> 12 patches ? 128 dims (patch_dim=208)
  CLS token: shape (1, 1, 128)
  Positional encoding: 13 positions ? 128 dims
  Transformer: 4 layers ? 4 heads ? 128 dims
  Projection: 128 -> 256 -> 128 (z_dim)

  Total parameters:     888,448
  Trainable parameters: 888,448
  trained_var_mean              : 0.7564
  random_var_mean               : 0.0319
  trained_temporal_cos          : 0.9914
  random_temporal_cos           : 0.9784

O2 probing complete  [EURUSD]
