============================================================
MarketWorldModel - O1 Training  [GOLD]
Log: ./experiments/retrain_long_gold.log
============================================================

Device: cpu

[DATA]
  Using caller-supplied pre-built dataset (skipping fetch/build)
Train batches per epoch: 644
Val   batches per epoch: 12

[MODELS]

Building MarketEncoder:
  PatchEmbedding: 48 bars ? 52 features -> 12 patches ? 128 dims (patch_dim=208)
  CLS token: shape (1, 1, 128)
  Positional encoding: 13 positions ? 128 dims
  Transformer: 4 layers ? 4 heads ? 128 dims
  Projection: 128 -> 256 -> 128 (z_dim)

  Total parameters:     888,448
  Trainable parameters: 888,448
  CausalPredictor: 1,424,448 parameters  (6 layers ? 4 heads ? 128 dims  history=3  cond_dim=64)

Total trainable parameters: 2,312,896

[TRAINING] 40 epochs
------------------------------------------------------------
  E001 S0000 | total=0.5346  pred=0.5203  sigreg=0.1434  lr=6.00e-05
  E001 S0020 | total=0.1671  pred=0.1514  sigreg=0.1563  lr=6.00e-05
  E001 S0040 | total=0.0894  pred=0.0722  sigreg=0.1719  lr=6.00e-05
  E001 S0060 | total=0.0716  pred=0.0535  sigreg=0.1806  lr=6.00e-05
  E001 S0080 | total=0.0580  pred=0.0388  sigreg=0.1919  lr=6.00e-05
  E001 S0100 | total=0.0493  pred=0.0298  sigreg=0.1947  lr=6.00e-05
  E001 S0120 | total=0.0458  pred=0.0259  sigreg=0.1992  lr=6.00e-05
  E001 S0140 | total=0.0441  pred=0.0243  sigreg=0.1979  lr=6.00e-05
  E001 S0160 | total=0.0401  pred=0.0201  sigreg=0.2001  lr=6.00e-05
  E001 S0180 | total=0.0389  pred=0.0189  sigreg=0.2004  lr=6.00e-05
  E001 S0200 | total=0.0355  pred=0.0155  sigreg=0.2000  lr=6.00e-05
  E001 S0220 | total=0.0354  pred=0.0154  sigreg=0.1995  lr=6.00e-05
  E001 S0240 | total=0.0333  pred=0.0132  sigreg=0.2010  lr=6.00e-05
  E001 S0260 | total=0.0320  pred=0.0119  sigreg=0.2009  lr=6.00e-05
  E001 S0280 | total=0.0320  pred=0.0119  sigreg=0.2012  lr=6.00e-05
  E001 S0300 | total=0.0316  pred=0.0117  sigreg=0.1998  lr=6.00e-05
  E001 S0320 | total=0.0299  pred=0.0100  sigreg=0.1996  lr=6.00e-05
  E001 S0340 | total=0.0300  pred=0.0101  sigreg=0.1995  lr=6.00e-05
  E001 S0360 | total=0.0289  pred=0.0090  sigreg=0.1992  lr=6.00e-05
  E001 S0380 | total=0.0288  pred=0.0090  sigreg=0.1984  lr=6.00e-05
  E001 S0400 | total=0.0290  pred=0.0092  sigreg=0.1978  lr=6.00e-05
  E001 S0420 | total=0.0286  pred=0.0089  sigreg=0.1970  lr=6.00e-05
  E001 S0440 | total=0.0280  pred=0.0082  sigreg=0.1978  lr=6.00e-05
  E001 S0460 | total=0.0278  pred=0.0081  sigreg=0.1967  lr=6.00e-05
  E001 S0480 | total=0.0276  pred=0.0080  sigreg=0.1960  lr=6.00e-05
  E001 S0500 | total=0.0269  pred=0.0075  sigreg=0.1948  lr=6.00e-05
  E001 S0520 | total=0.0266  pred=0.0071  sigreg=0.1940  lr=6.00e-05
  E001 S0540 | total=0.0263  pred=0.0069  sigreg=0.1940  lr=6.00e-05
  E001 S0560 | total=0.0264  pred=0.0072  sigreg=0.1918  lr=6.00e-05
  E001 S0580 | total=0.0258  pred=0.0068  sigreg=0.1909  lr=6.00e-05
  E001 S0600 | total=0.0265  pred=0.0076  sigreg=0.1897  lr=6.00e-05
  E001 S0620 | total=0.0263  pred=0.0075  sigreg=0.1879  lr=6.00e-05
  E001 S0640 | total=0.0261  pred=0.0073  sigreg=0.1879  lr=6.00e-05

  ?? Epoch   1/40 ??
     Train: total=0.0460  pred=0.0267  sigreg=0.1930
     Val:   total=0.0204  pred=0.0010  sigreg=0.1938
     LR: 6.00e-05

  Checkpoint saved [val=0.0204]
  E002 S0000 | total=0.0253  pred=0.0066  sigreg=0.1870  lr=1.20e-04
  E002 S0020 | total=0.0253  pred=0.0071  sigreg=0.1826  lr=1.20e-04
  E002 S0040 | total=0.0242  pred=0.0064  sigreg=0.1776  lr=1.20e-04
  E002 S0060 | total=0.0247  pred=0.0077  sigreg=0.1704  lr=1.20e-04
  E002 S0080 | total=0.0234  pred=0.0067  sigreg=0.1672  lr=1.20e-04
  E002 S0100 | total=0.0232  pred=0.0067  sigreg=0.1647  lr=1.20e-04
  E002 S0120 | total=0.0230  pred=0.0074  sigreg=0.1559  lr=1.20e-04
  E002 S0140 | total=0.0214  pred=0.0059  sigreg=0.1553  lr=1.20e-04
  E002 S0160 | total=0.0209  pred=0.0062  sigreg=0.1473  lr=1.20e-04
  E002 S0180 | total=0.0205  pred=0.0062  sigreg=0.1427  lr=1.20e-04
  E002 S0200 | total=0.0228  pred=0.0090  sigreg=0.1378  lr=1.20e-04
  E002 S0220 | total=0.0202  pred=0.0070  sigreg=0.1319  lr=1.20e-04
  E002 S0240 | total=0.0205  pred=0.0074  sigreg=0.1313  lr=1.20e-04
  E002 S0260 | total=0.0185  pred=0.0060  sigreg=0.1253  lr=1.20e-04
  E002 S0280 | total=0.0190  pred=0.0062  sigreg=0.1278  lr=1.20e-04
  E002 S0300 | total=0.0184  pred=0.0064  sigreg=0.1204  lr=1.20e-04
  E002 S0320 | total=0.0189  pred=0.0067  sigreg=0.1212  lr=1.20e-04
  E002 S0340 | total=0.0216  pred=0.0094  sigreg=0.1215  lr=1.20e-04
  E002 S0360 | total=0.0190  pred=0.0070  sigreg=0.1199  lr=1.20e-04
  E002 S0380 | total=0.0187  pred=0.0067  sigreg=0.1202  lr=1.20e-04
  E002 S0400 | total=0.0185  pred=0.0065  sigreg=0.1203  lr=1.20e-04
  E002 S0420 | total=0.0177  pred=0.0057  sigreg=0.1192  lr=1.20e-04
  E002 S0440 | total=0.0181  pred=0.0064  sigreg=0.1177  lr=1.20e-04
  E002 S0460 | total=0.0175  pred=0.0055  sigreg=0.1194  lr=1.20e-04
  E002 S0480 | total=0.0173  pred=0.0061  sigreg=0.1120  lr=1.20e-04
  E002 S0500 | total=0.0177  pred=0.0060  sigreg=0.1171  lr=1.20e-04
  E002 S0520 | total=0.0168  pred=0.0051  sigreg=0.1164  lr=1.20e-04
  E002 S0540 | total=0.0163  pred=0.0048  sigreg=0.1149  lr=1.20e-04
  E002 S0560 | total=0.0162  pred=0.0048  sigreg=0.1144  lr=1.20e-04
  E002 S0580 | total=0.0163  pred=0.0047  sigreg=0.1160  lr=1.20e-04
  E002 S0600 | total=0.0170  pred=0.0050  sigreg=0.1196  lr=1.20e-04
  E002 S0620 | total=0.0163  pred=0.0048  sigreg=0.1148  lr=1.20e-04
  E002 S0640 | total=0.0180  pred=0.0064  sigreg=0.1163  lr=1.20e-04

  ?? Epoch   2/40 ??
     Train: total=0.0197  pred=0.0064  sigreg=0.1330
     Val:   total=0.0163  pred=0.0015  sigreg=0.1485
     LR: 1.20e-04

  Checkpoint saved [val=0.0163]
  E003 S0000 | total=0.0174  pred=0.0061  sigreg=0.1126  lr=1.80e-04
  E003 S0020 | total=0.0163  pred=0.0048  sigreg=0.1155  lr=1.80e-04
  E003 S0040 | total=0.0161  pred=0.0048  sigreg=0.1130  lr=1.80e-04
  E003 S0060 | total=0.0168  pred=0.0056  sigreg=0.1122  lr=1.80e-04
  E003 S0080 | total=0.0171  pred=0.0056  sigreg=0.1146  lr=1.80e-04
  E003 S0100 | total=0.0159  pred=0.0045  sigreg=0.1145  lr=1.80e-04
  E003 S0120 | total=0.0164  pred=0.0051  sigreg=0.1126  lr=1.80e-04
  E003 S0140 | total=0.0174  pred=0.0056  sigreg=0.1184  lr=1.80e-04
  E003 S0160 | total=0.0154  pred=0.0042  sigreg=0.1117  lr=1.80e-04
  E003 S0180 | total=0.0177  pred=0.0063  sigreg=0.1143  lr=1.80e-04
  E003 S0200 | total=0.0159  pred=0.0046  sigreg=0.1127  lr=1.80e-04
  E003 S0220 | total=0.0153  pred=0.0042  sigreg=0.1109  lr=1.80e-04
  E003 S0240 | total=0.0159  pred=0.0047  sigreg=0.1121  lr=1.80e-04
  E003 S0260 | total=0.0159  pred=0.0045  sigreg=0.1145  lr=1.80e-04
  E003 S0280 | total=0.0148  pred=0.0038  sigreg=0.1096  lr=1.80e-04
  E003 S0300 | total=0.0149  pred=0.0038  sigreg=0.1113  lr=1.80e-04
  E003 S0320 | total=0.0158  pred=0.0043  sigreg=0.1146  lr=1.80e-04
  E003 S0340 | total=0.0149  pred=0.0037  sigreg=0.1122  lr=1.80e-04
  E003 S0360 | total=0.0149  pred=0.0037  sigreg=0.1116  lr=1.80e-04
  E003 S0380 | total=0.0150  pred=0.0042  sigreg=0.1075  lr=1.80e-04
  E003 S0400 | total=0.0147  pred=0.0037  sigreg=0.1102  lr=1.80e-04
  E003 S0420 | total=0.0161  pred=0.0048  sigreg=0.1134  lr=1.80e-04
  E003 S0440 | total=0.0152  pred=0.0044  sigreg=0.1088  lr=1.80e-04
  E003 S0460 | total=0.0143  pred=0.0036  sigreg=0.1077  lr=1.80e-04
  E003 S0480 | total=0.0145  pred=0.0037  sigreg=0.1079  lr=1.80e-04
  E003 S0500 | total=0.0151  pred=0.0041  sigreg=0.1098  lr=1.80e-04
  E003 S0520 | total=0.0146  pred=0.0039  sigreg=0.1066  lr=1.80e-04
  E003 S0540 | total=0.0159  pred=0.0050  sigreg=0.1087  lr=1.80e-04
  E003 S0560 | total=0.0140  pred=0.0035  sigreg=0.1046  lr=1.80e-04
  E003 S0580 | total=0.0141  pred=0.0037  sigreg=0.1041  lr=1.80e-04
  E003 S0600 | total=0.0140  pred=0.0035  sigreg=0.1046  lr=1.80e-04
  E003 S0620 | total=0.0143  pred=0.0035  sigreg=0.1078  lr=1.80e-04
  E003 S0640 | total=0.0142  pred=0.0036  sigreg=0.1054  lr=1.80e-04

  ?? Epoch   3/40 ??
     Train: total=0.0153  pred=0.0042  sigreg=0.1107
     Val:   total=0.0159  pred=0.0011  sigreg=0.1485
     LR: 1.80e-04

  Checkpoint saved [val=0.0159]
  E004 S0000 | total=0.0146  pred=0.0039  sigreg=0.1074  lr=2.40e-04
  E004 S0020 | total=0.0150  pred=0.0047  sigreg=0.1029  lr=2.40e-04
  E004 S0040 | total=0.0138  pred=0.0036  sigreg=0.1025  lr=2.40e-04
  E004 S0060 | total=0.0133  pred=0.0030  sigreg=0.1028  lr=2.40e-04
  E004 S0080 | total=0.0140  pred=0.0035  sigreg=0.1047  lr=2.40e-04
  E004 S0100 | total=0.0140  pred=0.0032  sigreg=0.1079  lr=2.40e-04
  E004 S0120 | total=0.0137  pred=0.0035  sigreg=0.1015  lr=2.40e-04
  E004 S0140 | total=0.0143  pred=0.0039  sigreg=0.1046  lr=2.40e-04
  E004 S0160 | total=0.0139  pred=0.0030  sigreg=0.1083  lr=2.40e-04
  E004 S0180 | total=0.0134  pred=0.0030  sigreg=0.1034  lr=2.40e-04
  E004 S0200 | total=0.0131  pred=0.0032  sigreg=0.0989  lr=2.40e-04
  E004 S0220 | total=0.0134  pred=0.0030  sigreg=0.1034  lr=2.40e-04
  E004 S0240 | total=0.0139  pred=0.0030  sigreg=0.1090  lr=2.40e-04
  E004 S0260 | total=0.0144  pred=0.0030  sigreg=0.1139  lr=2.40e-04
  E004 S0280 | total=0.0133  pred=0.0027  sigreg=0.1064  lr=2.40e-04
  E004 S0300 | total=0.0147  pred=0.0042  sigreg=0.1042  lr=2.40e-04
  E004 S0320 | total=0.0135  pred=0.0031  sigreg=0.1040  lr=2.40e-04
  E004 S0340 | total=0.0132  pred=0.0030  sigreg=0.1013  lr=2.40e-04
  E004 S0360 | total=0.0130  pred=0.0028  sigreg=0.1020  lr=2.40e-04
  E004 S0380 | total=0.0133  pred=0.0033  sigreg=0.1003  lr=2.40e-04
  E004 S0400 | total=0.0131  pred=0.0030  sigreg=0.1012  lr=2.40e-04
  E004 S0420 | total=0.0128  pred=0.0028  sigreg=0.1001  lr=2.40e-04
  E004 S0440 | total=0.0131  pred=0.0029  sigreg=0.1018  lr=2.40e-04
  E004 S0460 | total=0.0125  pred=0.0024  sigreg=0.1017  lr=2.40e-04
  E004 S0480 | total=0.0130  pred=0.0025  sigreg=0.1048  lr=2.40e-04
  E004 S0500 | total=0.0122  pred=0.0022  sigreg=0.0995  lr=2.40e-04
  E004 S0520 | total=0.0125  pred=0.0028  sigreg=0.0969  lr=2.40e-04
  E004 S0540 | total=0.0127  pred=0.0030  sigreg=0.0973  lr=2.40e-04
  E004 S0560 | total=0.0124  pred=0.0023  sigreg=0.1012  lr=2.40e-04
  E004 S0580 | total=0.0126  pred=0.0023  sigreg=0.1025  lr=2.40e-04
  E004 S0600 | total=0.0123  pred=0.0024  sigreg=0.0995  lr=2.40e-04
  E004 S0620 | total=0.0122  pred=0.0024  sigreg=0.0988  lr=2.40e-04
  E004 S0640 | total=0.0121  pred=0.0021  sigreg=0.0999  lr=2.40e-04

  ?? Epoch   4/40 ??
     Train: total=0.0134  pred=0.0031  sigreg=0.1036
     Val:   total=0.0172  pred=0.0027  sigreg=0.1450
     LR: 2.40e-04

  E005 S0000 | total=0.0138  pred=0.0037  sigreg=0.1012  lr=3.00e-04
  E005 S0020 | total=0.0138  pred=0.0036  sigreg=0.1015  lr=3.00e-04
  E005 S0040 | total=0.0131  pred=0.0027  sigreg=0.1039  lr=3.00e-04
  E005 S0060 | total=0.0118  pred=0.0022  sigreg=0.0959  lr=3.00e-04
  E005 S0080 | total=0.0126  pred=0.0023  sigreg=0.1026  lr=3.00e-04
  E005 S0100 | total=0.0116  pred=0.0018  sigreg=0.0982  lr=3.00e-04
  E005 S0120 | total=0.0116  pred=0.0017  sigreg=0.0987  lr=3.00e-04
  E005 S0140 | total=0.0115  pred=0.0019  sigreg=0.0958  lr=3.00e-04
  E005 S0160 | total=0.0120  pred=0.0023  sigreg=0.0977  lr=3.00e-04
  E005 S0180 | total=0.0117  pred=0.0021  sigreg=0.0954  lr=3.00e-04
  E005 S0200 | total=0.0123  pred=0.0027  sigreg=0.0956  lr=3.00e-04
  E005 S0220 | total=0.0126  pred=0.0028  sigreg=0.0978  lr=3.00e-04
  E005 S0240 | total=0.0130  pred=0.0031  sigreg=0.0992  lr=3.00e-04
  E005 S0260 | total=0.0112  pred=0.0018  sigreg=0.0948  lr=3.00e-04
  E005 S0280 | total=0.0116  pred=0.0019  sigreg=0.0971  lr=3.00e-04
  E005 S0300 | total=0.0116  pred=0.0020  sigreg=0.0955  lr=3.00e-04
  E005 S0320 | total=0.0118  pred=0.0019  sigreg=0.0987  lr=3.00e-04
  E005 S0340 | total=0.0128  pred=0.0035  sigreg=0.0935  lr=3.00e-04
  E005 S0360 | total=0.0126  pred=0.0028  sigreg=0.0977  lr=3.00e-04
  E005 S0380 | total=0.0118  pred=0.0020  sigreg=0.0984  lr=3.00e-04
  E005 S0400 | total=0.0110  pred=0.0017  sigreg=0.0935  lr=3.00e-04
  E005 S0420 | total=0.0115  pred=0.0022  sigreg=0.0930  lr=3.00e-04
  E005 S0440 | total=0.0118  pred=0.0015  sigreg=0.1031  lr=3.00e-04
  E005 S0460 | total=0.0122  pred=0.0026  sigreg=0.0962  lr=3.00e-04
  E005 S0480 | total=0.0121  pred=0.0025  sigreg=0.0959  lr=3.00e-04
  E005 S0500 | total=0.0114  pred=0.0019  sigreg=0.0949  lr=3.00e-04
  E005 S0520 | total=0.0111  pred=0.0017  sigreg=0.0946  lr=3.00e-04
  E005 S0540 | total=0.0120  pred=0.0027  sigreg=0.0939  lr=3.00e-04
  E005 S0560 | total=0.0118  pred=0.0024  sigreg=0.0938  lr=3.00e-04
  E005 S0580 | total=0.0122  pred=0.0022  sigreg=0.0999  lr=3.00e-04
  E005 S0600 | total=0.0115  pred=0.0017  sigreg=0.0987  lr=3.00e-04
  E005 S0620 | total=0.0114  pred=0.0019  sigreg=0.0949  lr=3.00e-04
  E005 S0640 | total=0.0105  pred=0.0016  sigreg=0.0887  lr=3.00e-04

  ?? Epoch   5/40 ??
     Train: total=0.0120  pred=0.0023  sigreg=0.0965
     Val:   total=0.0169  pred=0.0016  sigreg=0.1527
     LR: 3.00e-04

  E006 S0000 | total=0.0121  pred=0.0027  sigreg=0.0933  lr=3.00e-04
  E006 S0020 | total=0.0109  pred=0.0018  sigreg=0.0909  lr=3.00e-04
  E006 S0040 | total=0.0107  pred=0.0017  sigreg=0.0904  lr=3.00e-04
  E006 S0060 | total=0.0112  pred=0.0016  sigreg=0.0957  lr=3.00e-04
  E006 S0080 | total=0.0107  pred=0.0019  sigreg=0.0885  lr=3.00e-04
  E006 S0100 | total=0.0117  pred=0.0021  sigreg=0.0965  lr=3.00e-04
  E006 S0120 | total=0.0107  pred=0.0020  sigreg=0.0865  lr=3.00e-04
  E006 S0140 | total=0.0104  pred=0.0020  sigreg=0.0846  lr=3.00e-04
  E006 S0160 | total=0.0119  pred=0.0019  sigreg=0.1006  lr=3.00e-04
  E006 S0180 | total=0.0102  pred=0.0014  sigreg=0.0871  lr=3.00e-04
  E006 S0200 | total=0.0119  pred=0.0023  sigreg=0.0956  lr=3.00e-04
  E006 S0220 | total=0.0106  pred=0.0017  sigreg=0.0881  lr=3.00e-04
  E006 S0240 | total=0.0116  pred=0.0025  sigreg=0.0917  lr=3.00e-04
  E006 S0260 | total=0.0108  pred=0.0017  sigreg=0.0913  lr=3.00e-04
  E006 S0280 | total=0.0118  pred=0.0023  sigreg=0.0946  lr=3.00e-04
  E006 S0300 | total=0.0105  pred=0.0015  sigreg=0.0895  lr=3.00e-04
  E006 S0320 | total=0.0114  pred=0.0020  sigreg=0.0948  lr=3.00e-04
  E006 S0340 | total=0.0102  pred=0.0017  sigreg=0.0847  lr=3.00e-04
  E006 S0360 | total=0.0107  pred=0.0015  sigreg=0.0916  lr=3.00e-04
  E006 S0380 | total=0.0103  pred=0.0016  sigreg=0.0863  lr=3.00e-04
  E006 S0400 | total=0.0109  pred=0.0020  sigreg=0.0892  lr=3.00e-04
  E006 S0420 | total=0.0109  pred=0.0017  sigreg=0.0918  lr=3.00e-04
  E006 S0440 | total=0.0110  pred=0.0019  sigreg=0.0906  lr=3.00e-04
  E006 S0460 | total=0.0105  pred=0.0013  sigreg=0.0916  lr=3.00e-04
  E006 S0480 | total=0.0104  pred=0.0015  sigreg=0.0896  lr=3.00e-04
  E006 S0500 | total=0.0102  pred=0.0016  sigreg=0.0863  lr=3.00e-04
  E006 S0520 | total=0.0101  pred=0.0014  sigreg=0.0866  lr=3.00e-04
  E006 S0540 | total=0.0106  pred=0.0013  sigreg=0.0923  lr=3.00e-04
  E006 S0560 | total=0.0100  pred=0.0013  sigreg=0.0875  lr=3.00e-04
  E006 S0580 | total=0.0104  pred=0.0017  sigreg=0.0870  lr=3.00e-04
  E006 S0600 | total=0.0108  pred=0.0018  sigreg=0.0901  lr=3.00e-04
  E006 S0620 | total=0.0105  pred=0.0014  sigreg=0.0904  lr=3.00e-04
  E006 S0640 | total=0.0109  pred=0.0018  sigreg=0.0903  lr=3.00e-04

  ?? Epoch   6/40 ??
     Train: total=0.0111  pred=0.0019  sigreg=0.0911
     Val:   total=0.0242  pred=0.0073  sigreg=0.1691
     LR: 3.00e-04

  E007 S0000 | total=0.0187  pred=0.0098  sigreg=0.0888  lr=2.99e-04
  E007 S0020 | total=0.0130  pred=0.0036  sigreg=0.0937  lr=2.99e-04
  E007 S0040 | total=0.0128  pred=0.0029  sigreg=0.0990  lr=2.99e-04
  E007 S0060 | total=0.0123  pred=0.0022  sigreg=0.1011  lr=2.99e-04
  E007 S0080 | total=0.0113  pred=0.0016  sigreg=0.0961  lr=2.99e-04
  E007 S0100 | total=0.0110  pred=0.0016  sigreg=0.0936  lr=2.99e-04
  E007 S0120 | total=0.0108  pred=0.0016  sigreg=0.0924  lr=2.99e-04
  E007 S0140 | total=0.0115  pred=0.0026  sigreg=0.0890  lr=2.99e-04
  E007 S0160 | total=0.0104  pred=0.0014  sigreg=0.0898  lr=2.99e-04
  E007 S0180 | total=0.0104  pred=0.0019  sigreg=0.0849  lr=2.99e-04
  E007 S0200 | total=0.0107  pred=0.0018  sigreg=0.0890  lr=2.99e-04
  E007 S0220 | total=0.0107  pred=0.0015  sigreg=0.0921  lr=2.99e-04
  E007 S0240 | total=0.0108  pred=0.0019  sigreg=0.0896  lr=2.99e-04
  E007 S0260 | total=0.0106  pred=0.0017  sigreg=0.0887  lr=2.99e-04
  E007 S0280 | total=0.0100  pred=0.0014  sigreg=0.0854  lr=2.99e-04
  E007 S0300 | total=0.0109  pred=0.0016  sigreg=0.0927  lr=2.99e-04
  E007 S0320 | total=0.0097  pred=0.0013  sigreg=0.0832  lr=2.99e-04
  E007 S0340 | total=0.0102  pred=0.0012  sigreg=0.0904  lr=2.99e-04
  E007 S0360 | total=0.0103  pred=0.0017  sigreg=0.0860  lr=2.99e-04
  E007 S0380 | total=0.0111  pred=0.0021  sigreg=0.0896  lr=2.99e-04
  E007 S0400 | total=0.0110  pred=0.0022  sigreg=0.0878  lr=2.99e-04
  E007 S0420 | total=0.0101  pred=0.0019  sigreg=0.0817  lr=2.99e-04
  E007 S0440 | total=0.0104  pred=0.0015  sigreg=0.0888  lr=2.99e-04
  E007 S0460 | total=0.0101  pred=0.0012  sigreg=0.0887  lr=2.99e-04
  E007 S0480 | total=0.0103  pred=0.0014  sigreg=0.0888  lr=2.99e-04
  E007 S0500 | total=0.0110  pred=0.0023  sigreg=0.0870  lr=2.99e-04
  E007 S0520 | total=0.0105  pred=0.0020  sigreg=0.0847  lr=2.99e-04
  E007 S0540 | total=0.0105  pred=0.0014  sigreg=0.0907  lr=2.99e-04
  E007 S0560 | total=0.0103  pred=0.0014  sigreg=0.0892  lr=2.99e-04
  E007 S0580 | total=0.0098  pred=0.0015  sigreg=0.0838  lr=2.99e-04
  E007 S0600 | total=0.0101  pred=0.0016  sigreg=0.0853  lr=2.99e-04
  E007 S0620 | total=0.0109  pred=0.0017  sigreg=0.0919  lr=2.99e-04
  E007 S0640 | total=0.0100  pred=0.0018  sigreg=0.0816  lr=2.99e-04

  ?? Epoch   7/40 ??
     Train: total=0.0109  pred=0.0019  sigreg=0.0895
     Val:   total=0.0223  pred=0.0075  sigreg=0.1478
     LR: 2.99e-04

  E008 S0000 | total=0.0177  pred=0.0093  sigreg=0.0842  lr=2.98e-04
  E008 S0020 | total=0.0106  pred=0.0012  sigreg=0.0943  lr=2.98e-04
  E008 S0040 | total=0.0099  pred=0.0011  sigreg=0.0879  lr=2.98e-04
  E008 S0060 | total=0.0100  pred=0.0012  sigreg=0.0878  lr=2.98e-04
  E008 S0080 | total=0.0102  pred=0.0016  sigreg=0.0867  lr=2.98e-04
  E008 S0100 | total=0.0105  pred=0.0020  sigreg=0.0853  lr=2.98e-04
  E008 S0120 | total=0.0104  pred=0.0015  sigreg=0.0885  lr=2.98e-04
  E008 S0140 | total=0.0102  pred=0.0012  sigreg=0.0894  lr=2.98e-04
  E008 S0160 | total=0.0099  pred=0.0012  sigreg=0.0866  lr=2.98e-04
  E008 S0180 | total=0.0101  pred=0.0015  sigreg=0.0864  lr=2.98e-04
  E008 S0200 | total=0.0102  pred=0.0019  sigreg=0.0828  lr=2.98e-04
  E008 S0220 | total=0.0106  pred=0.0021  sigreg=0.0854  lr=2.98e-04
  E008 S0240 | total=0.0104  pred=0.0016  sigreg=0.0879  lr=2.98e-04
  E008 S0260 | total=0.0101  pred=0.0015  sigreg=0.0865  lr=2.98e-04
  E008 S0280 | total=0.0106  pred=0.0019  sigreg=0.0865  lr=2.98e-04
  E008 S0300 | total=0.0101  pred=0.0009  sigreg=0.0919  lr=2.98e-04
  E008 S0320 | total=0.0098  pred=0.0012  sigreg=0.0864  lr=2.98e-04
  E008 S0340 | total=0.0101  pred=0.0016  sigreg=0.0851  lr=2.98e-04
  E008 S0360 | total=0.0109  pred=0.0020  sigreg=0.0886  lr=2.98e-04
  E008 S0380 | total=0.0105  pred=0.0019  sigreg=0.0861  lr=2.98e-04
  E008 S0400 | total=0.0102  pred=0.0013  sigreg=0.0888  lr=2.98e-04
  E008 S0420 | total=0.0099  pred=0.0020  sigreg=0.0793  lr=2.98e-04
  E008 S0440 | total=0.0094  pred=0.0010  sigreg=0.0837  lr=2.98e-04
  E008 S0460 | total=0.0095  pred=0.0010  sigreg=0.0849  lr=2.98e-04
  E008 S0480 | total=0.0106  pred=0.0021  sigreg=0.0850  lr=2.98e-04
  E008 S0500 | total=0.0104  pred=0.0014  sigreg=0.0901  lr=2.98e-04
  E008 S0520 | total=0.0100  pred=0.0015  sigreg=0.0849  lr=2.98e-04
  E008 S0540 | total=0.0119  pred=0.0031  sigreg=0.0886  lr=2.98e-04
  E008 S0560 | total=0.0102  pred=0.0014  sigreg=0.0880  lr=2.98e-04
  E008 S0580 | total=0.0098  pred=0.0015  sigreg=0.0823  lr=2.98e-04
  E008 S0600 | total=0.0101  pred=0.0014  sigreg=0.0875  lr=2.98e-04
  E008 S0620 | total=0.0095  pred=0.0015  sigreg=0.0797  lr=2.98e-04
  E008 S0640 | total=0.0097  pred=0.0017  sigreg=0.0798  lr=2.98e-04

  ?? Epoch   8/40 ??
     Train: total=0.0102  pred=0.0016  sigreg=0.0865
     Val:   total=0.0177  pred=0.0020  sigreg=0.1569
     LR: 2.98e-04

  E009 S0000 | total=0.0113  pred=0.0027  sigreg=0.0865  lr=2.95e-04
  E009 S0020 | total=0.0106  pred=0.0018  sigreg=0.0874  lr=2.95e-04
  E009 S0040 | total=0.0098  pred=0.0011  sigreg=0.0872  lr=2.95e-04
  E009 S0060 | total=0.0096  pred=0.0014  sigreg=0.0821  lr=2.95e-04
  E009 S0080 | total=0.0100  pred=0.0013  sigreg=0.0869  lr=2.95e-04
  E009 S0100 | total=0.0099  pred=0.0018  sigreg=0.0811  lr=2.95e-04
  E009 S0120 | total=0.0093  pred=0.0011  sigreg=0.0821  lr=2.95e-04
  E009 S0140 | total=0.0115  pred=0.0029  sigreg=0.0858  lr=2.95e-04
  E009 S0160 | total=0.0103  pred=0.0016  sigreg=0.0871  lr=2.95e-04
  E009 S0180 | total=0.0095  pred=0.0009  sigreg=0.0859  lr=2.95e-04
  E009 S0200 | total=0.0098  pred=0.0012  sigreg=0.0858  lr=2.95e-04
  E009 S0220 | total=0.0102  pred=0.0018  sigreg=0.0831  lr=2.95e-04
  E009 S0240 | total=0.0103  pred=0.0013  sigreg=0.0908  lr=2.95e-04
  E009 S0260 | total=0.0103  pred=0.0014  sigreg=0.0891  lr=2.95e-04
  E009 S0280 | total=0.0099  pred=0.0013  sigreg=0.0860  lr=2.95e-04
  E009 S0300 | total=0.0094  pred=0.0009  sigreg=0.0856  lr=2.95e-04
  E009 S0320 | total=0.0097  pred=0.0013  sigreg=0.0841  lr=2.95e-04
  E009 S0340 | total=0.0093  pred=0.0011  sigreg=0.0820  lr=2.95e-04
  E009 S0360 | total=0.0094  pred=0.0013  sigreg=0.0818  lr=2.95e-04
  E009 S0380 | total=0.0097  pred=0.0010  sigreg=0.0873  lr=2.95e-04
  E009 S0400 | total=0.0093  pred=0.0012  sigreg=0.0817  lr=2.95e-04
  E009 S0420 | total=0.0102  pred=0.0018  sigreg=0.0846  lr=2.95e-04
  E009 S0440 | total=0.0093  pred=0.0013  sigreg=0.0804  lr=2.95e-04
  E009 S0460 | total=0.0101  pred=0.0017  sigreg=0.0840  lr=2.95e-04
  E009 S0480 | total=0.0096  pred=0.0012  sigreg=0.0839  lr=2.95e-04
  E009 S0500 | total=0.0096  pred=0.0014  sigreg=0.0823  lr=2.95e-04
  E009 S0520 | total=0.0106  pred=0.0019  sigreg=0.0862  lr=2.95e-04
  E009 S0540 | total=0.0096  pred=0.0014  sigreg=0.0827  lr=2.95e-04
  E009 S0560 | total=0.0098  pred=0.0016  sigreg=0.0812  lr=2.95e-04
  E009 S0580 | total=0.0095  pred=0.0011  sigreg=0.0834  lr=2.95e-04
  E009 S0600 | total=0.0094  pred=0.0017  sigreg=0.0774  lr=2.95e-04
  E009 S0620 | total=0.0094  pred=0.0012  sigreg=0.0813  lr=2.95e-04
  E009 S0640 | total=0.0092  pred=0.0011  sigreg=0.0816  lr=2.95e-04

  ?? Epoch   9/40 ??
     Train: total=0.0100  pred=0.0015  sigreg=0.0849
     Val:   total=0.0159  pred=0.0006  sigreg=0.1533
     LR: 2.95e-04

  Checkpoint saved [val=0.0159]
  E010 S0000 | total=0.0096  pred=0.0012  sigreg=0.0835  lr=2.90e-04
  E010 S0020 | total=0.0101  pred=0.0015  sigreg=0.0855  lr=2.90e-04
  E010 S0040 | total=0.0098  pred=0.0017  sigreg=0.0809  lr=2.90e-04
  E010 S0060 | total=0.0097  pred=0.0010  sigreg=0.0870  lr=2.90e-04
  E010 S0080 | total=0.0092  pred=0.0013  sigreg=0.0792  lr=2.90e-04
  E010 S0100 | total=0.0105  pred=0.0013  sigreg=0.0913  lr=2.90e-04
  E010 S0120 | total=0.0096  pred=0.0014  sigreg=0.0829  lr=2.90e-04
  E010 S0140 | total=0.0099  pred=0.0014  sigreg=0.0853  lr=2.90e-04
  E010 S0160 | total=0.0093  pred=0.0011  sigreg=0.0814  lr=2.90e-04
  E010 S0180 | total=0.0090  pred=0.0010  sigreg=0.0805  lr=2.90e-04
  E010 S0200 | total=0.0101  pred=0.0014  sigreg=0.0870  lr=2.90e-04
  E010 S0220 | total=0.0099  pred=0.0018  sigreg=0.0807  lr=2.90e-04
  E010 S0240 | total=0.0096  pred=0.0009  sigreg=0.0867  lr=2.90e-04
  E010 S0260 | total=0.0094  pred=0.0010  sigreg=0.0835  lr=2.90e-04
  E010 S0280 | total=0.0096  pred=0.0013  sigreg=0.0838  lr=2.90e-04
  E010 S0300 | total=0.0099  pred=0.0012  sigreg=0.0874  lr=2.90e-04
  E010 S0320 | total=0.0099  pred=0.0018  sigreg=0.0808  lr=2.90e-04
  E010 S0340 | total=0.0097  pred=0.0018  sigreg=0.0795  lr=2.90e-04
  E010 S0360 | total=0.0109  pred=0.0024  sigreg=0.0842  lr=2.90e-04
  E010 S0380 | total=0.0097  pred=0.0014  sigreg=0.0828  lr=2.90e-04
  E010 S0400 | total=0.0096  pred=0.0014  sigreg=0.0824  lr=2.90e-04
  E010 S0420 | total=0.0094  pred=0.0015  sigreg=0.0788  lr=2.90e-04
  E010 S0440 | total=0.0094  pred=0.0016  sigreg=0.0785  lr=2.90e-04
  E010 S0460 | total=0.0094  pred=0.0010  sigreg=0.0839  lr=2.90e-04
  E010 S0480 | total=0.0092  pred=0.0013  sigreg=0.0793  lr=2.90e-04
  E010 S0500 | total=0.0093  pred=0.0013  sigreg=0.0806  lr=2.90e-04
  E010 S0520 | total=0.0095  pred=0.0012  sigreg=0.0827  lr=2.90e-04
  E010 S0540 | total=0.0098  pred=0.0014  sigreg=0.0839  lr=2.90e-04
  E010 S0560 | total=0.0094  pred=0.0014  sigreg=0.0806  lr=2.90e-04
  E010 S0580 | total=0.0099  pred=0.0015  sigreg=0.0842  lr=2.90e-04
  E010 S0600 | total=0.0091  pred=0.0012  sigreg=0.0783  lr=2.90e-04
  E010 S0620 | total=0.0092  pred=0.0012  sigreg=0.0807  lr=2.90e-04
  E010 S0640 | total=0.0087  pred=0.0009  sigreg=0.0784  lr=2.90e-04

  ?? Epoch  10/40 ??
     Train: total=0.0097  pred=0.0014  sigreg=0.0826
     Val:   total=0.0220  pred=0.0060  sigreg=0.1592
     LR: 2.90e-04

  E011 S0000 | total=0.0144  pred=0.0065  sigreg=0.0789  lr=2.85e-04
  E011 S0020 | total=0.0101  pred=0.0016  sigreg=0.0848  lr=2.85e-04
  E011 S0040 | total=0.0103  pred=0.0018  sigreg=0.0852  lr=2.85e-04
  E011 S0060 | total=0.0101  pred=0.0010  sigreg=0.0909  lr=2.85e-04
  E011 S0080 | total=0.0096  pred=0.0012  sigreg=0.0833  lr=2.85e-04
  E011 S0100 | total=0.0100  pred=0.0015  sigreg=0.0856  lr=2.85e-04
  E011 S0120 | total=0.0094  pred=0.0013  sigreg=0.0806  lr=2.85e-04
  E011 S0140 | total=0.0101  pred=0.0023  sigreg=0.0782  lr=2.85e-04
  E011 S0160 | total=0.0096  pred=0.0015  sigreg=0.0810  lr=2.85e-04
  E011 S0180 | total=0.0092  pred=0.0011  sigreg=0.0805  lr=2.85e-04
  E011 S0200 | total=0.0097  pred=0.0012  sigreg=0.0848  lr=2.85e-04
  E011 S0220 | total=0.0098  pred=0.0013  sigreg=0.0847  lr=2.85e-04
  E011 S0240 | total=0.0091  pred=0.0011  sigreg=0.0798  lr=2.85e-04
  E011 S0260 | total=0.0102  pred=0.0014  sigreg=0.0874  lr=2.85e-04
  E011 S0280 | total=0.0096  pred=0.0014  sigreg=0.0821  lr=2.85e-04
  E011 S0300 | total=0.0096  pred=0.0012  sigreg=0.0838  lr=2.85e-04
  E011 S0320 | total=0.0091  pred=0.0013  sigreg=0.0777  lr=2.85e-04
  E011 S0340 | total=0.0089  pred=0.0010  sigreg=0.0796  lr=2.85e-04
  E011 S0360 | total=0.0089  pred=0.0012  sigreg=0.0772  lr=2.85e-04
  E011 S0380 | total=0.0094  pred=0.0013  sigreg=0.0814  lr=2.85e-04
  E011 S0400 | total=0.0090  pred=0.0012  sigreg=0.0773  lr=2.85e-04
  E011 S0420 | total=0.0102  pred=0.0017  sigreg=0.0855  lr=2.85e-04
  E011 S0440 | total=0.0093  pred=0.0012  sigreg=0.0818  lr=2.85e-04
  E011 S0460 | total=0.0092  pred=0.0011  sigreg=0.0804  lr=2.85e-04
  E011 S0480 | total=0.0098  pred=0.0017  sigreg=0.0805  lr=2.85e-04
  E011 S0500 | total=0.0094  pred=0.0014  sigreg=0.0799  lr=2.85e-04
  E011 S0520 | total=0.0092  pred=0.0011  sigreg=0.0811  lr=2.85e-04
  E011 S0540 | total=0.0090  pred=0.0012  sigreg=0.0789  lr=2.85e-04
  E011 S0560 | total=0.0095  pred=0.0020  sigreg=0.0745  lr=2.85e-04
  E011 S0580 | total=0.0098  pred=0.0020  sigreg=0.0780  lr=2.85e-04
  E011 S0600 | total=0.0096  pred=0.0021  sigreg=0.0757  lr=2.85e-04
  E011 S0620 | total=0.0096  pred=0.0013  sigreg=0.0825  lr=2.85e-04
  E011 S0640 | total=0.0094  pred=0.0012  sigreg=0.0817  lr=2.85e-04

  ?? Epoch  11/40 ??
     Train: total=0.0096  pred=0.0015  sigreg=0.0815
     Val:   total=0.0173  pred=0.0011  sigreg=0.1614
     LR: 2.85e-04

  E012 S0000 | total=0.0100  pred=0.0019  sigreg=0.0809  lr=2.79e-04
  E012 S0020 | total=0.0098  pred=0.0018  sigreg=0.0804  lr=2.79e-04
  E012 S0040 | total=0.0094  pred=0.0012  sigreg=0.0823  lr=2.79e-04
  E012 S0060 | total=0.0093  pred=0.0011  sigreg=0.0826  lr=2.79e-04
  E012 S0080 | total=0.0091  pred=0.0013  sigreg=0.0781  lr=2.79e-04
  E012 S0100 | total=0.0089  pred=0.0009  sigreg=0.0798  lr=2.79e-04
  E012 S0120 | total=0.0091  pred=0.0014  sigreg=0.0771  lr=2.79e-04
  E012 S0140 | total=0.0096  pred=0.0015  sigreg=0.0802  lr=2.79e-04
  E012 S0160 | total=0.0091  pred=0.0017  sigreg=0.0739  lr=2.79e-04
  E012 S0180 | total=0.0091  pred=0.0014  sigreg=0.0772  lr=2.79e-04
  E012 S0200 | total=0.0090  pred=0.0010  sigreg=0.0800  lr=2.79e-04
  E012 S0220 | total=0.0093  pred=0.0016  sigreg=0.0769  lr=2.79e-04
  E012 S0240 | total=0.0099  pred=0.0017  sigreg=0.0829  lr=2.79e-04
  E012 S0260 | total=0.0093  pred=0.0017  sigreg=0.0762  lr=2.79e-04
  E012 S0280 | total=0.0090  pred=0.0015  sigreg=0.0754  lr=2.79e-04
  E012 S0300 | total=0.0089  pred=0.0013  sigreg=0.0760  lr=2.79e-04
  E012 S0320 | total=0.0099  pred=0.0017  sigreg=0.0815  lr=2.79e-04
  E012 S0340 | total=0.0091  pred=0.0014  sigreg=0.0775  lr=2.79e-04
  E012 S0360 | total=0.0093  pred=0.0017  sigreg=0.0763  lr=2.79e-04
  E012 S0380 | total=0.0091  pred=0.0014  sigreg=0.0777  lr=2.79e-04
  E012 S0400 | total=0.0090  pred=0.0013  sigreg=0.0770  lr=2.79e-04
  E012 S0420 | total=0.0088  pred=0.0015  sigreg=0.0731  lr=2.79e-04
  E012 S0440 | total=0.0085  pred=0.0012  sigreg=0.0730  lr=2.79e-04
  E012 S0460 | total=0.0091  pred=0.0013  sigreg=0.0776  lr=2.79e-04
  E012 S0480 | total=0.0084  pred=0.0011  sigreg=0.0733  lr=2.79e-04
  E012 S0500 | total=0.0099  pred=0.0015  sigreg=0.0845  lr=2.79e-04
  E012 S0520 | total=0.0087  pred=0.0012  sigreg=0.0752  lr=2.79e-04
  E012 S0540 | total=0.0084  pred=0.0013  sigreg=0.0713  lr=2.79e-04
  E012 S0560 | total=0.0100  pred=0.0023  sigreg=0.0767  lr=2.79e-04
  E012 S0580 | total=0.0090  pred=0.0014  sigreg=0.0755  lr=2.79e-04
  E012 S0600 | total=0.0084  pred=0.0013  sigreg=0.0708  lr=2.79e-04
  E012 S0620 | total=0.0084  pred=0.0011  sigreg=0.0731  lr=2.79e-04
  E012 S0640 | total=0.0084  pred=0.0015  sigreg=0.0691  lr=2.79e-04

  ?? Epoch  12/40 ??
     Train: total=0.0091  pred=0.0014  sigreg=0.0769
     Val:   total=0.0186  pred=0.0032  sigreg=0.1537
     LR: 2.79e-04

  E013 S0000 | total=0.0103  pred=0.0032  sigreg=0.0716  lr=2.71e-04
  E013 S0020 | total=0.0121  pred=0.0045  sigreg=0.0761  lr=2.71e-04
  E013 S0040 | total=0.0090  pred=0.0014  sigreg=0.0762  lr=2.71e-04
  E013 S0060 | total=0.0098  pred=0.0022  sigreg=0.0759  lr=2.71e-04
  E013 S0080 | total=0.0086  pred=0.0012  sigreg=0.0739  lr=2.71e-04
  E013 S0100 | total=0.0085  pred=0.0014  sigreg=0.0705  lr=2.71e-04
  E013 S0120 | total=0.0084  pred=0.0013  sigreg=0.0706  lr=2.71e-04
  E013 S0140 | total=0.0087  pred=0.0014  sigreg=0.0732  lr=2.71e-04
  E013 S0160 | total=0.0085  pred=0.0014  sigreg=0.0706  lr=2.71e-04
  E013 S0180 | total=0.0082  pred=0.0015  sigreg=0.0676  lr=2.71e-04
  E013 S0200 | total=0.0089  pred=0.0018  sigreg=0.0706  lr=2.71e-04
  E013 S0220 | total=0.0084  pred=0.0014  sigreg=0.0700  lr=2.71e-04
  E013 S0240 | total=0.0084  pred=0.0016  sigreg=0.0679  lr=2.71e-04
  E013 S0260 | total=0.0090  pred=0.0017  sigreg=0.0731  lr=2.71e-04
  E013 S0280 | total=0.0087  pred=0.0020  sigreg=0.0670  lr=2.71e-04
  E013 S0300 | total=0.0084  pred=0.0019  sigreg=0.0654  lr=2.71e-04
  E013 S0320 | total=0.0084  pred=0.0016  sigreg=0.0681  lr=2.71e-04
  E013 S0340 | total=0.0084  pred=0.0017  sigreg=0.0671  lr=2.71e-04
  E013 S0360 | total=0.0081  pred=0.0013  sigreg=0.0685  lr=2.71e-04
  E013 S0380 | total=0.0085  pred=0.0020  sigreg=0.0646  lr=2.71e-04
  E013 S0400 | total=0.0088  pred=0.0022  sigreg=0.0663  lr=2.71e-04
  E013 S0420 | total=0.0084  pred=0.0020  sigreg=0.0645  lr=2.71e-04
  E013 S0440 | total=0.0090  pred=0.0021  sigreg=0.0682  lr=2.71e-04
  E013 S0460 | total=0.0084  pred=0.0017  sigreg=0.0674  lr=2.71e-04
  E013 S0480 | total=0.0077  pred=0.0015  sigreg=0.0623  lr=2.71e-04
  E013 S0500 | total=0.0091  pred=0.0025  sigreg=0.0660  lr=2.71e-04
  E013 S0520 | total=0.0083  pred=0.0018  sigreg=0.0651  lr=2.71e-04
  E013 S0540 | total=0.0086  pred=0.0019  sigreg=0.0671  lr=2.71e-04
  E013 S0560 | total=0.0077  pred=0.0015  sigreg=0.0617  lr=2.71e-04
  E013 S0580 | total=0.0080  pred=0.0015  sigreg=0.0644  lr=2.71e-04
  E013 S0600 | total=0.0076  pred=0.0013  sigreg=0.0633  lr=2.71e-04
  E013 S0620 | total=0.0082  pred=0.0020  sigreg=0.0616  lr=2.71e-04
  E013 S0640 | total=0.0076  pred=0.0014  sigreg=0.0616  lr=2.71e-04

  ?? Epoch  13/40 ??
     Train: total=0.0085  pred=0.0016  sigreg=0.0690
     Val:   total=0.0171  pred=0.0009  sigreg=0.1618
     LR: 2.71e-04

  E014 S0000 | total=0.0075  pred=0.0016  sigreg=0.0590  lr=2.63e-04
  E014 S0020 | total=0.0081  pred=0.0016  sigreg=0.0653  lr=2.63e-04
  E014 S0040 | total=0.0074  pred=0.0014  sigreg=0.0606  lr=2.63e-04
  E014 S0060 | total=0.0073  pred=0.0014  sigreg=0.0597  lr=2.63e-04
  E014 S0080 | total=0.0075  pred=0.0015  sigreg=0.0597  lr=2.63e-04
  E014 S0100 | total=0.0077  pred=0.0014  sigreg=0.0634  lr=2.63e-04
  E014 S0120 | total=0.0075  pred=0.0011  sigreg=0.0645  lr=2.63e-04
  E014 S0140 | total=0.0076  pred=0.0015  sigreg=0.0609  lr=2.63e-04
  E014 S0160 | total=0.0080  pred=0.0019  sigreg=0.0608  lr=2.63e-04
  E014 S0180 | total=0.0074  pred=0.0013  sigreg=0.0613  lr=2.63e-04
  E014 S0200 | total=0.0073  pred=0.0012  sigreg=0.0609  lr=2.63e-04
  E014 S0220 | total=0.0077  pred=0.0018  sigreg=0.0592  lr=2.63e-04
  E014 S0240 | total=0.0078  pred=0.0015  sigreg=0.0634  lr=2.63e-04
  E014 S0260 | total=0.0083  pred=0.0023  sigreg=0.0599  lr=2.63e-04
  E014 S0280 | total=0.0077  pred=0.0021  sigreg=0.0558  lr=2.63e-04
  E014 S0300 | total=0.0078  pred=0.0012  sigreg=0.0656  lr=2.63e-04
  E014 S0320 | total=0.0078  pred=0.0020  sigreg=0.0578  lr=2.63e-04
  E014 S0340 | total=0.0073  pred=0.0016  sigreg=0.0577  lr=2.63e-04
  E014 S0360 | total=0.0077  pred=0.0014  sigreg=0.0629  lr=2.63e-04
  E014 S0380 | total=0.0070  pred=0.0017  sigreg=0.0539  lr=2.63e-04
  E014 S0400 | total=0.0077  pred=0.0016  sigreg=0.0610  lr=2.63e-04
  E014 S0420 | total=0.0071  pred=0.0013  sigreg=0.0581  lr=2.63e-04
  E014 S0440 | total=0.0076  pred=0.0016  sigreg=0.0601  lr=2.63e-04
  E014 S0460 | total=0.0066  pred=0.0010  sigreg=0.0559  lr=2.63e-04
  E014 S0480 | total=0.0079  pred=0.0021  sigreg=0.0576  lr=2.63e-04
  E014 S0500 | total=0.0075  pred=0.0014  sigreg=0.0613  lr=2.63e-04
  E014 S0520 | total=0.0075  pred=0.0018  sigreg=0.0573  lr=2.63e-04
  E014 S0540 | total=0.0074  pred=0.0015  sigreg=0.0596  lr=2.63e-04
  E014 S0560 | total=0.0073  pred=0.0014  sigreg=0.0590  lr=2.63e-04
  E014 S0580 | total=0.0080  pred=0.0021  sigreg=0.0592  lr=2.63e-04
  E014 S0600 | total=0.0072  pred=0.0016  sigreg=0.0565  lr=2.63e-04
  E014 S0620 | total=0.0076  pred=0.0019  sigreg=0.0566  lr=2.63e-04
  E014 S0640 | total=0.0069  pred=0.0013  sigreg=0.0559  lr=2.63e-04

  ?? Epoch  14/40 ??
     Train: total=0.0076  pred=0.0016  sigreg=0.0602
     Val:   total=0.0154  pred=0.0007  sigreg=0.1477
     LR: 2.63e-04

  Checkpoint saved [val=0.0154]
  E015 S0000 | total=0.0074  pred=0.0018  sigreg=0.0560  lr=2.54e-04
  E015 S0020 | total=0.0079  pred=0.0021  sigreg=0.0580  lr=2.54e-04
  E015 S0040 | total=0.0075  pred=0.0015  sigreg=0.0601  lr=2.54e-04
  E015 S0060 | total=0.0075  pred=0.0017  sigreg=0.0582  lr=2.54e-04
  E015 S0080 | total=0.0069  pred=0.0015  sigreg=0.0538  lr=2.54e-04
  E015 S0100 | total=0.0071  pred=0.0016  sigreg=0.0553  lr=2.54e-04
  E015 S0120 | total=0.0075  pred=0.0015  sigreg=0.0604  lr=2.54e-04
  E015 S0140 | total=0.0075  pred=0.0016  sigreg=0.0590  lr=2.54e-04
  E015 S0160 | total=0.0081  pred=0.0022  sigreg=0.0589  lr=2.54e-04
  E015 S0180 | total=0.0077  pred=0.0017  sigreg=0.0597  lr=2.54e-04
  E015 S0200 | total=0.0072  pred=0.0016  sigreg=0.0561  lr=2.54e-04
  E015 S0220 | total=0.0068  pred=0.0013  sigreg=0.0554  lr=2.54e-04
  E015 S0240 | total=0.0079  pred=0.0020  sigreg=0.0591  lr=2.54e-04
  E015 S0260 | total=0.0070  pred=0.0016  sigreg=0.0540  lr=2.54e-04
  E015 S0280 | total=0.0070  pred=0.0015  sigreg=0.0555  lr=2.54e-04
  E015 S0300 | total=0.0072  pred=0.0014  sigreg=0.0582  lr=2.54e-04
  E015 S0320 | total=0.0076  pred=0.0019  sigreg=0.0574  lr=2.54e-04
  E015 S0340 | total=0.0074  pred=0.0016  sigreg=0.0585  lr=2.54e-04
  E015 S0360 | total=0.0072  pred=0.0016  sigreg=0.0560  lr=2.54e-04
  E015 S0380 | total=0.0074  pred=0.0017  sigreg=0.0563  lr=2.54e-04
  E015 S0400 | total=0.0072  pred=0.0015  sigreg=0.0575  lr=2.54e-04
  E015 S0420 | total=0.0071  pred=0.0013  sigreg=0.0573  lr=2.54e-04
  E015 S0440 | total=0.0068  pred=0.0012  sigreg=0.0561  lr=2.54e-04
  E015 S0460 | total=0.0067  pred=0.0013  sigreg=0.0535  lr=2.54e-04
  E015 S0480 | total=0.0072  pred=0.0017  sigreg=0.0554  lr=2.54e-04
  E015 S0500 | total=0.0077  pred=0.0019  sigreg=0.0581  lr=2.54e-04
  E015 S0520 | total=0.0069  pred=0.0012  sigreg=0.0576  lr=2.54e-04
  E015 S0540 | total=0.0068  pred=0.0016  sigreg=0.0525  lr=2.54e-04
  E015 S0560 | total=0.0074  pred=0.0018  sigreg=0.0557  lr=2.54e-04
  E015 S0580 | total=0.0076  pred=0.0017  sigreg=0.0588  lr=2.54e-04
  E015 S0600 | total=0.0071  pred=0.0015  sigreg=0.0557  lr=2.54e-04
  E015 S0620 | total=0.0066  pred=0.0013  sigreg=0.0531  lr=2.54e-04
  E015 S0640 | total=0.0074  pred=0.0015  sigreg=0.0594  lr=2.54e-04

  ?? Epoch  15/40 ??
     Train: total=0.0073  pred=0.0016  sigreg=0.0573
     Val:   total=0.0179  pred=0.0020  sigreg=0.1584
     LR: 2.54e-04

  E016 S0000 | total=0.0090  pred=0.0031  sigreg=0.0589  lr=2.44e-04
  E016 S0020 | total=0.0080  pred=0.0022  sigreg=0.0583  lr=2.44e-04
  E016 S0040 | total=0.0075  pred=0.0015  sigreg=0.0598  lr=2.44e-04
  E016 S0060 | total=0.0070  pred=0.0015  sigreg=0.0547  lr=2.44e-04
  E016 S0080 | total=0.0070  pred=0.0015  sigreg=0.0548  lr=2.44e-04
  E016 S0100 | total=0.0068  pred=0.0011  sigreg=0.0568  lr=2.44e-04
  E016 S0120 | total=0.0076  pred=0.0014  sigreg=0.0623  lr=2.44e-04
  E016 S0140 | total=0.0075  pred=0.0019  sigreg=0.0553  lr=2.44e-04
  E016 S0160 | total=0.0069  pred=0.0012  sigreg=0.0577  lr=2.44e-04
  E016 S0180 | total=0.0071  pred=0.0013  sigreg=0.0574  lr=2.44e-04
  E016 S0200 | total=0.0070  pred=0.0016  sigreg=0.0536  lr=2.44e-04
  E016 S0220 | total=0.0071  pred=0.0015  sigreg=0.0553  lr=2.44e-04
  E016 S0240 | total=0.0075  pred=0.0017  sigreg=0.0577  lr=2.44e-04
  E016 S0260 | total=0.0074  pred=0.0019  sigreg=0.0556  lr=2.44e-04
  E016 S0280 | total=0.0072  pred=0.0014  sigreg=0.0584  lr=2.44e-04
  E016 S0300 | total=0.0063  pred=0.0011  sigreg=0.0520  lr=2.44e-04
  E016 S0320 | total=0.0071  pred=0.0016  sigreg=0.0559  lr=2.44e-04
  E016 S0340 | total=0.0071  pred=0.0017  sigreg=0.0537  lr=2.44e-04
  E016 S0360 | total=0.0069  pred=0.0014  sigreg=0.0545  lr=2.44e-04
  E016 S0380 | total=0.0072  pred=0.0012  sigreg=0.0600  lr=2.44e-04
  E016 S0400 | total=0.0066  pred=0.0013  sigreg=0.0528  lr=2.44e-04
  E016 S0420 | total=0.0070  pred=0.0013  sigreg=0.0570  lr=2.44e-04
  E016 S0440 | total=0.0069  pred=0.0014  sigreg=0.0553  lr=2.44e-04
  E016 S0460 | total=0.0072  pred=0.0019  sigreg=0.0527  lr=2.44e-04
  E016 S0480 | total=0.0066  pred=0.0012  sigreg=0.0543  lr=2.44e-04
  E016 S0500 | total=0.0078  pred=0.0023  sigreg=0.0551  lr=2.44e-04
  E016 S0520 | total=0.0069  pred=0.0014  sigreg=0.0542  lr=2.44e-04
  E016 S0540 | total=0.0067  pred=0.0012  sigreg=0.0547  lr=2.44e-04
  E016 S0560 | total=0.0072  pred=0.0015  sigreg=0.0564  lr=2.44e-04
  E016 S0580 | total=0.0069  pred=0.0013  sigreg=0.0559  lr=2.44e-04
  E016 S0600 | total=0.0074  pred=0.0018  sigreg=0.0559  lr=2.44e-04
  E016 S0620 | total=0.0070  pred=0.0017  sigreg=0.0536  lr=2.44e-04
  E016 S0640 | total=0.0069  pred=0.0012  sigreg=0.0574  lr=2.44e-04

  ?? Epoch  16/40 ??
     Train: total=0.0072  pred=0.0015  sigreg=0.0567
     Val:   total=0.0152  pred=0.0009  sigreg=0.1432
     LR: 2.44e-04

  Checkpoint saved [val=0.0152]
  E017 S0000 | total=0.0076  pred=0.0019  sigreg=0.0564  lr=2.33e-04
  E017 S0020 | total=0.0071  pred=0.0016  sigreg=0.0551  lr=2.33e-04
  E017 S0040 | total=0.0071  pred=0.0012  sigreg=0.0590  lr=2.33e-04
  E017 S0060 | total=0.0066  pred=0.0012  sigreg=0.0548  lr=2.33e-04
  E017 S0080 | total=0.0076  pred=0.0020  sigreg=0.0556  lr=2.33e-04
  E017 S0100 | total=0.0065  pred=0.0014  sigreg=0.0509  lr=2.33e-04
  E017 S0120 | total=0.0069  pred=0.0013  sigreg=0.0564  lr=2.33e-04
  E017 S0140 | total=0.0063  pred=0.0010  sigreg=0.0522  lr=2.33e-04
  E017 S0160 | total=0.0076  pred=0.0022  sigreg=0.0540  lr=2.33e-04
  E017 S0180 | total=0.0065  pred=0.0013  sigreg=0.0523  lr=2.33e-04
  E017 S0200 | total=0.0065  pred=0.0013  sigreg=0.0522  lr=2.33e-04
  E017 S0220 | total=0.0069  pred=0.0015  sigreg=0.0538  lr=2.33e-04
  E017 S0240 | total=0.0071  pred=0.0014  sigreg=0.0567  lr=2.33e-04
  E017 S0260 | total=0.0073  pred=0.0020  sigreg=0.0524  lr=2.33e-04
  E017 S0280 | total=0.0072  pred=0.0013  sigreg=0.0590  lr=2.33e-04
  E017 S0300 | total=0.0067  pred=0.0012  sigreg=0.0549  lr=2.33e-04
  E017 S0320 | total=0.0071  pred=0.0015  sigreg=0.0560  lr=2.33e-04
  E017 S0340 | total=0.0070  pred=0.0014  sigreg=0.0558  lr=2.33e-04
  E017 S0360 | total=0.0068  pred=0.0017  sigreg=0.0509  lr=2.33e-04
  E017 S0380 | total=0.0067  pred=0.0013  sigreg=0.0539  lr=2.33e-04
  E017 S0400 | total=0.0065  pred=0.0013  sigreg=0.0525  lr=2.33e-04
  E017 S0420 | total=0.0063  pred=0.0010  sigreg=0.0532  lr=2.33e-04
  E017 S0440 | total=0.0067  pred=0.0017  sigreg=0.0498  lr=2.33e-04
  E017 S0460 | total=0.0072  pred=0.0020  sigreg=0.0525  lr=2.33e-04
  E017 S0480 | total=0.0071  pred=0.0013  sigreg=0.0579  lr=2.33e-04
  E017 S0500 | total=0.0077  pred=0.0021  sigreg=0.0558  lr=2.33e-04
  E017 S0520 | total=0.0074  pred=0.0016  sigreg=0.0579  lr=2.33e-04
  E017 S0540 | total=0.0072  pred=0.0018  sigreg=0.0547  lr=2.33e-04
  E017 S0560 | total=0.0068  pred=0.0012  sigreg=0.0562  lr=2.33e-04
  E017 S0580 | total=0.0072  pred=0.0018  sigreg=0.0545  lr=2.33e-04
  E017 S0600 | total=0.0073  pred=0.0020  sigreg=0.0529  lr=2.33e-04
  E017 S0620 | total=0.0068  pred=0.0012  sigreg=0.0560  lr=2.33e-04
  E017 S0640 | total=0.0068  pred=0.0016  sigreg=0.0520  lr=2.33e-04

  ?? Epoch  17/40 ??
     Train: total=0.0070  pred=0.0015  sigreg=0.0553
     Val:   total=0.0155  pred=0.0005  sigreg=0.1505
     LR: 2.33e-04

  E018 S0000 | total=0.0070  pred=0.0013  sigreg=0.0570  lr=2.21e-04
  E018 S0020 | total=0.0069  pred=0.0013  sigreg=0.0560  lr=2.21e-04
  E018 S0040 | total=0.0067  pred=0.0012  sigreg=0.0546  lr=2.21e-04
  E018 S0060 | total=0.0069  pred=0.0014  sigreg=0.0543  lr=2.21e-04
  E018 S0080 | total=0.0067  pred=0.0011  sigreg=0.0558  lr=2.21e-04
  E018 S0100 | total=0.0071  pred=0.0014  sigreg=0.0571  lr=2.21e-04
  E018 S0120 | total=0.0070  pred=0.0015  sigreg=0.0555  lr=2.21e-04
  E018 S0140 | total=0.0067  pred=0.0012  sigreg=0.0545  lr=2.21e-04
  E018 S0160 | total=0.0062  pred=0.0012  sigreg=0.0494  lr=2.21e-04
  E018 S0180 | total=0.0064  pred=0.0013  sigreg=0.0518  lr=2.21e-04
  E018 S0200 | total=0.0067  pred=0.0013  sigreg=0.0536  lr=2.21e-04
  E018 S0220 | total=0.0066  pred=0.0013  sigreg=0.0528  lr=2.21e-04
  E018 S0240 | total=0.0067  pred=0.0014  sigreg=0.0530  lr=2.21e-04
  E018 S0260 | total=0.0071  pred=0.0016  sigreg=0.0552  lr=2.21e-04
  E018 S0280 | total=0.0069  pred=0.0012  sigreg=0.0574  lr=2.21e-04
  E018 S0300 | total=0.0067  pred=0.0015  sigreg=0.0528  lr=2.21e-04
  E018 S0320 | total=0.0070  pred=0.0013  sigreg=0.0564  lr=2.21e-04
  E018 S0340 | total=0.0067  pred=0.0011  sigreg=0.0566  lr=2.21e-04
  E018 S0360 | total=0.0067  pred=0.0010  sigreg=0.0565  lr=2.21e-04
  E018 S0380 | total=0.0074  pred=0.0015  sigreg=0.0587  lr=2.21e-04
  E018 S0400 | total=0.0071  pred=0.0013  sigreg=0.0583  lr=2.21e-04
  E018 S0420 | total=0.0068  pred=0.0016  sigreg=0.0523  lr=2.21e-04
  E018 S0440 | total=0.0067  pred=0.0012  sigreg=0.0546  lr=2.21e-04
  E018 S0460 | total=0.0072  pred=0.0017  sigreg=0.0547  lr=2.21e-04
  E018 S0480 | total=0.0073  pred=0.0016  sigreg=0.0570  lr=2.21e-04
  E018 S0500 | total=0.0065  pred=0.0010  sigreg=0.0545  lr=2.21e-04
  E018 S0520 | total=0.0066  pred=0.0013  sigreg=0.0523  lr=2.21e-04
  E018 S0540 | total=0.0075  pred=0.0013  sigreg=0.0619  lr=2.21e-04
  E018 S0560 | total=0.0067  pred=0.0016  sigreg=0.0513  lr=2.21e-04
  E018 S0580 | total=0.0067  pred=0.0011  sigreg=0.0561  lr=2.21e-04
  E018 S0600 | total=0.0071  pred=0.0018  sigreg=0.0535  lr=2.21e-04
  E018 S0620 | total=0.0071  pred=0.0013  sigreg=0.0578  lr=2.21e-04
  E018 S0640 | total=0.0068  pred=0.0016  sigreg=0.0524  lr=2.21e-04

  ?? Epoch  18/40 ??
     Train: total=0.0069  pred=0.0014  sigreg=0.0546
     Val:   total=0.0157  pred=0.0009  sigreg=0.1486
     LR: 2.21e-04

  E019 S0000 | total=0.0073  pred=0.0018  sigreg=0.0553  lr=2.09e-04
  E019 S0020 | total=0.0068  pred=0.0013  sigreg=0.0546  lr=2.09e-04
  E019 S0040 | total=0.0067  pred=0.0015  sigreg=0.0522  lr=2.09e-04
  E019 S0060 | total=0.0071  pred=0.0016  sigreg=0.0550  lr=2.09e-04
  E019 S0080 | total=0.0066  pred=0.0011  sigreg=0.0545  lr=2.09e-04
  E019 S0100 | total=0.0069  pred=0.0013  sigreg=0.0558  lr=2.09e-04
  E019 S0120 | total=0.0068  pred=0.0013  sigreg=0.0552  lr=2.09e-04
  E019 S0140 | total=0.0067  pred=0.0013  sigreg=0.0531  lr=2.09e-04
  E019 S0160 | total=0.0066  pred=0.0015  sigreg=0.0517  lr=2.09e-04
  E019 S0180 | total=0.0072  pred=0.0015  sigreg=0.0563  lr=2.09e-04
  E019 S0200 | total=0.0067  pred=0.0014  sigreg=0.0537  lr=2.09e-04
  E019 S0220 | total=0.0069  pred=0.0015  sigreg=0.0535  lr=2.09e-04
  E019 S0240 | total=0.0061  pred=0.0011  sigreg=0.0504  lr=2.09e-04
  E019 S0260 | total=0.0073  pred=0.0017  sigreg=0.0560  lr=2.09e-04
  E019 S0280 | total=0.0068  pred=0.0017  sigreg=0.0510  lr=2.09e-04
  E019 S0300 | total=0.0068  pred=0.0015  sigreg=0.0525  lr=2.09e-04
  E019 S0320 | total=0.0070  pred=0.0015  sigreg=0.0559  lr=2.09e-04
  E019 S0340 | total=0.0066  pred=0.0010  sigreg=0.0556  lr=2.09e-04
  E019 S0360 | total=0.0066  pred=0.0014  sigreg=0.0520  lr=2.09e-04
  E019 S0380 | total=0.0066  pred=0.0012  sigreg=0.0543  lr=2.09e-04
  E019 S0400 | total=0.0067  pred=0.0015  sigreg=0.0521  lr=2.09e-04
  E019 S0420 | total=0.0063  pred=0.0011  sigreg=0.0522  lr=2.09e-04
  E019 S0440 | total=0.0066  pred=0.0012  sigreg=0.0538  lr=2.09e-04
  E019 S0460 | total=0.0065  pred=0.0013  sigreg=0.0529  lr=2.09e-04
  E019 S0480 | total=0.0066  pred=0.0013  sigreg=0.0530  lr=2.09e-04
  E019 S0500 | total=0.0067  pred=0.0013  sigreg=0.0543  lr=2.09e-04
  E019 S0520 | total=0.0063  pred=0.0011  sigreg=0.0524  lr=2.09e-04
  E019 S0540 | total=0.0069  pred=0.0014  sigreg=0.0548  lr=2.09e-04
  E019 S0560 | total=0.0067  pred=0.0013  sigreg=0.0543  lr=2.09e-04
  E019 S0580 | total=0.0070  pred=0.0016  sigreg=0.0543  lr=2.09e-04
  E019 S0600 | total=0.0069  pred=0.0014  sigreg=0.0555  lr=2.09e-04
  E019 S0620 | total=0.0071  pred=0.0015  sigreg=0.0555  lr=2.09e-04
  E019 S0640 | total=0.0066  pred=0.0015  sigreg=0.0516  lr=2.09e-04

  ?? Epoch  19/40 ??
     Train: total=0.0068  pred=0.0014  sigreg=0.0541
     Val:   total=0.0195  pred=0.0043  sigreg=0.1527
     LR: 2.09e-04

  E020 S0000 | total=0.0103  pred=0.0050  sigreg=0.0529  lr=1.96e-04
  E020 S0020 | total=0.0074  pred=0.0016  sigreg=0.0579  lr=1.96e-04
  E020 S0040 | total=0.0071  pred=0.0010  sigreg=0.0608  lr=1.96e-04
  E020 S0060 | total=0.0069  pred=0.0014  sigreg=0.0556  lr=1.96e-04
  E020 S0080 | total=0.0067  pred=0.0014  sigreg=0.0525  lr=1.96e-04
  E020 S0100 | total=0.0070  pred=0.0017  sigreg=0.0529  lr=1.96e-04
  E020 S0120 | total=0.0064  pred=0.0013  sigreg=0.0514  lr=1.96e-04
  E020 S0140 | total=0.0069  pred=0.0011  sigreg=0.0579  lr=1.96e-04
  E020 S0160 | total=0.0069  pred=0.0015  sigreg=0.0541  lr=1.96e-04
  E020 S0180 | total=0.0073  pred=0.0014  sigreg=0.0585  lr=1.96e-04
  E020 S0200 | total=0.0074  pred=0.0017  sigreg=0.0574  lr=1.96e-04
  E020 S0220 | total=0.0066  pred=0.0013  sigreg=0.0530  lr=1.96e-04
  E020 S0240 | total=0.0072  pred=0.0017  sigreg=0.0543  lr=1.96e-04
  E020 S0260 | total=0.0072  pred=0.0014  sigreg=0.0579  lr=1.96e-04
  E020 S0280 | total=0.0067  pred=0.0013  sigreg=0.0534  lr=1.96e-04
  E020 S0300 | total=0.0067  pred=0.0015  sigreg=0.0514  lr=1.96e-04
  E020 S0320 | total=0.0068  pred=0.0013  sigreg=0.0543  lr=1.96e-04
  E020 S0340 | total=0.0069  pred=0.0011  sigreg=0.0586  lr=1.96e-04
  E020 S0360 | total=0.0070  pred=0.0013  sigreg=0.0561  lr=1.96e-04
  E020 S0380 | total=0.0068  pred=0.0012  sigreg=0.0555  lr=1.96e-04
  E020 S0400 | total=0.0065  pred=0.0010  sigreg=0.0548  lr=1.96e-04
  E020 S0420 | total=0.0064  pred=0.0009  sigreg=0.0549  lr=1.96e-04
  E020 S0440 | total=0.0064  pred=0.0012  sigreg=0.0520  lr=1.96e-04
  E020 S0460 | total=0.0063  pred=0.0008  sigreg=0.0554  lr=1.96e-04
  E020 S0480 | total=0.0065  pred=0.0012  sigreg=0.0530  lr=1.96e-04
  E020 S0500 | total=0.0068  pred=0.0013  sigreg=0.0550  lr=1.96e-04
  E020 S0520 | total=0.0066  pred=0.0016  sigreg=0.0496  lr=1.96e-04
  E020 S0540 | total=0.0066  pred=0.0013  sigreg=0.0532  lr=1.96e-04
  E020 S0560 | total=0.0069  pred=0.0013  sigreg=0.0563  lr=1.96e-04
  E020 S0580 | total=0.0063  pred=0.0011  sigreg=0.0526  lr=1.96e-04
  E020 S0600 | total=0.0069  pred=0.0013  sigreg=0.0562  lr=1.96e-04
  E020 S0620 | total=0.0068  pred=0.0010  sigreg=0.0581  lr=1.96e-04
  E020 S0640 | total=0.0062  pred=0.0009  sigreg=0.0523  lr=1.96e-04

  ?? Epoch  20/40 ??
     Train: total=0.0067  pred=0.0014  sigreg=0.0539
     Val:   total=0.0159  pred=0.0006  sigreg=0.1536
     LR: 1.96e-04

  E021 S0000 | total=0.0064  pred=0.0012  sigreg=0.0525  lr=1.83e-04
  E021 S0020 | total=0.0069  pred=0.0012  sigreg=0.0565  lr=1.83e-04
  E021 S0040 | total=0.0066  pred=0.0015  sigreg=0.0515  lr=1.83e-04
  E021 S0060 | total=0.0071  pred=0.0015  sigreg=0.0564  lr=1.83e-04
  E021 S0080 | total=0.0067  pred=0.0013  sigreg=0.0541  lr=1.83e-04
  E021 S0100 | total=0.0069  pred=0.0014  sigreg=0.0555  lr=1.83e-04
  E021 S0120 | total=0.0067  pred=0.0014  sigreg=0.0526  lr=1.83e-04
  E021 S0140 | total=0.0070  pred=0.0009  sigreg=0.0602  lr=1.83e-04
  E021 S0160 | total=0.0063  pred=0.0013  sigreg=0.0500  lr=1.83e-04
  E021 S0180 | total=0.0066  pred=0.0011  sigreg=0.0550  lr=1.83e-04
  E021 S0200 | total=0.0065  pred=0.0010  sigreg=0.0551  lr=1.83e-04
  E021 S0220 | total=0.0070  pred=0.0014  sigreg=0.0558  lr=1.83e-04
  E021 S0240 | total=0.0066  pred=0.0012  sigreg=0.0545  lr=1.83e-04
  E021 S0260 | total=0.0067  pred=0.0017  sigreg=0.0504  lr=1.83e-04
  E021 S0280 | total=0.0062  pred=0.0011  sigreg=0.0513  lr=1.83e-04
  E021 S0300 | total=0.0064  pred=0.0014  sigreg=0.0495  lr=1.83e-04
  E021 S0320 | total=0.0060  pred=0.0009  sigreg=0.0514  lr=1.83e-04
  E021 S0340 | total=0.0061  pred=0.0010  sigreg=0.0512  lr=1.83e-04
  E021 S0360 | total=0.0063  pred=0.0010  sigreg=0.0528  lr=1.83e-04
  E021 S0380 | total=0.0061  pred=0.0010  sigreg=0.0508  lr=1.83e-04
  E021 S0400 | total=0.0066  pred=0.0011  sigreg=0.0551  lr=1.83e-04
  E021 S0420 | total=0.0064  pred=0.0012  sigreg=0.0522  lr=1.83e-04
  E021 S0440 | total=0.0064  pred=0.0013  sigreg=0.0515  lr=1.83e-04
  E021 S0460 | total=0.0066  pred=0.0011  sigreg=0.0554  lr=1.83e-04
  E021 S0480 | total=0.0071  pred=0.0017  sigreg=0.0543  lr=1.83e-04
  E021 S0500 | total=0.0064  pred=0.0012  sigreg=0.0513  lr=1.83e-04
  E021 S0520 | total=0.0061  pred=0.0010  sigreg=0.0512  lr=1.83e-04
  E021 S0540 | total=0.0062  pred=0.0009  sigreg=0.0536  lr=1.83e-04
  E021 S0560 | total=0.0070  pred=0.0014  sigreg=0.0561  lr=1.83e-04
  E021 S0580 | total=0.0066  pred=0.0010  sigreg=0.0560  lr=1.83e-04
  E021 S0600 | total=0.0070  pred=0.0016  sigreg=0.0537  lr=1.83e-04
  E021 S0620 | total=0.0067  pred=0.0015  sigreg=0.0520  lr=1.83e-04
  E021 S0640 | total=0.0072  pred=0.0019  sigreg=0.0527  lr=1.83e-04

  ?? Epoch  21/40 ??
     Train: total=0.0065  pred=0.0012  sigreg=0.0531
     Val:   total=0.0151  pred=0.0006  sigreg=0.1447
     LR: 1.83e-04

  Checkpoint saved [val=0.0151]
  E022 S0000 | total=0.0067  pred=0.0013  sigreg=0.0537  lr=1.70e-04
  E022 S0020 | total=0.0069  pred=0.0013  sigreg=0.0551  lr=1.70e-04
  E022 S0040 | total=0.0067  pred=0.0013  sigreg=0.0538  lr=1.70e-04
  E022 S0060 | total=0.0067  pred=0.0013  sigreg=0.0547  lr=1.70e-04
  E022 S0080 | total=0.0070  pred=0.0014  sigreg=0.0569  lr=1.70e-04
  E022 S0100 | total=0.0065  pred=0.0012  sigreg=0.0532  lr=1.70e-04
  E022 S0120 | total=0.0064  pred=0.0010  sigreg=0.0539  lr=1.70e-04
  E022 S0140 | total=0.0062  pred=0.0009  sigreg=0.0530  lr=1.70e-04
  E022 S0160 | total=0.0066  pred=0.0012  sigreg=0.0543  lr=1.70e-04
  E022 S0180 | total=0.0062  pred=0.0010  sigreg=0.0518  lr=1.70e-04
  E022 S0200 | total=0.0061  pred=0.0009  sigreg=0.0520  lr=1.70e-04
  E022 S0220 | total=0.0064  pred=0.0010  sigreg=0.0537  lr=1.70e-04
  E022 S0240 | total=0.0061  pred=0.0010  sigreg=0.0514  lr=1.70e-04
  E022 S0260 | total=0.0064  pred=0.0011  sigreg=0.0532  lr=1.70e-04
  E022 S0280 | total=0.0068  pred=0.0013  sigreg=0.0548  lr=1.70e-04
  E022 S0300 | total=0.0064  pred=0.0009  sigreg=0.0555  lr=1.70e-04
  E022 S0320 | total=0.0066  pred=0.0014  sigreg=0.0518  lr=1.70e-04
  E022 S0340 | total=0.0065  pred=0.0010  sigreg=0.0551  lr=1.70e-04
  E022 S0360 | total=0.0062  pred=0.0009  sigreg=0.0533  lr=1.70e-04
  E022 S0380 | total=0.0058  pred=0.0007  sigreg=0.0505  lr=1.70e-04
  E022 S0400 | total=0.0064  pred=0.0013  sigreg=0.0512  lr=1.70e-04
  E022 S0420 | total=0.0065  pred=0.0012  sigreg=0.0532  lr=1.70e-04
  E022 S0440 | total=0.0065  pred=0.0012  sigreg=0.0530  lr=1.70e-04
  E022 S0460 | total=0.0064  pred=0.0013  sigreg=0.0515  lr=1.70e-04
  E022 S0480 | total=0.0068  pred=0.0013  sigreg=0.0556  lr=1.70e-04
  E022 S0500 | total=0.0060  pred=0.0009  sigreg=0.0508  lr=1.70e-04
  E022 S0520 | total=0.0056  pred=0.0008  sigreg=0.0484  lr=1.70e-04
  E022 S0540 | total=0.0064  pred=0.0013  sigreg=0.0511  lr=1.70e-04
  E022 S0560 | total=0.0063  pred=0.0012  sigreg=0.0518  lr=1.70e-04
  E022 S0580 | total=0.0068  pred=0.0012  sigreg=0.0559  lr=1.70e-04
  E022 S0600 | total=0.0062  pred=0.0013  sigreg=0.0487  lr=1.70e-04
  E022 S0620 | total=0.0064  pred=0.0011  sigreg=0.0536  lr=1.70e-04
  E022 S0640 | total=0.0062  pred=0.0012  sigreg=0.0496  lr=1.70e-04

  ?? Epoch  22/40 ??
     Train: total=0.0064  pred=0.0012  sigreg=0.0528
     Val:   total=0.0162  pred=0.0013  sigreg=0.1488
     LR: 1.70e-04

  E023 S0000 | total=0.0068  pred=0.0014  sigreg=0.0543  lr=1.57e-04
  E023 S0020 | total=0.0065  pred=0.0010  sigreg=0.0548  lr=1.57e-04
  E023 S0040 | total=0.0068  pred=0.0011  sigreg=0.0564  lr=1.57e-04
  E023 S0060 | total=0.0066  pred=0.0012  sigreg=0.0534  lr=1.57e-04
  E023 S0080 | total=0.0061  pred=0.0010  sigreg=0.0507  lr=1.57e-04
  E023 S0100 | total=0.0062  pred=0.0010  sigreg=0.0524  lr=1.57e-04
  E023 S0120 | total=0.0068  pred=0.0014  sigreg=0.0540  lr=1.57e-04
  E023 S0140 | total=0.0060  pred=0.0010  sigreg=0.0500  lr=1.57e-04
  E023 S0160 | total=0.0064  pred=0.0009  sigreg=0.0547  lr=1.57e-04
  E023 S0180 | total=0.0064  pred=0.0011  sigreg=0.0534  lr=1.57e-04
  E023 S0200 | total=0.0063  pred=0.0010  sigreg=0.0531  lr=1.57e-04
  E023 S0220 | total=0.0060  pred=0.0008  sigreg=0.0512  lr=1.57e-04
  E023 S0240 | total=0.0061  pred=0.0009  sigreg=0.0516  lr=1.57e-04
  E023 S0260 | total=0.0066  pred=0.0015  sigreg=0.0509  lr=1.57e-04
  E023 S0280 | total=0.0065  pred=0.0010  sigreg=0.0547  lr=1.57e-04
  E023 S0300 | total=0.0064  pred=0.0010  sigreg=0.0540  lr=1.57e-04
  E023 S0320 | total=0.0065  pred=0.0012  sigreg=0.0522  lr=1.57e-04
  E023 S0340 | total=0.0067  pred=0.0013  sigreg=0.0549  lr=1.57e-04
  E023 S0360 | total=0.0063  pred=0.0011  sigreg=0.0513  lr=1.57e-04
  E023 S0380 | total=0.0059  pred=0.0007  sigreg=0.0512  lr=1.57e-04
  E023 S0400 | total=0.0059  pred=0.0010  sigreg=0.0494  lr=1.57e-04
  E023 S0420 | total=0.0061  pred=0.0008  sigreg=0.0530  lr=1.57e-04
  E023 S0440 | total=0.0065  pred=0.0011  sigreg=0.0542  lr=1.57e-04
  E023 S0460 | total=0.0060  pred=0.0009  sigreg=0.0517  lr=1.57e-04
  E023 S0480 | total=0.0071  pred=0.0016  sigreg=0.0554  lr=1.57e-04
  E023 S0500 | total=0.0061  pred=0.0009  sigreg=0.0515  lr=1.57e-04
  E023 S0520 | total=0.0057  pred=0.0010  sigreg=0.0470  lr=1.57e-04
  E023 S0540 | total=0.0062  pred=0.0010  sigreg=0.0520  lr=1.57e-04
  E023 S0560 | total=0.0060  pred=0.0010  sigreg=0.0502  lr=1.57e-04
  E023 S0580 | total=0.0067  pred=0.0014  sigreg=0.0532  lr=1.57e-04
  E023 S0600 | total=0.0071  pred=0.0011  sigreg=0.0600  lr=1.57e-04
  E023 S0620 | total=0.0058  pred=0.0009  sigreg=0.0493  lr=1.57e-04
  E023 S0640 | total=0.0066  pred=0.0011  sigreg=0.0553  lr=1.57e-04

  ?? Epoch  23/40 ??
     Train: total=0.0064  pred=0.0011  sigreg=0.0524
     Val:   total=0.0168  pred=0.0017  sigreg=0.1517
     LR: 1.57e-04

  E024 S0000 | total=0.0073  pred=0.0021  sigreg=0.0519  lr=1.43e-04
  E024 S0020 | total=0.0066  pred=0.0015  sigreg=0.0512  lr=1.43e-04
  E024 S0040 | total=0.0064  pred=0.0010  sigreg=0.0539  lr=1.43e-04
  E024 S0060 | total=0.0064  pred=0.0009  sigreg=0.0549  lr=1.43e-04
  E024 S0080 | total=0.0066  pred=0.0013  sigreg=0.0535  lr=1.43e-04
  E024 S0100 | total=0.0063  pred=0.0011  sigreg=0.0517  lr=1.43e-04
  E024 S0120 | total=0.0062  pred=0.0008  sigreg=0.0540  lr=1.43e-04
  E024 S0140 | total=0.0066  pred=0.0013  sigreg=0.0535  lr=1.43e-04
  E024 S0160 | total=0.0058  pred=0.0008  sigreg=0.0496  lr=1.43e-04
  E024 S0180 | total=0.0063  pred=0.0012  sigreg=0.0516  lr=1.43e-04
  E024 S0200 | total=0.0068  pred=0.0011  sigreg=0.0573  lr=1.43e-04
  E024 S0220 | total=0.0060  pred=0.0010  sigreg=0.0499  lr=1.43e-04
  E024 S0240 | total=0.0066  pred=0.0012  sigreg=0.0543  lr=1.43e-04
  E024 S0260 | total=0.0068  pred=0.0010  sigreg=0.0578  lr=1.43e-04
  E024 S0280 | total=0.0063  pred=0.0010  sigreg=0.0531  lr=1.43e-04
  E024 S0300 | total=0.0061  pred=0.0009  sigreg=0.0525  lr=1.43e-04
  E024 S0320 | total=0.0065  pred=0.0012  sigreg=0.0525  lr=1.43e-04
  E024 S0340 | total=0.0063  pred=0.0014  sigreg=0.0491  lr=1.43e-04
  E024 S0360 | total=0.0064  pred=0.0012  sigreg=0.0518  lr=1.43e-04
  E024 S0380 | total=0.0059  pred=0.0010  sigreg=0.0496  lr=1.43e-04
  E024 S0400 | total=0.0056  pred=0.0008  sigreg=0.0477  lr=1.43e-04
  E024 S0420 | total=0.0064  pred=0.0012  sigreg=0.0521  lr=1.43e-04
  E024 S0440 | total=0.0061  pred=0.0010  sigreg=0.0512  lr=1.43e-04
  E024 S0460 | total=0.0067  pred=0.0013  sigreg=0.0540  lr=1.43e-04
  E024 S0480 | total=0.0065  pred=0.0013  sigreg=0.0523  lr=1.43e-04
  E024 S0500 | total=0.0056  pred=0.0008  sigreg=0.0486  lr=1.43e-04
  E024 S0520 | total=0.0060  pred=0.0010  sigreg=0.0506  lr=1.43e-04
  E024 S0540 | total=0.0061  pred=0.0012  sigreg=0.0492  lr=1.43e-04
  E024 S0560 | total=0.0062  pred=0.0012  sigreg=0.0505  lr=1.43e-04
  E024 S0580 | total=0.0059  pred=0.0010  sigreg=0.0491  lr=1.43e-04
  E024 S0600 | total=0.0061  pred=0.0012  sigreg=0.0488  lr=1.43e-04
  E024 S0620 | total=0.0058  pred=0.0011  sigreg=0.0475  lr=1.43e-04
  E024 S0640 | total=0.0060  pred=0.0008  sigreg=0.0526  lr=1.43e-04

  ?? Epoch  24/40 ??
     Train: total=0.0063  pred=0.0011  sigreg=0.0521
     Val:   total=0.0160  pred=0.0010  sigreg=0.1500
     LR: 1.43e-04

  E025 S0000 | total=0.0069  pred=0.0017  sigreg=0.0529  lr=1.30e-04
  E025 S0020 | total=0.0065  pred=0.0013  sigreg=0.0519  lr=1.30e-04
  E025 S0040 | total=0.0063  pred=0.0012  sigreg=0.0510  lr=1.30e-04
  E025 S0060 | total=0.0062  pred=0.0012  sigreg=0.0501  lr=1.30e-04
  E025 S0080 | total=0.0066  pred=0.0010  sigreg=0.0560  lr=1.30e-04
  E025 S0100 | total=0.0065  pred=0.0012  sigreg=0.0527  lr=1.30e-04
  E025 S0120 | total=0.0065  pred=0.0012  sigreg=0.0534  lr=1.30e-04
  E025 S0140 | total=0.0067  pred=0.0010  sigreg=0.0577  lr=1.30e-04
  E025 S0160 | total=0.0067  pred=0.0011  sigreg=0.0556  lr=1.30e-04
  E025 S0180 | total=0.0064  pred=0.0012  sigreg=0.0519  lr=1.30e-04
  E025 S0200 | total=0.0063  pred=0.0009  sigreg=0.0543  lr=1.30e-04
  E025 S0220 | total=0.0065  pred=0.0014  sigreg=0.0513  lr=1.30e-04
  E025 S0240 | total=0.0067  pred=0.0013  sigreg=0.0540  lr=1.30e-04
  E025 S0260 | total=0.0061  pred=0.0011  sigreg=0.0505  lr=1.30e-04
  E025 S0280 | total=0.0065  pred=0.0012  sigreg=0.0533  lr=1.30e-04
  E025 S0300 | total=0.0060  pred=0.0009  sigreg=0.0510  lr=1.30e-04
  E025 S0320 | total=0.0063  pred=0.0011  sigreg=0.0521  lr=1.30e-04
  E025 S0340 | total=0.0063  pred=0.0010  sigreg=0.0527  lr=1.30e-04
  E025 S0360 | total=0.0067  pred=0.0011  sigreg=0.0560  lr=1.30e-04
  E025 S0380 | total=0.0060  pred=0.0009  sigreg=0.0504  lr=1.30e-04
  E025 S0400 | total=0.0058  pred=0.0009  sigreg=0.0483  lr=1.30e-04
  E025 S0420 | total=0.0063  pred=0.0009  sigreg=0.0533  lr=1.30e-04
  E025 S0440 | total=0.0059  pred=0.0010  sigreg=0.0489  lr=1.30e-04
  E025 S0460 | total=0.0060  pred=0.0007  sigreg=0.0524  lr=1.30e-04
  E025 S0480 | total=0.0062  pred=0.0011  sigreg=0.0509  lr=1.30e-04
  E025 S0500 | total=0.0065  pred=0.0009  sigreg=0.0560  lr=1.30e-04
  E025 S0520 | total=0.0060  pred=0.0011  sigreg=0.0495  lr=1.30e-04
  E025 S0540 | total=0.0060  pred=0.0011  sigreg=0.0492  lr=1.30e-04
  E025 S0560 | total=0.0055  pred=0.0010  sigreg=0.0449  lr=1.30e-04
  E025 S0580 | total=0.0067  pred=0.0012  sigreg=0.0551  lr=1.30e-04
  E025 S0600 | total=0.0061  pred=0.0011  sigreg=0.0500  lr=1.30e-04
  E025 S0620 | total=0.0062  pred=0.0011  sigreg=0.0513  lr=1.30e-04
  E025 S0640 | total=0.0062  pred=0.0011  sigreg=0.0503  lr=1.30e-04

  ?? Epoch  25/40 ??
     Train: total=0.0063  pred=0.0011  sigreg=0.0520
     Val:   total=0.0171  pred=0.0013  sigreg=0.1578
     LR: 1.30e-04

  E026 S0000 | total=0.0065  pred=0.0013  sigreg=0.0521  lr=1.17e-04
  E026 S0020 | total=0.0061  pred=0.0011  sigreg=0.0493  lr=1.17e-04
  E026 S0040 | total=0.0061  pred=0.0012  sigreg=0.0493  lr=1.17e-04
  E026 S0060 | total=0.0064  pred=0.0010  sigreg=0.0539  lr=1.17e-04
  E026 S0080 | total=0.0063  pred=0.0010  sigreg=0.0525  lr=1.17e-04
  E026 S0100 | total=0.0060  pred=0.0009  sigreg=0.0515  lr=1.17e-04
  E026 S0120 | total=0.0061  pred=0.0010  sigreg=0.0510  lr=1.17e-04
  E026 S0140 | total=0.0063  pred=0.0007  sigreg=0.0565  lr=1.17e-04
  E026 S0160 | total=0.0062  pred=0.0011  sigreg=0.0508  lr=1.17e-04
  E026 S0180 | total=0.0061  pred=0.0008  sigreg=0.0531  lr=1.17e-04
  E026 S0200 | total=0.0061  pred=0.0008  sigreg=0.0527  lr=1.17e-04
  E026 S0220 | total=0.0063  pred=0.0009  sigreg=0.0533  lr=1.17e-04
  E026 S0240 | total=0.0058  pred=0.0006  sigreg=0.0521  lr=1.17e-04
  E026 S0260 | total=0.0060  pred=0.0009  sigreg=0.0508  lr=1.17e-04
  E026 S0280 | total=0.0055  pred=0.0008  sigreg=0.0469  lr=1.17e-04
  E026 S0300 | total=0.0063  pred=0.0008  sigreg=0.0545  lr=1.17e-04
  E026 S0320 | total=0.0063  pred=0.0009  sigreg=0.0545  lr=1.17e-04
  E026 S0340 | total=0.0061  pred=0.0009  sigreg=0.0527  lr=1.17e-04
  E026 S0360 | total=0.0062  pred=0.0012  sigreg=0.0502  lr=1.17e-04
  E026 S0380 | total=0.0059  pred=0.0009  sigreg=0.0504  lr=1.17e-04
  E026 S0400 | total=0.0059  pred=0.0008  sigreg=0.0511  lr=1.17e-04
  E026 S0420 | total=0.0064  pred=0.0011  sigreg=0.0524  lr=1.17e-04
  E026 S0440 | total=0.0058  pred=0.0011  sigreg=0.0474  lr=1.17e-04
  E026 S0460 | total=0.0057  pred=0.0009  sigreg=0.0483  lr=1.17e-04
  E026 S0480 | total=0.0058  pred=0.0008  sigreg=0.0499  lr=1.17e-04
  E026 S0500 | total=0.0058  pred=0.0009  sigreg=0.0493  lr=1.17e-04
  E026 S0520 | total=0.0063  pred=0.0012  sigreg=0.0503  lr=1.17e-04
  E026 S0540 | total=0.0062  pred=0.0012  sigreg=0.0502  lr=1.17e-04
  E026 S0560 | total=0.0061  pred=0.0012  sigreg=0.0489  lr=1.17e-04
  E026 S0580 | total=0.0058  pred=0.0007  sigreg=0.0514  lr=1.17e-04
  E026 S0600 | total=0.0062  pred=0.0011  sigreg=0.0509  lr=1.17e-04
  E026 S0620 | total=0.0059  pred=0.0010  sigreg=0.0491  lr=1.17e-04
  E026 S0640 | total=0.0065  pred=0.0012  sigreg=0.0539  lr=1.17e-04

  ?? Epoch  26/40 ??
     Train: total=0.0062  pred=0.0010  sigreg=0.0515
     Val:   total=0.0150  pred=0.0003  sigreg=0.1470
     LR: 1.17e-04

  Checkpoint saved [val=0.0150]
  E027 S0000 | total=0.0061  pred=0.0010  sigreg=0.0508  lr=1.04e-04
  E027 S0020 | total=0.0058  pred=0.0009  sigreg=0.0489  lr=1.04e-04
  E027 S0040 | total=0.0062  pred=0.0008  sigreg=0.0533  lr=1.04e-04
  E027 S0060 | total=0.0062  pred=0.0009  sigreg=0.0531  lr=1.04e-04
  E027 S0080 | total=0.0056  pred=0.0008  sigreg=0.0484  lr=1.04e-04
  E027 S0100 | total=0.0061  pred=0.0007  sigreg=0.0537  lr=1.04e-04
  E027 S0120 | total=0.0065  pred=0.0011  sigreg=0.0544  lr=1.04e-04
  E027 S0140 | total=0.0058  pred=0.0008  sigreg=0.0498  lr=1.04e-04
  E027 S0160 | total=0.0059  pred=0.0010  sigreg=0.0492  lr=1.04e-04
  E027 S0180 | total=0.0058  pred=0.0008  sigreg=0.0497  lr=1.04e-04
  E027 S0200 | total=0.0060  pred=0.0009  sigreg=0.0512  lr=1.04e-04
  E027 S0220 | total=0.0063  pred=0.0012  sigreg=0.0508  lr=1.04e-04
  E027 S0240 | total=0.0062  pred=0.0009  sigreg=0.0529  lr=1.04e-04
  E027 S0260 | total=0.0059  pred=0.0009  sigreg=0.0501  lr=1.04e-04
  E027 S0280 | total=0.0058  pred=0.0009  sigreg=0.0489  lr=1.04e-04
  E027 S0300 | total=0.0059  pred=0.0006  sigreg=0.0540  lr=1.04e-04
  E027 S0320 | total=0.0058  pred=0.0007  sigreg=0.0507  lr=1.04e-04
  E027 S0340 | total=0.0061  pred=0.0012  sigreg=0.0492  lr=1.04e-04
  E027 S0360 | total=0.0058  pred=0.0009  sigreg=0.0498  lr=1.04e-04
  E027 S0380 | total=0.0060  pred=0.0010  sigreg=0.0504  lr=1.04e-04
  E027 S0400 | total=0.0057  pred=0.0009  sigreg=0.0487  lr=1.04e-04
  E027 S0420 | total=0.0061  pred=0.0011  sigreg=0.0496  lr=1.04e-04
  E027 S0440 | total=0.0067  pred=0.0009  sigreg=0.0571  lr=1.04e-04
  E027 S0460 | total=0.0062  pred=0.0009  sigreg=0.0526  lr=1.04e-04
  E027 S0480 | total=0.0057  pred=0.0009  sigreg=0.0475  lr=1.04e-04
  E027 S0500 | total=0.0056  pred=0.0008  sigreg=0.0482  lr=1.04e-04
  E027 S0520 | total=0.0058  pred=0.0008  sigreg=0.0498  lr=1.04e-04
  E027 S0540 | total=0.0060  pred=0.0009  sigreg=0.0509  lr=1.04e-04
  E027 S0560 | total=0.0058  pred=0.0009  sigreg=0.0496  lr=1.04e-04
  E027 S0580 | total=0.0068  pred=0.0015  sigreg=0.0534  lr=1.04e-04
  E027 S0600 | total=0.0057  pred=0.0010  sigreg=0.0468  lr=1.04e-04
  E027 S0620 | total=0.0062  pred=0.0011  sigreg=0.0505  lr=1.04e-04
  E027 S0640 | total=0.0058  pred=0.0008  sigreg=0.0500  lr=1.04e-04

  ?? Epoch  27/40 ??
     Train: total=0.0061  pred=0.0010  sigreg=0.0510
     Val:   total=0.0165  pred=0.0010  sigreg=0.1548
     LR: 1.04e-04

  E028 S0000 | total=0.0061  pred=0.0011  sigreg=0.0503  lr=9.10e-05
  E028 S0020 | total=0.0061  pred=0.0009  sigreg=0.0518  lr=9.10e-05
  E028 S0040 | total=0.0060  pred=0.0010  sigreg=0.0500  lr=9.10e-05
  E028 S0060 | total=0.0065  pred=0.0008  sigreg=0.0576  lr=9.10e-05
  E028 S0080 | total=0.0061  pred=0.0008  sigreg=0.0532  lr=9.10e-05
  E028 S0100 | total=0.0058  pred=0.0008  sigreg=0.0496  lr=9.10e-05
  E028 S0120 | total=0.0062  pred=0.0009  sigreg=0.0524  lr=9.10e-05
  E028 S0140 | total=0.0061  pred=0.0010  sigreg=0.0512  lr=9.10e-05
  E028 S0160 | total=0.0061  pred=0.0010  sigreg=0.0508  lr=9.10e-05
  E028 S0180 | total=0.0060  pred=0.0011  sigreg=0.0497  lr=9.10e-05
  E028 S0200 | total=0.0060  pred=0.0009  sigreg=0.0507  lr=9.10e-05
  E028 S0220 | total=0.0061  pred=0.0008  sigreg=0.0521  lr=9.10e-05
  E028 S0240 | total=0.0060  pred=0.0008  sigreg=0.0520  lr=9.10e-05
  E028 S0260 | total=0.0057  pred=0.0009  sigreg=0.0481  lr=9.10e-05
  E028 S0280 | total=0.0059  pred=0.0008  sigreg=0.0508  lr=9.10e-05
  E028 S0300 | total=0.0060  pred=0.0012  sigreg=0.0482  lr=9.10e-05
  E028 S0320 | total=0.0059  pred=0.0008  sigreg=0.0512  lr=9.10e-05
  E028 S0340 | total=0.0063  pred=0.0011  sigreg=0.0521  lr=9.10e-05
  E028 S0360 | total=0.0058  pred=0.0008  sigreg=0.0502  lr=9.10e-05
  E028 S0380 | total=0.0060  pred=0.0012  sigreg=0.0481  lr=9.10e-05
  E028 S0400 | total=0.0068  pred=0.0011  sigreg=0.0573  lr=9.10e-05
  E028 S0420 | total=0.0058  pred=0.0010  sigreg=0.0479  lr=9.10e-05
  E028 S0440 | total=0.0056  pred=0.0008  sigreg=0.0477  lr=9.10e-05
  E028 S0460 | total=0.0061  pred=0.0009  sigreg=0.0517  lr=9.10e-05
  E028 S0480 | total=0.0063  pred=0.0009  sigreg=0.0533  lr=9.10e-05
  E028 S0500 | total=0.0054  pred=0.0008  sigreg=0.0458  lr=9.10e-05
  E028 S0520 | total=0.0060  pred=0.0006  sigreg=0.0536  lr=9.10e-05
  E028 S0540 | total=0.0063  pred=0.0009  sigreg=0.0536  lr=9.10e-05
  E028 S0560 | total=0.0057  pred=0.0008  sigreg=0.0495  lr=9.10e-05
  E028 S0580 | total=0.0062  pred=0.0010  sigreg=0.0516  lr=9.10e-05
  E028 S0600 | total=0.0060  pred=0.0007  sigreg=0.0525  lr=9.10e-05
  E028 S0620 | total=0.0063  pred=0.0010  sigreg=0.0538  lr=9.10e-05
  E028 S0640 | total=0.0060  pred=0.0008  sigreg=0.0524  lr=9.10e-05

  ?? Epoch  28/40 ??
     Train: total=0.0060  pred=0.0009  sigreg=0.0511
     Val:   total=0.0148  pred=0.0003  sigreg=0.1454
     LR: 9.10e-05

  Checkpoint saved [val=0.0148]
  E029 S0000 | total=0.0059  pred=0.0009  sigreg=0.0500  lr=7.89e-05
  E029 S0020 | total=0.0061  pred=0.0008  sigreg=0.0531  lr=7.89e-05
  E029 S0040 | total=0.0055  pred=0.0008  sigreg=0.0466  lr=7.89e-05
  E029 S0060 | total=0.0056  pred=0.0010  sigreg=0.0465  lr=7.89e-05
  E029 S0080 | total=0.0060  pred=0.0008  sigreg=0.0519  lr=7.89e-05
  E029 S0100 | total=0.0059  pred=0.0007  sigreg=0.0514  lr=7.89e-05
  E029 S0120 | total=0.0060  pred=0.0011  sigreg=0.0492  lr=7.89e-05
  E029 S0140 | total=0.0061  pred=0.0009  sigreg=0.0516  lr=7.89e-05
  E029 S0160 | total=0.0063  pred=0.0009  sigreg=0.0534  lr=7.89e-05
  E029 S0180 | total=0.0064  pred=0.0010  sigreg=0.0546  lr=7.89e-05
  E029 S0200 | total=0.0059  pred=0.0009  sigreg=0.0495  lr=7.89e-05
  E029 S0220 | total=0.0060  pred=0.0008  sigreg=0.0519  lr=7.89e-05
  E029 S0240 | total=0.0063  pred=0.0011  sigreg=0.0523  lr=7.89e-05
  E029 S0260 | total=0.0063  pred=0.0013  sigreg=0.0501  lr=7.89e-05
  E029 S0280 | total=0.0060  pred=0.0008  sigreg=0.0515  lr=7.89e-05
  E029 S0300 | total=0.0062  pred=0.0010  sigreg=0.0516  lr=7.89e-05
  E029 S0320 | total=0.0058  pred=0.0006  sigreg=0.0515  lr=7.89e-05
  E029 S0340 | total=0.0059  pred=0.0007  sigreg=0.0522  lr=7.89e-05
  E029 S0360 | total=0.0059  pred=0.0010  sigreg=0.0496  lr=7.89e-05
  E029 S0380 | total=0.0058  pred=0.0008  sigreg=0.0502  lr=7.89e-05
  E029 S0400 | total=0.0056  pred=0.0009  sigreg=0.0465  lr=7.89e-05
  E029 S0420 | total=0.0056  pred=0.0009  sigreg=0.0470  lr=7.89e-05
  E029 S0440 | total=0.0060  pred=0.0008  sigreg=0.0517  lr=7.89e-05
  E029 S0460 | total=0.0057  pred=0.0008  sigreg=0.0494  lr=7.89e-05
  E029 S0480 | total=0.0057  pred=0.0008  sigreg=0.0485  lr=7.89e-05
  E029 S0500 | total=0.0060  pred=0.0010  sigreg=0.0498  lr=7.89e-05
  E029 S0520 | total=0.0059  pred=0.0009  sigreg=0.0494  lr=7.89e-05
  E029 S0540 | total=0.0061  pred=0.0009  sigreg=0.0524  lr=7.89e-05
  E029 S0560 | total=0.0057  pred=0.0007  sigreg=0.0508  lr=7.89e-05
  E029 S0580 | total=0.0057  pred=0.0009  sigreg=0.0480  lr=7.89e-05
  E029 S0600 | total=0.0058  pred=0.0008  sigreg=0.0507  lr=7.89e-05
  E029 S0620 | total=0.0059  pred=0.0008  sigreg=0.0502  lr=7.89e-05
  E029 S0640 | total=0.0058  pred=0.0007  sigreg=0.0504  lr=7.89e-05

  ?? Epoch  29/40 ??
     Train: total=0.0060  pred=0.0009  sigreg=0.0505
     Val:   total=0.0157  pred=0.0005  sigreg=0.1514
     LR: 7.89e-05

  E030 S0000 | total=0.0057  pred=0.0010  sigreg=0.0476  lr=6.74e-05
  E030 S0020 | total=0.0061  pred=0.0009  sigreg=0.0529  lr=6.74e-05
  E030 S0040 | total=0.0059  pred=0.0009  sigreg=0.0500  lr=6.74e-05
  E030 S0060 | total=0.0057  pred=0.0009  sigreg=0.0478  lr=6.74e-05
  E030 S0080 | total=0.0057  pred=0.0008  sigreg=0.0482  lr=6.74e-05
  E030 S0100 | total=0.0065  pred=0.0012  sigreg=0.0534  lr=6.74e-05
  E030 S0120 | total=0.0062  pred=0.0010  sigreg=0.0522  lr=6.74e-05
  E030 S0140 | total=0.0057  pred=0.0007  sigreg=0.0492  lr=6.74e-05
  E030 S0160 | total=0.0058  pred=0.0009  sigreg=0.0491  lr=6.74e-05
  E030 S0180 | total=0.0056  pred=0.0008  sigreg=0.0480  lr=6.74e-05
  E030 S0200 | total=0.0061  pred=0.0008  sigreg=0.0531  lr=6.74e-05
  E030 S0220 | total=0.0057  pred=0.0008  sigreg=0.0491  lr=6.74e-05
  E030 S0240 | total=0.0064  pred=0.0011  sigreg=0.0522  lr=6.74e-05
  E030 S0260 | total=0.0061  pred=0.0006  sigreg=0.0547  lr=6.74e-05
  E030 S0280 | total=0.0058  pred=0.0010  sigreg=0.0480  lr=6.74e-05
  E030 S0300 | total=0.0059  pred=0.0009  sigreg=0.0495  lr=6.74e-05
  E030 S0320 | total=0.0055  pred=0.0007  sigreg=0.0474  lr=6.74e-05
  E030 S0340 | total=0.0058  pred=0.0011  sigreg=0.0471  lr=6.74e-05
  E030 S0360 | total=0.0057  pred=0.0007  sigreg=0.0501  lr=6.74e-05
  E030 S0380 | total=0.0059  pred=0.0008  sigreg=0.0507  lr=6.74e-05
  E030 S0400 | total=0.0059  pred=0.0007  sigreg=0.0520  lr=6.74e-05
  E030 S0420 | total=0.0061  pred=0.0010  sigreg=0.0509  lr=6.74e-05
  E030 S0440 | total=0.0059  pred=0.0010  sigreg=0.0488  lr=6.74e-05
  E030 S0460 | total=0.0060  pred=0.0009  sigreg=0.0510  lr=6.74e-05
  E030 S0480 | total=0.0059  pred=0.0009  sigreg=0.0506  lr=6.74e-05
  E030 S0500 | total=0.0056  pred=0.0007  sigreg=0.0496  lr=6.74e-05
  E030 S0520 | total=0.0057  pred=0.0007  sigreg=0.0508  lr=6.74e-05
  E030 S0540 | total=0.0060  pred=0.0009  sigreg=0.0513  lr=6.74e-05
  E030 S0560 | total=0.0059  pred=0.0009  sigreg=0.0495  lr=6.74e-05
  E030 S0580 | total=0.0057  pred=0.0007  sigreg=0.0501  lr=6.74e-05
  E030 S0600 | total=0.0067  pred=0.0012  sigreg=0.0552  lr=6.74e-05
  E030 S0620 | total=0.0062  pred=0.0012  sigreg=0.0493  lr=6.74e-05
  E030 S0640 | total=0.0060  pred=0.0010  sigreg=0.0498  lr=6.74e-05

  ?? Epoch  30/40 ??
     Train: total=0.0059  pred=0.0009  sigreg=0.0505
     Val:   total=0.0159  pred=0.0005  sigreg=0.1538
     LR: 6.74e-05

  E031 S0000 | total=0.0059  pred=0.0010  sigreg=0.0492  lr=5.65e-05
  E031 S0020 | total=0.0065  pred=0.0010  sigreg=0.0553  lr=5.65e-05
  E031 S0040 | total=0.0063  pred=0.0011  sigreg=0.0514  lr=5.65e-05
  E031 S0060 | total=0.0060  pred=0.0009  sigreg=0.0512  lr=5.65e-05
  E031 S0080 | total=0.0058  pred=0.0008  sigreg=0.0498  lr=5.65e-05
  E031 S0100 | total=0.0058  pred=0.0007  sigreg=0.0509  lr=5.65e-05
  E031 S0120 | total=0.0060  pred=0.0008  sigreg=0.0519  lr=5.65e-05
  E031 S0140 | total=0.0060  pred=0.0009  sigreg=0.0506  lr=5.65e-05
  E031 S0160 | total=0.0058  pred=0.0009  sigreg=0.0490  lr=5.65e-05
  E031 S0180 | total=0.0062  pred=0.0009  sigreg=0.0524  lr=5.65e-05
  E031 S0200 | total=0.0056  pred=0.0008  sigreg=0.0474  lr=5.65e-05
  E031 S0220 | total=0.0059  pred=0.0009  sigreg=0.0500  lr=5.65e-05
  E031 S0240 | total=0.0057  pred=0.0008  sigreg=0.0489  lr=5.65e-05
  E031 S0260 | total=0.0056  pred=0.0008  sigreg=0.0484  lr=5.65e-05
  E031 S0280 | total=0.0061  pred=0.0010  sigreg=0.0514  lr=5.65e-05
  E031 S0300 | total=0.0061  pred=0.0011  sigreg=0.0502  lr=5.65e-05
  E031 S0320 | total=0.0058  pred=0.0006  sigreg=0.0513  lr=5.65e-05
  E031 S0340 | total=0.0058  pred=0.0006  sigreg=0.0525  lr=5.65e-05
  E031 S0360 | total=0.0058  pred=0.0009  sigreg=0.0493  lr=5.65e-05
  E031 S0380 | total=0.0059  pred=0.0007  sigreg=0.0515  lr=5.65e-05
  E031 S0400 | total=0.0056  pred=0.0007  sigreg=0.0490  lr=5.65e-05
  E031 S0420 | total=0.0054  pred=0.0007  sigreg=0.0472  lr=5.65e-05
  E031 S0440 | total=0.0056  pred=0.0008  sigreg=0.0481  lr=5.65e-05
  E031 S0460 | total=0.0058  pred=0.0008  sigreg=0.0490  lr=5.65e-05
  E031 S0480 | total=0.0059  pred=0.0008  sigreg=0.0510  lr=5.65e-05
  E031 S0500 | total=0.0060  pred=0.0008  sigreg=0.0517  lr=5.65e-05
  E031 S0520 | total=0.0063  pred=0.0010  sigreg=0.0533  lr=5.65e-05
  E031 S0540 | total=0.0055  pred=0.0007  sigreg=0.0478  lr=5.65e-05
  E031 S0560 | total=0.0063  pred=0.0009  sigreg=0.0534  lr=5.65e-05
  E031 S0580 | total=0.0058  pred=0.0008  sigreg=0.0496  lr=5.65e-05
  E031 S0600 | total=0.0059  pred=0.0008  sigreg=0.0513  lr=5.65e-05
  E031 S0620 | total=0.0062  pred=0.0009  sigreg=0.0532  lr=5.65e-05
  E031 S0640 | total=0.0065  pred=0.0010  sigreg=0.0551  lr=5.65e-05

  ?? Epoch  31/40 ??
     Train: total=0.0059  pred=0.0008  sigreg=0.0503
     Val:   total=0.0157  pred=0.0004  sigreg=0.1528
     LR: 5.65e-05

  E032 S0000 | total=0.0055  pred=0.0007  sigreg=0.0480  lr=4.63e-05
  E032 S0020 | total=0.0057  pred=0.0007  sigreg=0.0497  lr=4.63e-05
  E032 S0040 | total=0.0059  pred=0.0007  sigreg=0.0520  lr=4.63e-05
  E032 S0060 | total=0.0058  pred=0.0008  sigreg=0.0497  lr=4.63e-05
  E032 S0080 | total=0.0058  pred=0.0007  sigreg=0.0509  lr=4.63e-05
  E032 S0100 | total=0.0058  pred=0.0007  sigreg=0.0511  lr=4.63e-05
  E032 S0120 | total=0.0055  pred=0.0009  sigreg=0.0463  lr=4.63e-05
  E032 S0140 | total=0.0059  pred=0.0008  sigreg=0.0509  lr=4.63e-05
  E032 S0160 | total=0.0059  pred=0.0009  sigreg=0.0505  lr=4.63e-05
  E032 S0180 | total=0.0057  pred=0.0008  sigreg=0.0494  lr=4.63e-05
  E032 S0200 | total=0.0054  pred=0.0008  sigreg=0.0454  lr=4.63e-05
  E032 S0220 | total=0.0054  pred=0.0007  sigreg=0.0475  lr=4.63e-05
  E032 S0240 | total=0.0060  pred=0.0009  sigreg=0.0518  lr=4.63e-05
  E032 S0260 | total=0.0058  pred=0.0007  sigreg=0.0509  lr=4.63e-05
  E032 S0280 | total=0.0053  pred=0.0005  sigreg=0.0478  lr=4.63e-05
  E032 S0300 | total=0.0058  pred=0.0009  sigreg=0.0489  lr=4.63e-05
  E032 S0320 | total=0.0057  pred=0.0006  sigreg=0.0512  lr=4.63e-05
  E032 S0340 | total=0.0059  pred=0.0007  sigreg=0.0527  lr=4.63e-05
  E032 S0360 | total=0.0056  pred=0.0007  sigreg=0.0485  lr=4.63e-05
  E032 S0380 | total=0.0057  pred=0.0007  sigreg=0.0503  lr=4.63e-05
  E032 S0400 | total=0.0059  pred=0.0006  sigreg=0.0527  lr=4.63e-05
  E032 S0420 | total=0.0055  pred=0.0007  sigreg=0.0482  lr=4.63e-05
  E032 S0440 | total=0.0055  pred=0.0008  sigreg=0.0468  lr=4.63e-05
  E032 S0460 | total=0.0057  pred=0.0008  sigreg=0.0484  lr=4.63e-05
  E032 S0480 | total=0.0057  pred=0.0009  sigreg=0.0480  lr=4.63e-05
  E032 S0500 | total=0.0059  pred=0.0009  sigreg=0.0501  lr=4.63e-05
  E032 S0520 | total=0.0057  pred=0.0006  sigreg=0.0508  lr=4.63e-05
  E032 S0540 | total=0.0062  pred=0.0011  sigreg=0.0511  lr=4.63e-05
  E032 S0560 | total=0.0058  pred=0.0008  sigreg=0.0501  lr=4.63e-05
  E032 S0580 | total=0.0055  pred=0.0010  sigreg=0.0456  lr=4.63e-05
  E032 S0600 | total=0.0056  pred=0.0008  sigreg=0.0476  lr=4.63e-05
  E032 S0620 | total=0.0061  pred=0.0012  sigreg=0.0491  lr=4.63e-05
  E032 S0640 | total=0.0055  pred=0.0006  sigreg=0.0484  lr=4.63e-05

  ?? Epoch  32/40 ??
     Train: total=0.0058  pred=0.0008  sigreg=0.0501
     Val:   total=0.0154  pred=0.0003  sigreg=0.1505
     LR: 4.63e-05

  E033 S0000 | total=0.0056  pred=0.0008  sigreg=0.0474  lr=3.70e-05
  E033 S0020 | total=0.0055  pred=0.0008  sigreg=0.0465  lr=3.70e-05
  E033 S0040 | total=0.0058  pred=0.0007  sigreg=0.0504  lr=3.70e-05
  E033 S0060 | total=0.0061  pred=0.0008  sigreg=0.0524  lr=3.70e-05
  E033 S0080 | total=0.0062  pred=0.0008  sigreg=0.0535  lr=3.70e-05
  E033 S0100 | total=0.0052  pred=0.0006  sigreg=0.0455  lr=3.70e-05
  E033 S0120 | total=0.0055  pred=0.0005  sigreg=0.0502  lr=3.70e-05
  E033 S0140 | total=0.0057  pred=0.0007  sigreg=0.0501  lr=3.70e-05
  E033 S0160 | total=0.0054  pred=0.0009  sigreg=0.0454  lr=3.70e-05
  E033 S0180 | total=0.0058  pred=0.0008  sigreg=0.0491  lr=3.70e-05
  E033 S0200 | total=0.0059  pred=0.0007  sigreg=0.0516  lr=3.70e-05
  E033 S0220 | total=0.0058  pred=0.0009  sigreg=0.0484  lr=3.70e-05
  E033 S0240 | total=0.0054  pred=0.0007  sigreg=0.0473  lr=3.70e-05
  E033 S0260 | total=0.0057  pred=0.0008  sigreg=0.0487  lr=3.70e-05
  E033 S0280 | total=0.0055  pred=0.0007  sigreg=0.0475  lr=3.70e-05
  E033 S0300 | total=0.0059  pred=0.0008  sigreg=0.0509  lr=3.70e-05
  E033 S0320 | total=0.0058  pred=0.0007  sigreg=0.0507  lr=3.70e-05
  E033 S0340 | total=0.0060  pred=0.0009  sigreg=0.0511  lr=3.70e-05
  E033 S0360 | total=0.0054  pred=0.0005  sigreg=0.0486  lr=3.70e-05
  E033 S0380 | total=0.0054  pred=0.0006  sigreg=0.0475  lr=3.70e-05
  E033 S0400 | total=0.0053  pred=0.0006  sigreg=0.0469  lr=3.70e-05
  E033 S0420 | total=0.0055  pred=0.0008  sigreg=0.0476  lr=3.70e-05
  E033 S0440 | total=0.0055  pred=0.0009  sigreg=0.0466  lr=3.70e-05
  E033 S0460 | total=0.0054  pred=0.0007  sigreg=0.0475  lr=3.70e-05
  E033 S0480 | total=0.0060  pred=0.0009  sigreg=0.0519  lr=3.70e-05
  E033 S0500 | total=0.0058  pred=0.0009  sigreg=0.0496  lr=3.70e-05
  E033 S0520 | total=0.0058  pred=0.0007  sigreg=0.0508  lr=3.70e-05
  E033 S0540 | total=0.0059  pred=0.0010  sigreg=0.0495  lr=3.70e-05
  E033 S0560 | total=0.0060  pred=0.0009  sigreg=0.0508  lr=3.70e-05
  E033 S0580 | total=0.0055  pred=0.0007  sigreg=0.0476  lr=3.70e-05
  E033 S0600 | total=0.0055  pred=0.0007  sigreg=0.0481  lr=3.70e-05
  E033 S0620 | total=0.0056  pred=0.0006  sigreg=0.0493  lr=3.70e-05
  E033 S0640 | total=0.0059  pred=0.0008  sigreg=0.0511  lr=3.70e-05

  ?? Epoch  33/40 ??
     Train: total=0.0058  pred=0.0008  sigreg=0.0498
     Val:   total=0.0145  pred=0.0003  sigreg=0.1424
     LR: 3.70e-05

  Checkpoint saved [val=0.0145]
  E034 S0000 | total=0.0055  pred=0.0008  sigreg=0.0475  lr=2.86e-05
  E034 S0020 | total=0.0057  pred=0.0008  sigreg=0.0486  lr=2.86e-05
  E034 S0040 | total=0.0058  pred=0.0006  sigreg=0.0517  lr=2.86e-05
  E034 S0060 | total=0.0052  pred=0.0006  sigreg=0.0467  lr=2.86e-05
  E034 S0080 | total=0.0060  pred=0.0007  sigreg=0.0532  lr=2.86e-05
  E034 S0100 | total=0.0057  pred=0.0008  sigreg=0.0497  lr=2.86e-05
  E034 S0120 | total=0.0056  pred=0.0006  sigreg=0.0499  lr=2.86e-05
  E034 S0140 | total=0.0058  pred=0.0008  sigreg=0.0498  lr=2.86e-05
  E034 S0160 | total=0.0058  pred=0.0006  sigreg=0.0523  lr=2.86e-05
  E034 S0180 | total=0.0053  pred=0.0007  sigreg=0.0454  lr=2.86e-05
  E034 S0200 | total=0.0057  pred=0.0008  sigreg=0.0489  lr=2.86e-05
  E034 S0220 | total=0.0055  pred=0.0006  sigreg=0.0490  lr=2.86e-05
  E034 S0240 | total=0.0056  pred=0.0008  sigreg=0.0483  lr=2.86e-05
  E034 S0260 | total=0.0056  pred=0.0006  sigreg=0.0500  lr=2.86e-05
  E034 S0280 | total=0.0059  pred=0.0008  sigreg=0.0509  lr=2.86e-05
  E034 S0300 | total=0.0059  pred=0.0007  sigreg=0.0522  lr=2.86e-05
  E034 S0320 | total=0.0056  pred=0.0009  sigreg=0.0477  lr=2.86e-05
  E034 S0340 | total=0.0061  pred=0.0009  sigreg=0.0515  lr=2.86e-05
  E034 S0360 | total=0.0057  pred=0.0007  sigreg=0.0499  lr=2.86e-05
  E034 S0380 | total=0.0055  pred=0.0006  sigreg=0.0488  lr=2.86e-05
  E034 S0400 | total=0.0054  pred=0.0007  sigreg=0.0478  lr=2.86e-05
  E034 S0420 | total=0.0055  pred=0.0007  sigreg=0.0478  lr=2.86e-05
  E034 S0440 | total=0.0059  pred=0.0006  sigreg=0.0528  lr=2.86e-05
  E034 S0460 | total=0.0060  pred=0.0008  sigreg=0.0518  lr=2.86e-05
  E034 S0480 | total=0.0056  pred=0.0007  sigreg=0.0497  lr=2.86e-05
  E034 S0500 | total=0.0053  pred=0.0007  sigreg=0.0461  lr=2.86e-05
  E034 S0520 | total=0.0059  pred=0.0009  sigreg=0.0501  lr=2.86e-05
  E034 S0540 | total=0.0056  pred=0.0007  sigreg=0.0494  lr=2.86e-05
  E034 S0560 | total=0.0056  pred=0.0008  sigreg=0.0487  lr=2.86e-05
  E034 S0580 | total=0.0059  pred=0.0009  sigreg=0.0505  lr=2.86e-05
  E034 S0600 | total=0.0059  pred=0.0007  sigreg=0.0516  lr=2.86e-05
  E034 S0620 | total=0.0058  pred=0.0007  sigreg=0.0509  lr=2.86e-05
  E034 S0640 | total=0.0057  pred=0.0008  sigreg=0.0492  lr=2.86e-05

  ?? Epoch  34/40 ??
     Train: total=0.0057  pred=0.0008  sigreg=0.0497
     Val:   total=0.0147  pred=0.0002  sigreg=0.1451
     LR: 2.86e-05

  E035 S0000 | total=0.0058  pred=0.0008  sigreg=0.0507  lr=2.12e-05
  E035 S0020 | total=0.0056  pred=0.0009  sigreg=0.0468  lr=2.12e-05
  E035 S0040 | total=0.0054  pred=0.0005  sigreg=0.0488  lr=2.12e-05
  E035 S0060 | total=0.0058  pred=0.0008  sigreg=0.0493  lr=2.12e-05
  E035 S0080 | total=0.0059  pred=0.0007  sigreg=0.0519  lr=2.12e-05
  E035 S0100 | total=0.0056  pred=0.0006  sigreg=0.0497  lr=2.12e-05
  E035 S0120 | total=0.0059  pred=0.0006  sigreg=0.0532  lr=2.12e-05
  E035 S0140 | total=0.0060  pred=0.0007  sigreg=0.0524  lr=2.12e-05
  E035 S0160 | total=0.0053  pred=0.0007  sigreg=0.0462  lr=2.12e-05
  E035 S0180 | total=0.0054  pred=0.0008  sigreg=0.0453  lr=2.12e-05
  E035 S0200 | total=0.0059  pred=0.0008  sigreg=0.0509  lr=2.12e-05
  E035 S0220 | total=0.0055  pred=0.0006  sigreg=0.0484  lr=2.12e-05
  E035 S0240 | total=0.0055  pred=0.0009  sigreg=0.0456  lr=2.12e-05
  E035 S0260 | total=0.0056  pred=0.0006  sigreg=0.0497  lr=2.12e-05
  E035 S0280 | total=0.0058  pred=0.0006  sigreg=0.0526  lr=2.12e-05
  E035 S0300 | total=0.0059  pred=0.0007  sigreg=0.0521  lr=2.12e-05
  E035 S0320 | total=0.0058  pred=0.0007  sigreg=0.0511  lr=2.12e-05
  E035 S0340 | total=0.0057  pred=0.0006  sigreg=0.0508  lr=2.12e-05
  E035 S0360 | total=0.0053  pred=0.0006  sigreg=0.0476  lr=2.12e-05
  E035 S0380 | total=0.0058  pred=0.0007  sigreg=0.0509  lr=2.12e-05
  E035 S0400 | total=0.0054  pred=0.0006  sigreg=0.0480  lr=2.12e-05
  E035 S0420 | total=0.0064  pred=0.0007  sigreg=0.0578  lr=2.12e-05
  E035 S0440 | total=0.0055  pred=0.0006  sigreg=0.0492  lr=2.12e-05
  E035 S0460 | total=0.0058  pred=0.0010  sigreg=0.0477  lr=2.12e-05
  E035 S0480 | total=0.0056  pred=0.0008  sigreg=0.0479  lr=2.12e-05
  E035 S0500 | total=0.0058  pred=0.0010  sigreg=0.0488  lr=2.12e-05
  E035 S0520 | total=0.0055  pred=0.0007  sigreg=0.0479  lr=2.12e-05
  E035 S0540 | total=0.0055  pred=0.0007  sigreg=0.0486  lr=2.12e-05
  E035 S0560 | total=0.0059  pred=0.0007  sigreg=0.0515  lr=2.12e-05
  E035 S0580 | total=0.0056  pred=0.0008  sigreg=0.0479  lr=2.12e-05
  E035 S0600 | total=0.0058  pred=0.0008  sigreg=0.0500  lr=2.12e-05
  E035 S0620 | total=0.0057  pred=0.0008  sigreg=0.0485  lr=2.12e-05
  E035 S0640 | total=0.0060  pred=0.0009  sigreg=0.0510  lr=2.12e-05

  ?? Epoch  35/40 ??
     Train: total=0.0057  pred=0.0007  sigreg=0.0497
     Val:   total=0.0151  pred=0.0002  sigreg=0.1485
     LR: 2.12e-05

  E036 S0000 | total=0.0056  pred=0.0007  sigreg=0.0488  lr=1.49e-05
  E036 S0020 | total=0.0060  pred=0.0009  sigreg=0.0510  lr=1.49e-05
  E036 S0040 | total=0.0057  pred=0.0008  sigreg=0.0494  lr=1.49e-05
  E036 S0060 | total=0.0055  pred=0.0006  sigreg=0.0484  lr=1.49e-05
  E036 S0080 | total=0.0056  pred=0.0008  sigreg=0.0488  lr=1.49e-05
  E036 S0100 | total=0.0053  pred=0.0008  sigreg=0.0458  lr=1.49e-05
  E036 S0120 | total=0.0057  pred=0.0008  sigreg=0.0484  lr=1.49e-05
  E036 S0140 | total=0.0058  pred=0.0008  sigreg=0.0499  lr=1.49e-05
  E036 S0160 | total=0.0057  pred=0.0006  sigreg=0.0516  lr=1.49e-05
  E036 S0180 | total=0.0057  pred=0.0009  sigreg=0.0484  lr=1.49e-05
  E036 S0200 | total=0.0060  pred=0.0008  sigreg=0.0520  lr=1.49e-05
  E036 S0220 | total=0.0053  pred=0.0007  sigreg=0.0465  lr=1.49e-05
  E036 S0240 | total=0.0055  pred=0.0007  sigreg=0.0478  lr=1.49e-05
  E036 S0260 | total=0.0059  pred=0.0009  sigreg=0.0496  lr=1.49e-05
  E036 S0280 | total=0.0056  pred=0.0006  sigreg=0.0504  lr=1.49e-05
  E036 S0300 | total=0.0059  pred=0.0008  sigreg=0.0509  lr=1.49e-05
  E036 S0320 | total=0.0056  pred=0.0006  sigreg=0.0501  lr=1.49e-05
  E036 S0340 | total=0.0056  pred=0.0006  sigreg=0.0492  lr=1.49e-05
  E036 S0360 | total=0.0056  pred=0.0007  sigreg=0.0485  lr=1.49e-05
  E036 S0380 | total=0.0057  pred=0.0010  sigreg=0.0475  lr=1.49e-05
  E036 S0400 | total=0.0063  pred=0.0009  sigreg=0.0542  lr=1.49e-05
  E036 S0420 | total=0.0054  pred=0.0005  sigreg=0.0491  lr=1.49e-05
  E036 S0440 | total=0.0059  pred=0.0006  sigreg=0.0529  lr=1.49e-05
  E036 S0460 | total=0.0055  pred=0.0007  sigreg=0.0487  lr=1.49e-05
  E036 S0480 | total=0.0058  pred=0.0008  sigreg=0.0502  lr=1.49e-05
  E036 S0500 | total=0.0059  pred=0.0008  sigreg=0.0510  lr=1.49e-05
  E036 S0520 | total=0.0052  pred=0.0006  sigreg=0.0457  lr=1.49e-05
  E036 S0540 | total=0.0059  pred=0.0006  sigreg=0.0526  lr=1.49e-05
  E036 S0560 | total=0.0055  pred=0.0007  sigreg=0.0478  lr=1.49e-05
  E036 S0580 | total=0.0056  pred=0.0005  sigreg=0.0512  lr=1.49e-05
  E036 S0600 | total=0.0056  pred=0.0007  sigreg=0.0493  lr=1.49e-05
  E036 S0620 | total=0.0053  pred=0.0006  sigreg=0.0470  lr=1.49e-05
  E036 S0640 | total=0.0055  pred=0.0007  sigreg=0.0483  lr=1.49e-05

  ?? Epoch  36/40 ??
     Train: total=0.0057  pred=0.0007  sigreg=0.0495
     Val:   total=0.0166  pred=0.0003  sigreg=0.1630
     LR: 1.49e-05

  E037 S0000 | total=0.0057  pred=0.0006  sigreg=0.0502  lr=9.56e-06
  E037 S0020 | total=0.0064  pred=0.0010  sigreg=0.0537  lr=9.56e-06
  E037 S0040 | total=0.0054  pred=0.0006  sigreg=0.0484  lr=9.56e-06
  E037 S0060 | total=0.0056  pred=0.0007  sigreg=0.0486  lr=9.56e-06
  E037 S0080 | total=0.0056  pred=0.0006  sigreg=0.0500  lr=9.56e-06
  E037 S0100 | total=0.0055  pred=0.0005  sigreg=0.0495  lr=9.56e-06
  E037 S0120 | total=0.0057  pred=0.0005  sigreg=0.0517  lr=9.56e-06
  E037 S0140 | total=0.0056  pred=0.0005  sigreg=0.0508  lr=9.56e-06
  E037 S0160 | total=0.0055  pred=0.0007  sigreg=0.0479  lr=9.56e-06
  E037 S0180 | total=0.0055  pred=0.0008  sigreg=0.0469  lr=9.56e-06
  E037 S0200 | total=0.0053  pred=0.0006  sigreg=0.0470  lr=9.56e-06
  E037 S0220 | total=0.0055  pred=0.0006  sigreg=0.0486  lr=9.56e-06
  E037 S0240 | total=0.0058  pred=0.0006  sigreg=0.0521  lr=9.56e-06
  E037 S0260 | total=0.0059  pred=0.0007  sigreg=0.0524  lr=9.56e-06
  E037 S0280 | total=0.0057  pred=0.0008  sigreg=0.0491  lr=9.56e-06
  E037 S0300 | total=0.0056  pred=0.0009  sigreg=0.0469  lr=9.56e-06
  E037 S0320 | total=0.0057  pred=0.0007  sigreg=0.0498  lr=9.56e-06
  E037 S0340 | total=0.0056  pred=0.0005  sigreg=0.0511  lr=9.56e-06
  E037 S0360 | total=0.0054  pred=0.0006  sigreg=0.0484  lr=9.56e-06
  E037 S0380 | total=0.0058  pred=0.0008  sigreg=0.0505  lr=9.56e-06
  E037 S0400 | total=0.0057  pred=0.0008  sigreg=0.0489  lr=9.56e-06
  E037 S0420 | total=0.0056  pred=0.0007  sigreg=0.0487  lr=9.56e-06
  E037 S0440 | total=0.0059  pred=0.0008  sigreg=0.0519  lr=9.56e-06
  E037 S0460 | total=0.0059  pred=0.0007  sigreg=0.0523  lr=9.56e-06
  E037 S0480 | total=0.0056  pred=0.0007  sigreg=0.0487  lr=9.56e-06
  E037 S0500 | total=0.0057  pred=0.0008  sigreg=0.0497  lr=9.56e-06
  E037 S0520 | total=0.0057  pred=0.0008  sigreg=0.0491  lr=9.56e-06
  E037 S0540 | total=0.0058  pred=0.0008  sigreg=0.0500  lr=9.56e-06
  E037 S0560 | total=0.0060  pred=0.0007  sigreg=0.0532  lr=9.56e-06
  E037 S0580 | total=0.0056  pred=0.0007  sigreg=0.0494  lr=9.56e-06
  E037 S0600 | total=0.0057  pred=0.0007  sigreg=0.0494  lr=9.56e-06
  E037 S0620 | total=0.0053  pred=0.0006  sigreg=0.0472  lr=9.56e-06
  E037 S0640 | total=0.0056  pred=0.0006  sigreg=0.0494  lr=9.56e-06

  ?? Epoch  37/40 ??
     Train: total=0.0057  pred=0.0008  sigreg=0.0495
     Val:   total=0.0163  pred=0.0003  sigreg=0.1603
     LR: 9.56e-06

  E038 S0000 | total=0.0053  pred=0.0007  sigreg=0.0466  lr=5.41e-06
  E038 S0020 | total=0.0057  pred=0.0006  sigreg=0.0509  lr=5.41e-06
  E038 S0040 | total=0.0056  pred=0.0008  sigreg=0.0482  lr=5.41e-06
  E038 S0060 | total=0.0057  pred=0.0007  sigreg=0.0493  lr=5.41e-06
  E038 S0080 | total=0.0055  pred=0.0007  sigreg=0.0473  lr=5.41e-06
  E038 S0100 | total=0.0055  pred=0.0006  sigreg=0.0496  lr=5.41e-06
  E038 S0120 | total=0.0057  pred=0.0007  sigreg=0.0493  lr=5.41e-06
  E038 S0140 | total=0.0060  pred=0.0010  sigreg=0.0507  lr=5.41e-06
  E038 S0160 | total=0.0059  pred=0.0006  sigreg=0.0528  lr=5.41e-06
  E038 S0180 | total=0.0060  pred=0.0009  sigreg=0.0508  lr=5.41e-06
  E038 S0200 | total=0.0057  pred=0.0007  sigreg=0.0495  lr=5.41e-06
  E038 S0220 | total=0.0057  pred=0.0009  sigreg=0.0480  lr=5.41e-06
  E038 S0240 | total=0.0056  pred=0.0008  sigreg=0.0478  lr=5.41e-06
  E038 S0260 | total=0.0056  pred=0.0006  sigreg=0.0497  lr=5.41e-06
  E038 S0280 | total=0.0054  pred=0.0008  sigreg=0.0463  lr=5.41e-06
  E038 S0300 | total=0.0056  pred=0.0008  sigreg=0.0479  lr=5.41e-06
  E038 S0320 | total=0.0054  pred=0.0008  sigreg=0.0459  lr=5.41e-06
  E038 S0340 | total=0.0054  pred=0.0006  sigreg=0.0480  lr=5.41e-06
  E038 S0360 | total=0.0055  pred=0.0006  sigreg=0.0489  lr=5.41e-06
  E038 S0380 | total=0.0054  pred=0.0007  sigreg=0.0469  lr=5.41e-06
  E038 S0400 | total=0.0057  pred=0.0008  sigreg=0.0490  lr=5.41e-06
  E038 S0420 | total=0.0053  pred=0.0007  sigreg=0.0465  lr=5.41e-06
  E038 S0440 | total=0.0058  pred=0.0007  sigreg=0.0512  lr=5.41e-06
  E038 S0460 | total=0.0056  pred=0.0006  sigreg=0.0496  lr=5.41e-06
  E038 S0480 | total=0.0062  pred=0.0009  sigreg=0.0532  lr=5.41e-06
  E038 S0500 | total=0.0054  pred=0.0007  sigreg=0.0478  lr=5.41e-06
  E038 S0520 | total=0.0055  pred=0.0006  sigreg=0.0488  lr=5.41e-06
  E038 S0540 | total=0.0055  pred=0.0008  sigreg=0.0462  lr=5.41e-06
  E038 S0560 | total=0.0056  pred=0.0007  sigreg=0.0491  lr=5.41e-06
  E038 S0580 | total=0.0055  pred=0.0006  sigreg=0.0495  lr=5.41e-06
  E038 S0600 | total=0.0060  pred=0.0006  sigreg=0.0534  lr=5.41e-06
  E038 S0620 | total=0.0055  pred=0.0007  sigreg=0.0485  lr=5.41e-06
  E038 S0640 | total=0.0053  pred=0.0006  sigreg=0.0468  lr=5.41e-06

  ?? Epoch  38/40 ??
     Train: total=0.0057  pred=0.0007  sigreg=0.0495
     Val:   total=0.0147  pred=0.0001  sigreg=0.1452
     LR: 5.41e-06

  E039 S0000 | total=0.0058  pred=0.0006  sigreg=0.0523  lr=2.41e-06
  E039 S0020 | total=0.0054  pred=0.0007  sigreg=0.0475  lr=2.41e-06
  E039 S0040 | total=0.0056  pred=0.0008  sigreg=0.0475  lr=2.41e-06
  E039 S0060 | total=0.0061  pred=0.0008  sigreg=0.0528  lr=2.41e-06
  E039 S0080 | total=0.0055  pred=0.0007  sigreg=0.0484  lr=2.41e-06
  E039 S0100 | total=0.0063  pred=0.0008  sigreg=0.0550  lr=2.41e-06
  E039 S0120 | total=0.0053  pred=0.0006  sigreg=0.0474  lr=2.41e-06
  E039 S0140 | total=0.0058  pred=0.0008  sigreg=0.0504  lr=2.41e-06
  E039 S0160 | total=0.0056  pred=0.0007  sigreg=0.0489  lr=2.41e-06
  E039 S0180 | total=0.0053  pred=0.0006  sigreg=0.0475  lr=2.41e-06
  E039 S0200 | total=0.0055  pred=0.0008  sigreg=0.0470  lr=2.41e-06
  E039 S0220 | total=0.0055  pred=0.0007  sigreg=0.0478  lr=2.41e-06
  E039 S0240 | total=0.0057  pred=0.0007  sigreg=0.0504  lr=2.41e-06
  E039 S0260 | total=0.0058  pred=0.0007  sigreg=0.0507  lr=2.41e-06
  E039 S0280 | total=0.0056  pred=0.0005  sigreg=0.0510  lr=2.41e-06
  E039 S0300 | total=0.0055  pred=0.0005  sigreg=0.0498  lr=2.41e-06
  E039 S0320 | total=0.0060  pred=0.0009  sigreg=0.0508  lr=2.41e-06
  E039 S0340 | total=0.0062  pred=0.0009  sigreg=0.0523  lr=2.41e-06
  E039 S0360 | total=0.0059  pred=0.0009  sigreg=0.0498  lr=2.41e-06
  E039 S0380 | total=0.0056  pred=0.0007  sigreg=0.0494  lr=2.41e-06
  E039 S0400 | total=0.0056  pred=0.0005  sigreg=0.0506  lr=2.41e-06
  E039 S0420 | total=0.0057  pred=0.0008  sigreg=0.0497  lr=2.41e-06
  E039 S0440 | total=0.0059  pred=0.0006  sigreg=0.0527  lr=2.41e-06
  E039 S0460 | total=0.0061  pred=0.0010  sigreg=0.0506  lr=2.41e-06
  E039 S0480 | total=0.0055  pred=0.0005  sigreg=0.0495  lr=2.41e-06
  E039 S0500 | total=0.0056  pred=0.0009  sigreg=0.0469  lr=2.41e-06
  E039 S0520 | total=0.0058  pred=0.0009  sigreg=0.0490  lr=2.41e-06
  E039 S0540 | total=0.0056  pred=0.0005  sigreg=0.0510  lr=2.41e-06
  E039 S0560 | total=0.0057  pred=0.0008  sigreg=0.0498  lr=2.41e-06
  E039 S0580 | total=0.0058  pred=0.0007  sigreg=0.0507  lr=2.41e-06
  E039 S0600 | total=0.0057  pred=0.0008  sigreg=0.0496  lr=2.41e-06
  E039 S0620 | total=0.0055  pred=0.0006  sigreg=0.0492  lr=2.41e-06
  E039 S0640 | total=0.0057  pred=0.0007  sigreg=0.0501  lr=2.41e-06

  ?? Epoch  39/40 ??
     Train: total=0.0057  pred=0.0007  sigreg=0.0495
     Val:   total=0.0158  pred=0.0002  sigreg=0.1562
     LR: 2.41e-06

  E040 S0000 | total=0.0052  pred=0.0007  sigreg=0.0450  lr=6.04e-07
  E040 S0020 | total=0.0056  pred=0.0007  sigreg=0.0490  lr=6.04e-07
  E040 S0040 | total=0.0056  pred=0.0007  sigreg=0.0488  lr=6.04e-07
  E040 S0060 | total=0.0055  pred=0.0006  sigreg=0.0487  lr=6.04e-07
  E040 S0080 | total=0.0054  pred=0.0007  sigreg=0.0479  lr=6.04e-07
  E040 S0100 | total=0.0053  pred=0.0007  sigreg=0.0463  lr=6.04e-07
  E040 S0120 | total=0.0058  pred=0.0007  sigreg=0.0504  lr=6.04e-07
  E040 S0140 | total=0.0054  pred=0.0008  sigreg=0.0462  lr=6.04e-07
  E040 S0160 | total=0.0052  pred=0.0005  sigreg=0.0477  lr=6.04e-07
  E040 S0180 | total=0.0056  pred=0.0006  sigreg=0.0503  lr=6.04e-07
  E040 S0200 | total=0.0054  pred=0.0007  sigreg=0.0466  lr=6.04e-07
  E040 S0220 | total=0.0059  pred=0.0007  sigreg=0.0518  lr=6.04e-07
  E040 S0240 | total=0.0057  pred=0.0008  sigreg=0.0481  lr=6.04e-07
  E040 S0260 | total=0.0057  pred=0.0007  sigreg=0.0500  lr=6.04e-07
  E040 S0280 | total=0.0056  pred=0.0006  sigreg=0.0498  lr=6.04e-07
  E040 S0300 | total=0.0059  pred=0.0006  sigreg=0.0530  lr=6.04e-07
  E040 S0320 | total=0.0059  pred=0.0008  sigreg=0.0516  lr=6.04e-07
  E040 S0340 | total=0.0056  pred=0.0005  sigreg=0.0516  lr=6.04e-07
  E040 S0360 | total=0.0055  pred=0.0007  sigreg=0.0486  lr=6.04e-07
  E040 S0380 | total=0.0055  pred=0.0007  sigreg=0.0483  lr=6.04e-07
  E040 S0400 | total=0.0056  pred=0.0006  sigreg=0.0499  lr=6.04e-07
  E040 S0420 | total=0.0053  pred=0.0007  sigreg=0.0463  lr=6.04e-07
  E040 S0440 | total=0.0058  pred=0.0009  sigreg=0.0489  lr=6.04e-07
  E040 S0460 | total=0.0057  pred=0.0005  sigreg=0.0513  lr=6.04e-07
  E040 S0480 | total=0.0058  pred=0.0007  sigreg=0.0515  lr=6.04e-07
  E040 S0500 | total=0.0057  pred=0.0006  sigreg=0.0504  lr=6.04e-07
  E040 S0520 | total=0.0056  pred=0.0007  sigreg=0.0486  lr=6.04e-07
  E040 S0540 | total=0.0057  pred=0.0008  sigreg=0.0497  lr=6.04e-07
  E040 S0560 | total=0.0055  pred=0.0009  sigreg=0.0456  lr=6.04e-07
  E040 S0580 | total=0.0056  pred=0.0007  sigreg=0.0490  lr=6.04e-07
  E040 S0600 | total=0.0053  pred=0.0005  sigreg=0.0484  lr=6.04e-07
  E040 S0620 | total=0.0059  pred=0.0008  sigreg=0.0512  lr=6.04e-07
  E040 S0640 | total=0.0055  pred=0.0007  sigreg=0.0486  lr=6.04e-07

  ?? Epoch  40/40 ??
     Train: total=0.0057  pred=0.0007  sigreg=0.0495
     Val:   total=0.0156  pred=0.0002  sigreg=0.1538
     LR: 6.04e-07

  Checkpoint saved [final epoch=0.0156]

============================================================
Training complete.
  Best val loss: 0.0145 at epoch 33
  Checkpoint:    ./experiments/checkpoints_long/gold/best_model.pt
  Loss history:  ./experiments/checkpoints_long/gold/loss_history.json
============================================================
