
######################################################################
# RETRAIN-LONG  [USDJPY]  epochs=20
######################################################################
[usdjpy] building long history 2020-01-01 -> 2026-07-01
  (1/2) H1 price from Dukascopy ...
    usdjpy 2020-01-01 -> 2020-03-31: 1519 bars
    usdjpy 2020-03-31 -> 2020-06-29: 1537 bars
    usdjpy 2020-06-29 -> 2020-09-27: 1554 bars
    usdjpy 2020-09-27 -> 2020-12-26: 1546 bars
    usdjpy 2020-12-26 -> 2021-03-26: 1519 bars
    usdjpy 2021-03-26 -> 2021-06-24: 1537 bars
    usdjpy 2021-06-24 -> 2021-09-22: 1537 bars
    usdjpy 2021-09-22 -> 2021-12-21: 1536 bars
    usdjpy 2021-12-21 -> 2022-03-21: 1538 bars
    usdjpy 2022-03-21 -> 2022-06-19: 1554 bars
    usdjpy 2022-06-19 -> 2022-09-17: 1560 bars
    usdjpy 2022-09-17 -> 2022-12-16: 1542 bars
    usdjpy 2022-12-16 -> 2023-03-16: 1538 bars
    usdjpy 2023-03-16 -> 2023-06-14: 1537 bars
    usdjpy 2023-06-14 -> 2023-09-12: 1537 bars
    usdjpy 2023-09-12 -> 2023-12-11: 1536 bars
    usdjpy 2023-12-11 -> 2024-03-10: 1516 bars
    usdjpy 2024-03-10 -> 2024-06-08: 1560 bars
    usdjpy 2024-06-08 -> 2024-09-06: 1543 bars
    usdjpy 2024-09-06 -> 2024-12-05: 1536 bars
    usdjpy 2024-12-05 -> 2025-03-05: 1498 bars
    usdjpy 2025-03-05 -> 2025-06-03: 1538 bars
    usdjpy 2025-06-03 -> 2025-09-01: 1537 bars
    usdjpy 2025-09-01 -> 2025-11-30: 1554 bars
    usdjpy 2025-11-30 -> 2026-02-28: 1521 bars
    usdjpy 2026-02-28 -> 2026-05-29: 1542 bars
    usdjpy 2026-05-29 -> 2026-07-01:  553 bars
        40,507 H1 bars  2020-01-01 22:00:00+00:00 -> 2026-07-01 03:00:00+00:00
  (2/2) daily macro from Yahoo, ffill to H1 grid ...
  saved -> data\cache\long\usdjpy_h1_2020-01-01_2026-07-01.parquet  (40,507 rows x 9 cols)

[2/5] Computing 52 features...
  Computing Group A: Returns...
  Computing Group B: Volatility...
  Computing Group C: Momentum/Trend...
  Computing Group D: Price Structure...
  Computing Group E: Session/Time...
  Computing Group F: Macro (usdjpy)...

  Feature matrix shape: (40257, 52)
  NaN count after cleanup: 0
  Timestamp range: 2020-01-16 08:00:00+00:00 -> 2026-07-01 03:00:00+00:00
  After warm-up trim: (40257, 52)

[3/5] Building action vectors...
  Action shape: (40257, 5)  (5 macro signals per bar)

[4/5] Applying rolling z-score normalization...
  Clipped 7,829 values beyond +-5 sigma
  Normalized stats: mean=-0.0044  std=1.0211

[5/5] Creating walk-forward train/val/test splits...
  Using date-based splits: train_end=2022-12-31, val_end=2023-12-31
  Train: 18,480 bars  (2020-01-16 -> 2022-12-30)
  Val:   6,225 bars  (2023-01-01 -> 2023-12-29)
  Test:  15,552 bars  (2024-01-01 -> 2026-07-01)
  MarketWindowDataset: 18480 bars -> 18431 samples (lookback=48, stride=1, history_len=3)
  MarketWindowDataset: 6225 bars -> 1544 samples (lookback=48, stride=4, history_len=3)
  MarketWindowDataset: 15552 bars -> 15503 samples (lookback=48, stride=1, history_len=3)

----------------------------------------
Pipeline complete.
  Train samples: 18,431
  Val samples:   1,544
  Test samples:  15,503
  Feature dim:   52
  Action dim:    5
  Lookback:      48 bars
----------------------------------------
============================================================
MarketWorldModel - O1 Training  [USDJPY]
Log: ./experiments/retrain_long_usdjpy.log
============================================================

Device: cpu

[DATA]
  Using caller-supplied pre-built dataset (skipping fetch/build)
Train batches per epoch: 288
Val   batches per epoch: 13

[MODELS]

Building MarketEncoder:
  PatchEmbedding: 48 bars ? 52 features -> 12 patches ? 128 dims (patch_dim=208)
  CLS token: shape (1, 1, 128)
  Positional encoding: 13 positions ? 128 dims
  Transformer: 4 layers ? 4 heads ? 128 dims
  Projection: 128 -> 256 -> 128 (z_dim)

  Total parameters:     888,448
  Trainable parameters: 888,448
  CausalPredictor: 1,424,448 parameters  (6 layers ? 4 heads ? 128 dims  history=3  cond_dim=64)

Total trainable parameters: 2,312,896

[TRAINING] 20 epochs
------------------------------------------------------------
  E001 S0000 | total=0.5310  pred=0.5167  sigreg=0.1430  lr=6.00e-05
  E001 S0020 | total=0.1545  pred=0.1391  sigreg=0.1544  lr=6.00e-05
  E001 S0040 | total=0.0886  pred=0.0719  sigreg=0.1667  lr=6.00e-05
  E001 S0060 | total=0.0659  pred=0.0481  sigreg=0.1772  lr=6.00e-05
  E001 S0080 | total=0.0540  pred=0.0356  sigreg=0.1846  lr=6.00e-05
  E001 S0100 | total=0.0494  pred=0.0309  sigreg=0.1853  lr=6.00e-05
  E001 S0120 | total=0.0437  pred=0.0250  sigreg=0.1877  lr=6.00e-05
  E001 S0140 | total=0.0408  pred=0.0219  sigreg=0.1889  lr=6.00e-05
  E001 S0160 | total=0.0388  pred=0.0198  sigreg=0.1898  lr=6.00e-05
  E001 S0180 | total=0.0352  pred=0.0163  sigreg=0.1893  lr=6.00e-05
  E001 S0200 | total=0.0348  pred=0.0161  sigreg=0.1872  lr=6.00e-05
  E001 S0220 | total=0.0345  pred=0.0157  sigreg=0.1881  lr=6.00e-05
  E001 S0240 | total=0.0317  pred=0.0130  sigreg=0.1877  lr=6.00e-05
  E001 S0260 | total=0.0306  pred=0.0120  sigreg=0.1863  lr=6.00e-05
  E001 S0280 | total=0.0308  pred=0.0123  sigreg=0.1849  lr=6.00e-05

  ?? Epoch   1/20 ??
     Train: total=0.0657  pred=0.0475  sigreg=0.1815
     Val:   total=0.0216  pred=0.0022  sigreg=0.1940
     LR: 6.00e-05

  Checkpoint saved [val=0.0216]
  E002 S0000 | total=0.0303  pred=0.0118  sigreg=0.1849  lr=1.20e-04
  E002 S0020 | total=0.0279  pred=0.0097  sigreg=0.1825  lr=1.20e-04
  E002 S0040 | total=0.0283  pred=0.0105  sigreg=0.1784  lr=1.20e-04
  E002 S0060 | total=0.0266  pred=0.0091  sigreg=0.1752  lr=1.20e-04
  E002 S0080 | total=0.0258  pred=0.0087  sigreg=0.1716  lr=1.20e-04
  E002 S0100 | total=0.0267  pred=0.0099  sigreg=0.1680  lr=1.20e-04
  E002 S0120 | total=0.0257  pred=0.0090  sigreg=0.1670  lr=1.20e-04
  E002 S0140 | total=0.0256  pred=0.0095  sigreg=0.1614  lr=1.20e-04
  E002 S0160 | total=0.0249  pred=0.0095  sigreg=0.1534  lr=1.20e-04
  E002 S0180 | total=0.0249  pred=0.0097  sigreg=0.1527  lr=1.20e-04
  E002 S0200 | total=0.0249  pred=0.0101  sigreg=0.1474  lr=1.20e-04
  E002 S0220 | total=0.0238  pred=0.0096  sigreg=0.1426  lr=1.20e-04
  E002 S0240 | total=0.0219  pred=0.0083  sigreg=0.1362  lr=1.20e-04
  E002 S0260 | total=0.0220  pred=0.0091  sigreg=0.1293  lr=1.20e-04
  E002 S0280 | total=0.0206  pred=0.0081  sigreg=0.1249  lr=1.20e-04

  ?? Epoch   2/20 ??
     Train: total=0.0253  pred=0.0095  sigreg=0.1573
     Val:   total=0.0176  pred=0.0022  sigreg=0.1534
     LR: 1.20e-04

  Checkpoint saved [val=0.0176]
  E003 S0000 | total=0.0204  pred=0.0079  sigreg=0.1249  lr=1.80e-04
  E003 S0020 | total=0.0207  pred=0.0087  sigreg=0.1204  lr=1.80e-04
  E003 S0040 | total=0.0193  pred=0.0079  sigreg=0.1140  lr=1.80e-04
  E003 S0060 | total=0.0206  pred=0.0097  sigreg=0.1088  lr=1.80e-04
  E003 S0080 | total=0.0187  pred=0.0084  sigreg=0.1039  lr=1.80e-04
  E003 S0100 | total=0.0175  pred=0.0074  sigreg=0.1013  lr=1.80e-04
  E003 S0120 | total=0.0201  pred=0.0106  sigreg=0.0956  lr=1.80e-04
  E003 S0140 | total=0.0191  pred=0.0091  sigreg=0.1000  lr=1.80e-04
  E003 S0160 | total=0.0186  pred=0.0089  sigreg=0.0972  lr=1.80e-04
  E003 S0180 | total=0.0171  pred=0.0075  sigreg=0.0959  lr=1.80e-04
  E003 S0200 | total=0.0165  pred=0.0077  sigreg=0.0875  lr=1.80e-04
  E003 S0220 | total=0.0168  pred=0.0077  sigreg=0.0911  lr=1.80e-04
  E003 S0240 | total=0.0151  pred=0.0064  sigreg=0.0876  lr=1.80e-04
  E003 S0260 | total=0.0144  pred=0.0060  sigreg=0.0847  lr=1.80e-04
  E003 S0280 | total=0.0164  pred=0.0080  sigreg=0.0838  lr=1.80e-04

  ?? Epoch   3/20 ??
     Train: total=0.0182  pred=0.0083  sigreg=0.0996
     Val:   total=0.0158  pred=0.0018  sigreg=0.1403
     LR: 1.80e-04

  Checkpoint saved [val=0.0158]
  E004 S0000 | total=0.0144  pred=0.0061  sigreg=0.0829  lr=2.40e-04
  E004 S0020 | total=0.0143  pred=0.0060  sigreg=0.0830  lr=2.40e-04
  E004 S0040 | total=0.0153  pred=0.0072  sigreg=0.0811  lr=2.40e-04
  E004 S0060 | total=0.0161  pred=0.0078  sigreg=0.0826  lr=2.40e-04
  E004 S0080 | total=0.0152  pred=0.0071  sigreg=0.0813  lr=2.40e-04
  E004 S0100 | total=0.0151  pred=0.0071  sigreg=0.0809  lr=2.40e-04
  E004 S0120 | total=0.0155  pred=0.0072  sigreg=0.0830  lr=2.40e-04
  E004 S0140 | total=0.0144  pred=0.0059  sigreg=0.0848  lr=2.40e-04
  E004 S0160 | total=0.0156  pred=0.0079  sigreg=0.0768  lr=2.40e-04
  E004 S0180 | total=0.0130  pred=0.0052  sigreg=0.0775  lr=2.40e-04
  E004 S0200 | total=0.0144  pred=0.0063  sigreg=0.0813  lr=2.40e-04
  E004 S0220 | total=0.0135  pred=0.0058  sigreg=0.0769  lr=2.40e-04
  E004 S0240 | total=0.0140  pred=0.0060  sigreg=0.0809  lr=2.40e-04
  E004 S0260 | total=0.0146  pred=0.0065  sigreg=0.0815  lr=2.40e-04
  E004 S0280 | total=0.0131  pred=0.0053  sigreg=0.0783  lr=2.40e-04

  ?? Epoch   4/20 ??
     Train: total=0.0148  pred=0.0068  sigreg=0.0801
     Val:   total=0.0157  pred=0.0016  sigreg=0.1413
     LR: 2.40e-04

  Checkpoint saved [val=0.0157]
  E005 S0000 | total=0.0152  pred=0.0074  sigreg=0.0781  lr=3.00e-04
  E005 S0020 | total=0.0138  pred=0.0064  sigreg=0.0741  lr=3.00e-04
  E005 S0040 | total=0.0177  pred=0.0101  sigreg=0.0758  lr=3.00e-04
  E005 S0060 | total=0.0132  pred=0.0055  sigreg=0.0765  lr=3.00e-04
  E005 S0080 | total=0.0130  pred=0.0051  sigreg=0.0789  lr=3.00e-04
  E005 S0100 | total=0.0142  pred=0.0066  sigreg=0.0764  lr=3.00e-04
  E005 S0120 | total=0.0129  pred=0.0052  sigreg=0.0772  lr=3.00e-04
  E005 S0140 | total=0.0118  pred=0.0044  sigreg=0.0737  lr=3.00e-04
  E005 S0160 | total=0.0117  pred=0.0044  sigreg=0.0735  lr=3.00e-04
  E005 S0180 | total=0.0118  pred=0.0045  sigreg=0.0729  lr=3.00e-04
  E005 S0200 | total=0.0141  pred=0.0068  sigreg=0.0737  lr=3.00e-04
  E005 S0220 | total=0.0134  pred=0.0058  sigreg=0.0763  lr=3.00e-04
  E005 S0240 | total=0.0132  pred=0.0055  sigreg=0.0774  lr=3.00e-04
  E005 S0260 | total=0.0125  pred=0.0046  sigreg=0.0786  lr=3.00e-04
  E005 S0280 | total=0.0124  pred=0.0049  sigreg=0.0755  lr=3.00e-04

  ?? Epoch   5/20 ??
     Train: total=0.0131  pred=0.0056  sigreg=0.0757
     Val:   total=0.0159  pred=0.0012  sigreg=0.1474
     LR: 3.00e-04

  E006 S0000 | total=0.0118  pred=0.0044  sigreg=0.0745  lr=3.00e-04
  E006 S0020 | total=0.0151  pred=0.0078  sigreg=0.0736  lr=3.00e-04
  E006 S0040 | total=0.0116  pred=0.0043  sigreg=0.0734  lr=3.00e-04
  E006 S0060 | total=0.0121  pred=0.0049  sigreg=0.0714  lr=3.00e-04
  E006 S0080 | total=0.0123  pred=0.0048  sigreg=0.0755  lr=3.00e-04
  E006 S0100 | total=0.0119  pred=0.0044  sigreg=0.0742  lr=3.00e-04
  E006 S0120 | total=0.0118  pred=0.0047  sigreg=0.0703  lr=3.00e-04
  E006 S0140 | total=0.0129  pred=0.0055  sigreg=0.0741  lr=3.00e-04
  E006 S0160 | total=0.0114  pred=0.0042  sigreg=0.0713  lr=3.00e-04
  E006 S0180 | total=0.0120  pred=0.0045  sigreg=0.0745  lr=3.00e-04
  E006 S0200 | total=0.0105  pred=0.0033  sigreg=0.0721  lr=3.00e-04
  E006 S0220 | total=0.0109  pred=0.0036  sigreg=0.0728  lr=3.00e-04
  E006 S0240 | total=0.0109  pred=0.0033  sigreg=0.0762  lr=3.00e-04
  E006 S0260 | total=0.0111  pred=0.0037  sigreg=0.0741  lr=3.00e-04
  E006 S0280 | total=0.0112  pred=0.0037  sigreg=0.0752  lr=3.00e-04

  ?? Epoch   6/20 ??
     Train: total=0.0116  pred=0.0043  sigreg=0.0738
     Val:   total=0.0162  pred=0.0010  sigreg=0.1523
     LR: 3.00e-04

  E007 S0000 | total=0.0111  pred=0.0038  sigreg=0.0735  lr=2.97e-04
  E007 S0020 | total=0.0115  pred=0.0043  sigreg=0.0725  lr=2.97e-04
  E007 S0040 | total=0.0110  pred=0.0039  sigreg=0.0715  lr=2.97e-04
  E007 S0060 | total=0.0111  pred=0.0037  sigreg=0.0738  lr=2.97e-04
  E007 S0080 | total=0.0100  pred=0.0027  sigreg=0.0732  lr=2.97e-04
  E007 S0100 | total=0.0108  pred=0.0035  sigreg=0.0731  lr=2.97e-04
  E007 S0120 | total=0.0107  pred=0.0034  sigreg=0.0732  lr=2.97e-04
  E007 S0140 | total=0.0116  pred=0.0041  sigreg=0.0746  lr=2.97e-04
  E007 S0160 | total=0.0112  pred=0.0038  sigreg=0.0740  lr=2.97e-04
  E007 S0180 | total=0.0105  pred=0.0035  sigreg=0.0695  lr=2.97e-04
  E007 S0200 | total=0.0104  pred=0.0028  sigreg=0.0753  lr=2.97e-04
  E007 S0220 | total=0.0103  pred=0.0032  sigreg=0.0708  lr=2.97e-04
  E007 S0240 | total=0.0112  pred=0.0038  sigreg=0.0734  lr=2.97e-04
  E007 S0260 | total=0.0111  pred=0.0037  sigreg=0.0733  lr=2.97e-04
  E007 S0280 | total=0.0095  pred=0.0027  sigreg=0.0685  lr=2.97e-04

  ?? Epoch   7/20 ??
     Train: total=0.0107  pred=0.0034  sigreg=0.0724
     Val:   total=0.0163  pred=0.0011  sigreg=0.1519
     LR: 2.97e-04

  E008 S0000 | total=0.0099  pred=0.0029  sigreg=0.0697  lr=2.87e-04
  E008 S0020 | total=0.0098  pred=0.0028  sigreg=0.0704  lr=2.87e-04
  E008 S0040 | total=0.0102  pred=0.0034  sigreg=0.0682  lr=2.87e-04
  E008 S0060 | total=0.0094  pred=0.0024  sigreg=0.0701  lr=2.87e-04
  E008 S0080 | total=0.0115  pred=0.0044  sigreg=0.0707  lr=2.87e-04
  E008 S0100 | total=0.0099  pred=0.0026  sigreg=0.0722  lr=2.87e-04
  E008 S0120 | total=0.0102  pred=0.0029  sigreg=0.0729  lr=2.87e-04
  E008 S0140 | total=0.0099  pred=0.0026  sigreg=0.0737  lr=2.87e-04
  E008 S0160 | total=0.0103  pred=0.0031  sigreg=0.0718  lr=2.87e-04
  E008 S0180 | total=0.0096  pred=0.0022  sigreg=0.0738  lr=2.87e-04
  E008 S0200 | total=0.0095  pred=0.0025  sigreg=0.0703  lr=2.87e-04
  E008 S0220 | total=0.0092  pred=0.0019  sigreg=0.0725  lr=2.87e-04
  E008 S0240 | total=0.0095  pred=0.0026  sigreg=0.0690  lr=2.87e-04
  E008 S0260 | total=0.0101  pred=0.0027  sigreg=0.0740  lr=2.87e-04
  E008 S0280 | total=0.0100  pred=0.0027  sigreg=0.0726  lr=2.87e-04

  ?? Epoch   8/20 ??
     Train: total=0.0101  pred=0.0029  sigreg=0.0719
     Val:   total=0.0167  pred=0.0006  sigreg=0.1606
     LR: 2.87e-04

  E009 S0000 | total=0.0105  pred=0.0030  sigreg=0.0752  lr=2.71e-04
  E009 S0020 | total=0.0099  pred=0.0027  sigreg=0.0721  lr=2.71e-04
  E009 S0040 | total=0.0101  pred=0.0027  sigreg=0.0738  lr=2.71e-04
  E009 S0060 | total=0.0090  pred=0.0020  sigreg=0.0704  lr=2.71e-04
  E009 S0080 | total=0.0090  pred=0.0017  sigreg=0.0734  lr=2.71e-04
  E009 S0100 | total=0.0101  pred=0.0030  sigreg=0.0712  lr=2.71e-04
  E009 S0120 | total=0.0093  pred=0.0019  sigreg=0.0738  lr=2.71e-04
  E009 S0140 | total=0.0095  pred=0.0023  sigreg=0.0718  lr=2.71e-04
  E009 S0160 | total=0.0090  pred=0.0021  sigreg=0.0689  lr=2.71e-04
  E009 S0180 | total=0.0094  pred=0.0022  sigreg=0.0725  lr=2.71e-04
  E009 S0200 | total=0.0090  pred=0.0020  sigreg=0.0699  lr=2.71e-04
  E009 S0220 | total=0.0088  pred=0.0019  sigreg=0.0692  lr=2.71e-04
  E009 S0240 | total=0.0089  pred=0.0016  sigreg=0.0732  lr=2.71e-04
  E009 S0260 | total=0.0088  pred=0.0017  sigreg=0.0711  lr=2.71e-04
  E009 S0280 | total=0.0088  pred=0.0019  sigreg=0.0699  lr=2.71e-04

  ?? Epoch   9/20 ??
     Train: total=0.0093  pred=0.0021  sigreg=0.0717
     Val:   total=0.0175  pred=0.0012  sigreg=0.1630
     LR: 2.71e-04

  E010 S0000 | total=0.0095  pred=0.0024  sigreg=0.0715  lr=2.50e-04
  E010 S0020 | total=0.0089  pred=0.0018  sigreg=0.0711  lr=2.50e-04
  E010 S0040 | total=0.0091  pred=0.0017  sigreg=0.0740  lr=2.50e-04
  E010 S0060 | total=0.0091  pred=0.0017  sigreg=0.0737  lr=2.50e-04
  E010 S0080 | total=0.0089  pred=0.0018  sigreg=0.0708  lr=2.50e-04
  E010 S0100 | total=0.0088  pred=0.0016  sigreg=0.0717  lr=2.50e-04
  E010 S0120 | total=0.0089  pred=0.0016  sigreg=0.0732  lr=2.50e-04
  E010 S0140 | total=0.0092  pred=0.0016  sigreg=0.0751  lr=2.50e-04
  E010 S0160 | total=0.0086  pred=0.0017  sigreg=0.0693  lr=2.50e-04
  E010 S0180 | total=0.0088  pred=0.0016  sigreg=0.0723  lr=2.50e-04
  E010 S0200 | total=0.0083  pred=0.0013  sigreg=0.0702  lr=2.50e-04
  E010 S0220 | total=0.0088  pred=0.0017  sigreg=0.0710  lr=2.50e-04
  E010 S0240 | total=0.0083  pred=0.0014  sigreg=0.0694  lr=2.50e-04
  E010 S0260 | total=0.0085  pred=0.0014  sigreg=0.0711  lr=2.50e-04
  E010 S0280 | total=0.0091  pred=0.0018  sigreg=0.0730  lr=2.50e-04

  ?? Epoch  10/20 ??
     Train: total=0.0089  pred=0.0018  sigreg=0.0710
     Val:   total=0.0170  pred=0.0006  sigreg=0.1644
     LR: 2.50e-04

  E011 S0000 | total=0.0089  pred=0.0016  sigreg=0.0726  lr=2.25e-04
  E011 S0020 | total=0.0082  pred=0.0015  sigreg=0.0676  lr=2.25e-04
  E011 S0040 | total=0.0090  pred=0.0016  sigreg=0.0738  lr=2.25e-04
  E011 S0060 | total=0.0089  pred=0.0016  sigreg=0.0725  lr=2.25e-04
  E011 S0080 | total=0.0086  pred=0.0016  sigreg=0.0698  lr=2.25e-04
  E011 S0100 | total=0.0089  pred=0.0020  sigreg=0.0694  lr=2.25e-04
  E011 S0120 | total=0.0082  pred=0.0013  sigreg=0.0690  lr=2.25e-04
  E011 S0140 | total=0.0085  pred=0.0015  sigreg=0.0695  lr=2.25e-04
  E011 S0160 | total=0.0089  pred=0.0017  sigreg=0.0713  lr=2.25e-04
  E011 S0180 | total=0.0083  pred=0.0013  sigreg=0.0701  lr=2.25e-04
  E011 S0200 | total=0.0089  pred=0.0017  sigreg=0.0718  lr=2.25e-04
  E011 S0220 | total=0.0087  pred=0.0014  sigreg=0.0726  lr=2.25e-04
  E011 S0240 | total=0.0085  pred=0.0015  sigreg=0.0699  lr=2.25e-04
  E011 S0260 | total=0.0084  pred=0.0013  sigreg=0.0709  lr=2.25e-04
  E011 S0280 | total=0.0084  pred=0.0012  sigreg=0.0711  lr=2.25e-04

  ?? Epoch  11/20 ??
     Train: total=0.0086  pred=0.0015  sigreg=0.0708
     Val:   total=0.0172  pred=0.0006  sigreg=0.1663
     LR: 2.25e-04

  E012 S0000 | total=0.0086  pred=0.0014  sigreg=0.0716  lr=1.96e-04
  E012 S0020 | total=0.0080  pred=0.0011  sigreg=0.0695  lr=1.96e-04
  E012 S0040 | total=0.0083  pred=0.0014  sigreg=0.0685  lr=1.96e-04
  E012 S0060 | total=0.0086  pred=0.0014  sigreg=0.0714  lr=1.96e-04
  E012 S0080 | total=0.0084  pred=0.0012  sigreg=0.0720  lr=1.96e-04
  E012 S0100 | total=0.0085  pred=0.0015  sigreg=0.0701  lr=1.96e-04
  E012 S0120 | total=0.0084  pred=0.0013  sigreg=0.0703  lr=1.96e-04
  E012 S0140 | total=0.0085  pred=0.0013  sigreg=0.0720  lr=1.96e-04
  E012 S0160 | total=0.0087  pred=0.0015  sigreg=0.0726  lr=1.96e-04
  E012 S0180 | total=0.0082  pred=0.0011  sigreg=0.0710  lr=1.96e-04
  E012 S0200 | total=0.0083  pred=0.0013  sigreg=0.0703  lr=1.96e-04
  E012 S0220 | total=0.0082  pred=0.0013  sigreg=0.0691  lr=1.96e-04
  E012 S0240 | total=0.0083  pred=0.0012  sigreg=0.0702  lr=1.96e-04
  E012 S0260 | total=0.0081  pred=0.0012  sigreg=0.0692  lr=1.96e-04
  E012 S0280 | total=0.0086  pred=0.0014  sigreg=0.0728  lr=1.96e-04

  ?? Epoch  12/20 ??
     Train: total=0.0084  pred=0.0013  sigreg=0.0704
     Val:   total=0.0171  pred=0.0006  sigreg=0.1659
     LR: 1.96e-04

  E013 S0000 | total=0.0083  pred=0.0013  sigreg=0.0701  lr=1.66e-04
  E013 S0020 | total=0.0089  pred=0.0014  sigreg=0.0749  lr=1.66e-04
  E013 S0040 | total=0.0087  pred=0.0014  sigreg=0.0722  lr=1.66e-04
  E013 S0060 | total=0.0082  pred=0.0012  sigreg=0.0701  lr=1.66e-04
  E013 S0080 | total=0.0091  pred=0.0019  sigreg=0.0716  lr=1.66e-04
  E013 S0100 | total=0.0081  pred=0.0011  sigreg=0.0701  lr=1.66e-04
  E013 S0120 | total=0.0080  pred=0.0009  sigreg=0.0704  lr=1.66e-04
  E013 S0140 | total=0.0077  pred=0.0012  sigreg=0.0648  lr=1.66e-04
  E013 S0160 | total=0.0080  pred=0.0009  sigreg=0.0714  lr=1.66e-04
  E013 S0180 | total=0.0076  pred=0.0010  sigreg=0.0659  lr=1.66e-04
  E013 S0200 | total=0.0081  pred=0.0012  sigreg=0.0691  lr=1.66e-04
  E013 S0220 | total=0.0079  pred=0.0010  sigreg=0.0690  lr=1.66e-04
  E013 S0240 | total=0.0083  pred=0.0010  sigreg=0.0728  lr=1.66e-04
  E013 S0260 | total=0.0083  pred=0.0013  sigreg=0.0706  lr=1.66e-04
  E013 S0280 | total=0.0082  pred=0.0009  sigreg=0.0729  lr=1.66e-04

  ?? Epoch  13/20 ??
     Train: total=0.0083  pred=0.0012  sigreg=0.0701
     Val:   total=0.0168  pred=0.0004  sigreg=0.1641
     LR: 1.66e-04

  E014 S0000 | total=0.0076  pred=0.0009  sigreg=0.0666  lr=1.34e-04
  E014 S0020 | total=0.0078  pred=0.0009  sigreg=0.0689  lr=1.34e-04
  E014 S0040 | total=0.0087  pred=0.0014  sigreg=0.0726  lr=1.34e-04
  E014 S0060 | total=0.0081  pred=0.0010  sigreg=0.0707  lr=1.34e-04
  E014 S0080 | total=0.0079  pred=0.0012  sigreg=0.0675  lr=1.34e-04
  E014 S0100 | total=0.0079  pred=0.0010  sigreg=0.0696  lr=1.34e-04
  E014 S0120 | total=0.0080  pred=0.0012  sigreg=0.0679  lr=1.34e-04
  E014 S0140 | total=0.0079  pred=0.0008  sigreg=0.0705  lr=1.34e-04
  E014 S0160 | total=0.0077  pred=0.0010  sigreg=0.0669  lr=1.34e-04
  E014 S0180 | total=0.0081  pred=0.0012  sigreg=0.0696  lr=1.34e-04
  E014 S0200 | total=0.0076  pred=0.0011  sigreg=0.0659  lr=1.34e-04
  E014 S0220 | total=0.0076  pred=0.0009  sigreg=0.0677  lr=1.34e-04
  E014 S0240 | total=0.0080  pred=0.0012  sigreg=0.0679  lr=1.34e-04
  E014 S0260 | total=0.0081  pred=0.0012  sigreg=0.0687  lr=1.34e-04
  E014 S0280 | total=0.0081  pred=0.0010  sigreg=0.0707  lr=1.34e-04

  ?? Epoch  14/20 ??
     Train: total=0.0081  pred=0.0011  sigreg=0.0696
     Val:   total=0.0174  pred=0.0004  sigreg=0.1704
     LR: 1.34e-04

  E015 S0000 | total=0.0075  pred=0.0010  sigreg=0.0649  lr=1.04e-04
  E015 S0020 | total=0.0080  pred=0.0009  sigreg=0.0706  lr=1.04e-04
  E015 S0040 | total=0.0079  pred=0.0009  sigreg=0.0701  lr=1.04e-04
  E015 S0060 | total=0.0078  pred=0.0011  sigreg=0.0668  lr=1.04e-04
  E015 S0080 | total=0.0078  pred=0.0010  sigreg=0.0680  lr=1.04e-04
  E015 S0100 | total=0.0084  pred=0.0010  sigreg=0.0734  lr=1.04e-04
  E015 S0120 | total=0.0076  pred=0.0009  sigreg=0.0671  lr=1.04e-04
  E015 S0140 | total=0.0084  pred=0.0012  sigreg=0.0718  lr=1.04e-04
  E015 S0160 | total=0.0076  pred=0.0009  sigreg=0.0666  lr=1.04e-04
  E015 S0180 | total=0.0077  pred=0.0009  sigreg=0.0682  lr=1.04e-04
  E015 S0200 | total=0.0081  pred=0.0009  sigreg=0.0722  lr=1.04e-04
  E015 S0220 | total=0.0080  pred=0.0011  sigreg=0.0690  lr=1.04e-04
  E015 S0240 | total=0.0076  pred=0.0008  sigreg=0.0677  lr=1.04e-04
  E015 S0260 | total=0.0081  pred=0.0009  sigreg=0.0722  lr=1.04e-04
  E015 S0280 | total=0.0081  pred=0.0010  sigreg=0.0709  lr=1.04e-04

  ?? Epoch  15/20 ??
     Train: total=0.0080  pred=0.0010  sigreg=0.0695
     Val:   total=0.0177  pred=0.0005  sigreg=0.1719
     LR: 1.04e-04

  E016 S0000 | total=0.0077  pred=0.0009  sigreg=0.0678  lr=7.50e-05
  E016 S0020 | total=0.0082  pred=0.0011  sigreg=0.0713  lr=7.50e-05
  E016 S0040 | total=0.0081  pred=0.0010  sigreg=0.0704  lr=7.50e-05
  E016 S0060 | total=0.0079  pred=0.0009  sigreg=0.0696  lr=7.50e-05
  E016 S0080 | total=0.0076  pred=0.0010  sigreg=0.0658  lr=7.50e-05
  E016 S0100 | total=0.0080  pred=0.0008  sigreg=0.0712  lr=7.50e-05
  E016 S0120 | total=0.0078  pred=0.0010  sigreg=0.0682  lr=7.50e-05
  E016 S0140 | total=0.0079  pred=0.0010  sigreg=0.0691  lr=7.50e-05
  E016 S0160 | total=0.0079  pred=0.0009  sigreg=0.0696  lr=7.50e-05
  E016 S0180 | total=0.0082  pred=0.0011  sigreg=0.0707  lr=7.50e-05
  E016 S0200 | total=0.0079  pred=0.0009  sigreg=0.0700  lr=7.50e-05
  E016 S0220 | total=0.0077  pred=0.0008  sigreg=0.0686  lr=7.50e-05
  E016 S0240 | total=0.0079  pred=0.0011  sigreg=0.0685  lr=7.50e-05
  E016 S0260 | total=0.0078  pred=0.0011  sigreg=0.0677  lr=7.50e-05
  E016 S0280 | total=0.0078  pred=0.0012  sigreg=0.0663  lr=7.50e-05

  ?? Epoch  16/20 ??
     Train: total=0.0079  pred=0.0010  sigreg=0.0692
     Val:   total=0.0176  pred=0.0003  sigreg=0.1727
     LR: 7.50e-05

  E017 S0000 | total=0.0079  pred=0.0011  sigreg=0.0676  lr=4.96e-05
  E017 S0020 | total=0.0079  pred=0.0008  sigreg=0.0711  lr=4.96e-05
  E017 S0040 | total=0.0075  pred=0.0008  sigreg=0.0673  lr=4.96e-05
  E017 S0060 | total=0.0076  pred=0.0011  sigreg=0.0656  lr=4.96e-05
  E017 S0080 | total=0.0080  pred=0.0010  sigreg=0.0698  lr=4.96e-05
  E017 S0100 | total=0.0078  pred=0.0008  sigreg=0.0707  lr=4.96e-05
  E017 S0120 | total=0.0082  pred=0.0011  sigreg=0.0710  lr=4.96e-05
  E017 S0140 | total=0.0078  pred=0.0008  sigreg=0.0701  lr=4.96e-05
  E017 S0160 | total=0.0081  pred=0.0009  sigreg=0.0720  lr=4.96e-05
  E017 S0180 | total=0.0081  pred=0.0010  sigreg=0.0717  lr=4.96e-05
  E017 S0200 | total=0.0076  pred=0.0010  sigreg=0.0662  lr=4.96e-05
  E017 S0220 | total=0.0077  pred=0.0010  sigreg=0.0673  lr=4.96e-05
  E017 S0240 | total=0.0077  pred=0.0010  sigreg=0.0668  lr=4.96e-05
  E017 S0260 | total=0.0076  pred=0.0008  sigreg=0.0682  lr=4.96e-05
  E017 S0280 | total=0.0082  pred=0.0011  sigreg=0.0708  lr=4.96e-05

  ?? Epoch  17/20 ??
     Train: total=0.0078  pred=0.0009  sigreg=0.0690
     Val:   total=0.0180  pred=0.0003  sigreg=0.1775
     LR: 4.96e-05

  E018 S0000 | total=0.0082  pred=0.0012  sigreg=0.0698  lr=2.86e-05
  E018 S0020 | total=0.0077  pred=0.0009  sigreg=0.0676  lr=2.86e-05
  E018 S0040 | total=0.0080  pred=0.0010  sigreg=0.0701  lr=2.86e-05
  E018 S0060 | total=0.0075  pred=0.0009  sigreg=0.0667  lr=2.86e-05
  E018 S0080 | total=0.0076  pred=0.0009  sigreg=0.0668  lr=2.86e-05
  E018 S0100 | total=0.0075  pred=0.0007  sigreg=0.0678  lr=2.86e-05
  E018 S0120 | total=0.0080  pred=0.0010  sigreg=0.0698  lr=2.86e-05
  E018 S0140 | total=0.0080  pred=0.0010  sigreg=0.0703  lr=2.86e-05
  E018 S0160 | total=0.0079  pred=0.0010  sigreg=0.0696  lr=2.86e-05
  E018 S0180 | total=0.0076  pred=0.0008  sigreg=0.0686  lr=2.86e-05
  E018 S0200 | total=0.0077  pred=0.0010  sigreg=0.0672  lr=2.86e-05
  E018 S0220 | total=0.0078  pred=0.0009  sigreg=0.0693  lr=2.86e-05
  E018 S0240 | total=0.0078  pred=0.0009  sigreg=0.0691  lr=2.86e-05
  E018 S0260 | total=0.0075  pred=0.0008  sigreg=0.0664  lr=2.86e-05
  E018 S0280 | total=0.0083  pred=0.0010  sigreg=0.0727  lr=2.86e-05

  ?? Epoch  18/20 ??
     Train: total=0.0078  pred=0.0009  sigreg=0.0687
     Val:   total=0.0178  pred=0.0002  sigreg=0.1759
     LR: 2.86e-05

  E019 S0000 | total=0.0077  pred=0.0008  sigreg=0.0691  lr=1.30e-05
  E019 S0020 | total=0.0075  pred=0.0009  sigreg=0.0666  lr=1.30e-05
  E019 S0040 | total=0.0074  pred=0.0008  sigreg=0.0664  lr=1.30e-05
  E019 S0060 | total=0.0076  pred=0.0008  sigreg=0.0685  lr=1.30e-05
  E019 S0080 | total=0.0080  pred=0.0010  sigreg=0.0698  lr=1.30e-05
  E019 S0100 | total=0.0074  pred=0.0008  sigreg=0.0651  lr=1.30e-05
  E019 S0120 | total=0.0081  pred=0.0009  sigreg=0.0715  lr=1.30e-05
  E019 S0140 | total=0.0083  pred=0.0012  sigreg=0.0715  lr=1.30e-05
  E019 S0160 | total=0.0074  pred=0.0009  sigreg=0.0654  lr=1.30e-05
  E019 S0180 | total=0.0075  pred=0.0007  sigreg=0.0687  lr=1.30e-05
  E019 S0200 | total=0.0075  pred=0.0008  sigreg=0.0673  lr=1.30e-05
  E019 S0220 | total=0.0077  pred=0.0011  sigreg=0.0660  lr=1.30e-05
  E019 S0240 | total=0.0076  pred=0.0009  sigreg=0.0664  lr=1.30e-05
  E019 S0260 | total=0.0075  pred=0.0007  sigreg=0.0683  lr=1.30e-05
  E019 S0280 | total=0.0085  pred=0.0010  sigreg=0.0757  lr=1.30e-05

  ?? Epoch  19/20 ??
     Train: total=0.0077  pred=0.0009  sigreg=0.0686
     Val:   total=0.0174  pred=0.0002  sigreg=0.1724
     LR: 1.30e-05

  E020 S0000 | total=0.0073  pred=0.0008  sigreg=0.0647  lr=3.28e-06
  E020 S0020 | total=0.0078  pred=0.0010  sigreg=0.0674  lr=3.28e-06
  E020 S0040 | total=0.0073  pred=0.0008  sigreg=0.0659  lr=3.28e-06
  E020 S0060 | total=0.0074  pred=0.0008  sigreg=0.0660  lr=3.28e-06
  E020 S0080 | total=0.0074  pred=0.0007  sigreg=0.0670  lr=3.28e-06
  E020 S0100 | total=0.0075  pred=0.0007  sigreg=0.0673  lr=3.28e-06
  E020 S0120 | total=0.0077  pred=0.0010  sigreg=0.0670  lr=3.28e-06
  E020 S0140 | total=0.0080  pred=0.0009  sigreg=0.0711  lr=3.28e-06
  E020 S0160 | total=0.0077  pred=0.0008  sigreg=0.0697  lr=3.28e-06
  E020 S0180 | total=0.0074  pred=0.0008  sigreg=0.0656  lr=3.28e-06
  E020 S0200 | total=0.0077  pred=0.0009  sigreg=0.0685  lr=3.28e-06
  E020 S0220 | total=0.0079  pred=0.0009  sigreg=0.0704  lr=3.28e-06
  E020 S0240 | total=0.0080  pred=0.0009  sigreg=0.0710  lr=3.28e-06
  E020 S0260 | total=0.0071  pred=0.0008  sigreg=0.0629  lr=3.28e-06
  E020 S0280 | total=0.0083  pred=0.0011  sigreg=0.0722  lr=3.28e-06

  ?? Epoch  20/20 ??
     Train: total=0.0077  pred=0.0009  sigreg=0.0685
     Val:   total=0.0178  pred=0.0002  sigreg=0.1764
     LR: 3.28e-06

  Checkpoint saved [final epoch=0.0178]

============================================================
Training complete.
  Best val loss: 0.0157 at epoch 4
  Checkpoint:    ./experiments/checkpoints_long/usdjpy/best_model.pt
  Loss history:  ./experiments/checkpoints_long/usdjpy/loss_history.json
============================================================

Building MarketEncoder:
  PatchEmbedding: 48 bars ? 52 features -> 12 patches ? 128 dims (patch_dim=208)
  CLS token: shape (1, 1, 128)
  Positional encoding: 13 positions ? 128 dims
  Transformer: 4 layers ? 4 heads ? 128 dims
  Projection: 128 -> 256 -> 128 (z_dim)

  Total parameters:     888,448
  Trainable parameters: 888,448
  CausalPredictor: 1,424,448 parameters  (6 layers ? 4 heads ? 128 dims  history=3  cond_dim=64)

[usdjpy] O3 surprise (long test set):
    extreme_return   ratio=1.40x  r=-0.108  p=9.6e-08
    high_gvz         ratio=1.48x  r=-0.145  p=2.7e-36
    vol_jump         ratio=1.26x  r=-0.079  p=1.5e-07
    extreme_any      ratio=1.43x  r=-0.130  p=2.6e-39
    Spearman(S,vol) rho=0.083 p=2.6e-25
    RECALL=12/50  PRECISION=6/15  (calendar overlap 2024-01-01..2026-06-29)
